MPRINT(EM_DIAGRAM):    data _null_;
MPRINT(EM_DIAGRAM):   call symput('NLDATE', strip(put(date(), NLDATE.)));
MPRINT(EM_DIAGRAM):   call symput('NLTIME', strip(put(datetime(), NLTIME.)));
MPRINT(EM_DIAGRAM):   run;
MPRINT(EM_DIAGRAM):   data _null_;
MPRINT(EM_DIAGRAM):   nldate= sasmsg("sashelp.dmine", "log_date_note", 'N', "October 26, 2018" );
MPRINT(EM_DIAGRAM):   nltime= sasmsg("sashelp.dmine", "log_time_note", 'N', "00:10:02" );
MPRINT(EM_DIAGRAM):   put "*------------------------------------------------------------*";
MPRINT(EM_DIAGRAM):   put "* Report Log";
MPRINT(EM_DIAGRAM):   put nldate;
MPRINT(EM_DIAGRAM):   put nltime;
MPRINT(EM_DIAGRAM):   put "*------------------------------------------------------------*";
MPRINT(EM_DIAGRAM):   run;
*------------------------------------------------------------*
* Report Log
Date:                October 26, 2018
Time:                00:10:02
*------------------------------------------------------------*
MPRINT(EM_DIAGRAM):    filename O0XKAUUJ "J:\JMMORR01\CIS 445\Tutorial 2\My Project\Workspaces\EMWS1\Impt\EMREPORT.out" encoding="UTF-8" NOBOM;
MPRINT(EM_DIAGRAM):   proc printto print=O0XKAUUJ new;
MPRINT(EM_DIAGRAM):   run;
22771      %let _nimpute = 0;
22772      data EMWS1.Impt_RESULT;
MPRINT(EM_DIAGRAM):    data EMWS1.Impt_RESULT;
22773      label NAME = "%sysfunc(sasmsg(sashelp.dmine, meta_name_vlabel,        NOQUOTE))" METHOD = "%sysfunc(sasmsg(sashelp.dmine, rpt_imputemethod_vlabel, NOQUOTE))" IMPUTED = "%sysfunc(sasmsg(sashelp.dmine, rpt_imputedvar_vlabel,   NOQUOTE))" INDICATOR
22773    !  =
22774         "%sysfunc(sasmsg(sashelp.dmine, rpt_indicatorvar_vlabel, NOQUOTE))" VALUE = "%sysfunc(sasmsg(sashelp.dmine, rpt_imputevalue_vlabel,  NOQUOTE))" ROLE = "%sysfunc(sasmsg(sashelp.dmine, meta_role_vlabel,        NOQUOTE))" LEVEL =
22775         "%sysfunc(sasmsg(sashelp.dmine, meta_level_vlabel,       NOQUOTE))" LABEL = "%sysfunc(sasmsg(sashelp.dmine, meta_label_vlabel,       NOQUOTE))" TRAIN = "%sysfunc(sasmsg(sashelp.dmine, rpt_missingcount_vlabel, NOQUOTE, TRAIN))";
MPRINT(EM_DIAGRAM):   label NAME = "Variable Name" METHOD = "Impute Method" IMPUTED = "Imputed Variable" INDICATOR = "Indicator Variable" VALUE = "Impute Value" ROLE = "Role" LEVEL = "Measurement Level" LABEL = "Label" TRAIN = "Number of Missing for 
TRAIN";
22776      set EMWS1.Impt_META(where=(IMPUTED ne '' or (INDICATOR ne '' and TRAIN > 0)) keep=NAME METHOD IMP M VALUE ROLE NMISS LEVEL LABEL rename=(IMP=IMPUTED M=INDICATOR NMISS=TRAIN)) end=eof;
MPRINT(EM_DIAGRAM):   set EMWS1.Impt_META(where=(IMPUTED ne '' or (INDICATOR ne '' and TRAIN > 0)) keep=NAME METHOD IMP M VALUE ROLE NMISS LEVEL LABEL rename=(IMP=IMPUTED M=INDICATOR NMISS=TRAIN)) end=eof;
22777      if eof then call symput('_nimpute', '1');
MPRINT(EM_DIAGRAM):   if eof then call symput('_nimpute', '1');
22778      run;
MPRINT(EM_DIAGRAM):   run;

NOTE: There were 11 observations read from the data set EMWS1.IMPT_META.
      WHERE (IMPUTED not = ' ') or ((INDICATOR not = ' ') and (TRAIN>0));
NOTE: The data set EMWS1.IMPT_RESULT has 11 observations and 9 variables.
NOTE: DATA statement used (Total process time):
      real time           0.12 seconds
      cpu time            0.04 seconds
      

22779      proc print data=EMWS1.Impt_RESULT(obs=500) label noobs;
MPRINT(EM_DIAGRAM):    proc print data=EMWS1.Impt_RESULT(obs=500) label noobs;
22780      title9 "%sysfunc(sasmsg(sashelp.dmine, rpt_imputationsummary_title, NOQUOTE))";
MPRINT(EM_DIAGRAM):   title9 "Imputation Summary";
22781      title10 "%sysfunc(sasmsg(sashelp.dmine, rpt_numberobs_title,         NOQUOTE))";
MPRINT(EM_DIAGRAM):   title10 "Number Of Observations";
MPRINT(EM_DIAGRAM):   run;
22782      run;

NOTE: There were 11 observations read from the data set EMWS1.IMPT_RESULT.
NOTE: The PROCEDURE PRINT printed page 2.
NOTE: PROCEDURE PRINT used (Total process time):
      real time           0.04 seconds
      cpu time            0.01 seconds
      

22783      proc freq data=EMWS1.Impt_RESULT noprint;
MPRINT(EM_DIAGRAM):    proc freq data=EMWS1.Impt_RESULT noprint;
22784      table train /out=WORK.ImptSUMMARY nocum;
MPRINT(EM_DIAGRAM):   table train /out=WORK.ImptSUMMARY nocum;
22785      run;
MPRINT(EM_DIAGRAM):   run;

NOTE: There were 11 observations read from the data set EMWS1.IMPT_RESULT.
NOTE: The data set WORK.IMPTSUMMARY has 11 observations and 3 variables.
NOTE: PROCEDURE FREQ used (Total process time):
      real time           0.03 seconds
      cpu time            0.01 seconds
      

22786      proc sort data=WORK.ImptSUMMARY NOTHREADS;
MPRINT(EM_DIAGRAM):   proc sort data=WORK.ImptSUMMARY NOTHREADS;
22787      by descending TRAIN;
MPRINT(EM_DIAGRAM):   by descending TRAIN;
22788      run;
MPRINT(EM_DIAGRAM):   run;

NOTE: There were 11 observations read from the data set WORK.IMPTSUMMARY.
NOTE: The data set WORK.IMPTSUMMARY has 11 observations and 3 variables.
NOTE: PROCEDURE SORT used (Total process time):
      real time           0.01 seconds
      cpu time            0.01 seconds
      

22789      proc print data=WORK.ImptSUMMARY(obs=100) label;
MPRINT(EM_DIAGRAM):   proc print data=WORK.ImptSUMMARY(obs=100) label;
22790      label COUNT = "%sysfunc(sasmsg(sashelp.dmine, rpt_varcount_vlabel,  NOQUOTE))" PERCENT = "%sysfunc(sasmsg(sashelp.dmine, rpt_varpercent_vlabel,  NOQUOTE))";
MPRINT(EM_DIAGRAM):   label COUNT = "Number of Variables" PERCENT = "Percent of Variables";
22791      title9 ' ';
MPRINT(EM_DIAGRAM):   title9 ' ';
22792      title10 "%sysfunc(sasmsg(sashelp.dmine, rpt_missingvardistribution_title, NOQUOTE))";
MPRINT(EM_DIAGRAM):   title10 "Variable Distribution Training Data";
MPRINT(EM_DIAGRAM):   run;
22793      run;

NOTE: There were 11 observations read from the data set WORK.IMPTSUMMARY.
NOTE: The PROCEDURE PRINT printed page 3.
NOTE: PROCEDURE PRINT used (Total process time):
      real time           0.01 seconds
      cpu time            0.01 seconds
      

22794      data EMWS1.Impt_EMSCOREVAR;
MPRINT(EM_DIAGRAM):    data EMWS1.Impt_EMSCOREVAR;
22795      length Name $32 formula $70 file $200;
MPRINT(EM_DIAGRAM):   length Name $32 formula $70 file $200;
22796      keep NAME Formula file;
MPRINT(EM_DIAGRAM):   keep NAME Formula file;
22797      set EMWS1.Impt_META end=eof;
MPRINT(EM_DIAGRAM):   set EMWS1.Impt_META end=eof;
22798      *set EMWS1.Impt_RESULT end=eof;
MPRINT(EM_DIAGRAM):   *set EMWS1.Impt_RESULT end=eof;
22799      if M ne '' then do;
MPRINT(EM_DIAGRAM):   if M ne '' then do;
22800      NAME= M;
MPRINT(EM_DIAGRAM):   NAME= M;
22801      file="IMPUTECODE\"!!strip(NAME)!!'.sas';
MPRINT(EM_DIAGRAM):   file="IMPUTECODE\"!!strip(NAME)!!'.sas';
22802      output;
MPRINT(EM_DIAGRAM):   output;
22803      end;
MPRINT(EM_DIAGRAM):   end;
22804      if IMP ne '' then do;
MPRINT(EM_DIAGRAM):   if IMP ne '' then do;
22805      NAME= IMP;
MPRINT(EM_DIAGRAM):   NAME= IMP;
22806      file="IMPUTECODE\"!!strip(NAME)!!'.sas';
MPRINT(EM_DIAGRAM):   file="IMPUTECODE\"!!strip(NAME)!!'.sas';
22807      output;
MPRINT(EM_DIAGRAM):   output;
22808      end;
MPRINT(EM_DIAGRAM):   end;
22809      run;
MPRINT(EM_DIAGRAM):   run;

NOTE: Variable formula is uninitialized.
NOTE: There were 13 observations read from the data set EMWS1.IMPT_META.
NOTE: The data set EMWS1.IMPT_EMSCOREVAR has 24 observations and 3 variables.
NOTE: DATA statement used (Total process time):
      real time           0.10 seconds
      cpu time            0.03 seconds
      

MPRINT(EM_DIAGRAM):    proc printto;
MPRINT(EM_DIAGRAM):   run;
