 
                                                                                               
 
 
Variable Summary

          Measurement    Frequency
 Role        Level         Count

INPUT      BINARY            12   
INPUT      INTERVAL          10   
INPUT      NOMINAL            1   
TARGET     BINARY             1   
 
                                                                                               
 
 
Model Events

                                  Number
                   Measurement      of
Target    Event       Level       Levels      Order       Label

 BAD        1        BINARY          2      Descending         
 
                                                                                               
 
 
Predicted and decision variables

Type         Variable    Label

TARGET        BAD                        
PREDICTED     P_BAD1     Predicted: BAD=1
RESIDUAL      R_BAD1     Residual: BAD=1 
PREDICTED     P_BAD0     Predicted: BAD=0
RESIDUAL      R_BAD0     Residual: BAD=0 
FROM          F_BAD      From: BAD       
INTO          I_BAD      Into: BAD       
 
                                                                                               
 
 

The DMREG Procedure

                Model Information

Training Data Set              WORK.EM_DMREG.VIEW
DMDB Catalog                   WORK.REG2_DMDB    
Target Variable                BAD               
Target Measurement Level       Ordinal           
Number of Target Categories    2                 
Error                          MBernoulli        
Link Function                  Logit             
Number of Model Parameters     28                
Number of Observations         2382              


           Target Profile
 
 Ordered                      Total
   Value          BAD     Frequency

       1            1           475
       2            0          1907
 
                                                                                               
 
 

The DMREG Procedure

Newton-Raphson Ridge Optimization

Without Parameter Scaling

Parameter Estimates              28

                                      Optimization Start

Active Constraints                           0  Objective Function                1190.0151875
Max Abs Gradient Element          420.96893367                                                


                                                                                        Ratio
                                                                                      Between
                                                                                       Actual
                                                       Objective   Max Abs                and
                 Function       Active      Objective   Function  Gradient          Predicted
Iter   Restarts     Calls  Constraints       Function     Change   Element   Ridge     Change

   1          0         2            0      702.29024      487.7     134.4       0      0.899
   2          0         3            0      640.66331    61.6269   21.7286       0      1.144
   3          0         4            0      633.56229     7.1010    3.2804       0      1.117
   4          0         5            0      633.26413     0.2982    0.1511       0      1.037
   5          0         6            0      633.26307    0.00106  0.000568       0      1.003
   6          0         7            0      633.26307   2.461E-8  1.324E-8       0      1.000

                                     Optimization Results

Iterations                                   6  Function Calls                               9
Hessian Calls                                7  Active Constraints                           0
Objective Function                633.26306669  Max Abs Gradient Element          1.3241372E-8
Ridge                                        0  Actual Over Pred Change           0.9999896493

Convergence criterion (GCONV=1E-6) satisfied.                                                  


     Likelihood Ratio Test for Global Null Hypothesis: BETA=0
 
     -2 Log Likelihood          Likelihood
  Intercept     Intercept &          Ratio
       Only      Covariates     Chi-Square       DF     Pr > ChiSq

   2380.030        1266.526      1113.5042       27         <.0001


          Type 3 Analysis of Effects
 
                             Wald
Effect           DF    Chi-Square    Pr > ChiSq

IMP_CLAGE         1       22.0449        <.0001
IMP_CLNO          1        4.6806        0.0305
IMP_DEBTINC       1       38.3086        <.0001
IMP_DELINQ        1       97.1979        <.0001
IMP_DEROG         1       25.6853        <.0001
IMP_JOB           5       18.9533        0.0020
IMP_MORTDUE       1        4.4306        0.0353
IMP_NINQ          1       33.5169        <.0001
IMP_REASON        1        0.8036        0.3700
IMP_VALUE         1        9.0709        0.0026
IMP_YOJ           1        4.1293        0.0421
LOAN              1        1.8570        0.1730
M_CLAGE           1        0.0021        0.9635
M_CLNO            1       20.9441        <.0001
M_DEBTINC         1      324.2201        <.0001
M_DELINQ          1        2.7588        0.0967
M_DEROG           1       27.1557        <.0001
M_JOB             1        8.2269        0.0041
M_MORTDUE         1        5.4492        0.0196
M_NINQ            1        0.0001        0.9905
M_REASON          1        0.3668        0.5447
M_VALUE           1       22.0044        <.0001
M_YOJ             1        1.6222        0.2028


                         Analysis of Maximum Likelihood Estimates
 
                                   Standard        Wald              Standardized
Parameter            DF  Estimate     Error  Chi-Square  Pr > ChiSq      Estimate  Exp(Est)

Intercept             1   -0.9427    0.6839        1.90      0.1680                   0.390
IMP_CLAGE             1  -0.00493   0.00105       22.04      <.0001       -0.2362     0.995
IMP_CLNO              1   -0.0187   0.00865        4.68      0.0305       -0.1037     0.981
IMP_DEBTINC           1    0.0794    0.0128       38.31      <.0001        0.3612     1.083
IMP_DELINQ            1    0.8617    0.0874       97.20      <.0001        0.5557     2.367
IMP_DEROG             1    0.5165    0.1019       25.69      <.0001        0.2205     1.676
IMP_JOB     Mgr       1    0.3037    0.2018        2.26      0.1324                   1.355
IMP_JOB     Office    1   -0.6988    0.2128       10.78      0.0010                   0.497
IMP_JOB     Other     1    0.1421    0.1597        0.79      0.3734                   1.153
IMP_JOB     ProfExe   1   -0.3104    0.1954        2.52      0.1122                   0.733
IMP_JOB     Sales     1    0.5379    0.4748        1.28      0.2573                   1.712
IMP_MORTDUE           1  -5.41E-6   2.57E-6        4.43      0.0353       -0.1240     1.000
IMP_NINQ              1    0.2425    0.0419       33.52      <.0001        0.2160     1.274
IMP_REASON  DebtCon   1   -0.0765    0.0853        0.80      0.3700                   0.926
IMP_VALUE             1  5.287E-6  1.755E-6        9.07      0.0026        0.1711     1.000
IMP_YOJ               1   -0.0222    0.0109        4.13      0.0421       -0.0901     0.978
LOAN                  1  -0.00001  7.726E-6        1.86      0.1730       -0.0663     1.000
M_CLAGE     0         1    0.0138    0.3010        0.00      0.9635                   1.014
M_CLNO      0         1   -2.2433    0.4902       20.94      <.0001                   0.106
M_DEBTINC   0         1   -1.4061    0.0781      324.22      <.0001                   0.245
M_DELINQ    0         1    0.5035    0.3031        2.76      0.0967                   1.655
M_DEROG     0         1    1.2014    0.2306       27.16      <.0001                   3.325
M_JOB       0         1    0.8314    0.2899        8.23      0.0041                   2.297
M_MORTDUE   0         1   -0.3545    0.1519        5.45      0.0196                   0.702
M_NINQ      0         1   0.00351    0.2946        0.00      0.9905                   1.004
M_REASON    0         1   -0.1333    0.2201        0.37      0.5447                   0.875
M_VALUE     0         1   -2.1424    0.4567       22.00      <.0001                   0.117
M_YOJ       0         1    0.1916    0.1504        1.62      0.2028                   1.211


           Odds Ratio Estimates
                     
                                     Point
Effect                            Estimate

IMP_CLAGE                            0.995
IMP_CLNO                             0.981
IMP_DEBTINC                          1.083
IMP_DELINQ                           2.367
IMP_DEROG                            1.676
IMP_JOB     Mgr vs Self              1.321
IMP_JOB     Office vs Self           0.485
IMP_JOB     Other vs Self            1.124
IMP_JOB     ProfExe vs Self          0.715
IMP_JOB     Sales vs Self            1.670
IMP_MORTDUE                          1.000
IMP_NINQ                             1.274
IMP_REASON  DebtCon vs HomeImp       0.858
IMP_VALUE                            1.000
IMP_YOJ                              0.978
LOAN                                 1.000
M_CLAGE     0 vs 1                   1.028
M_CLNO      0 vs 1                   0.011
M_DEBTINC   0 vs 1                   0.060
M_DELINQ    0 vs 1                   2.737
M_DEROG     0 vs 1                  11.055
M_JOB       0 vs 1                   5.274
M_MORTDUE   0 vs 1                   0.492
M_NINQ      0 vs 1                   1.007
M_REASON    0 vs 1                   0.766
M_VALUE     0 vs 1                   0.014
M_YOJ       0 vs 1                   1.467
