MPRINT(EM_DIAGRAM):    data _null_;
MPRINT(EM_DIAGRAM):   call symput('NLDATE', strip(put(date(), NLDATE.)));
MPRINT(EM_DIAGRAM):   call symput('NLTIME', strip(put(datetime(), NLTIME.)));
MPRINT(EM_DIAGRAM):   run;
MPRINT(EM_DIAGRAM):   data _null_;
MPRINT(EM_DIAGRAM):   nldate= sasmsg("sashelp.dmine", "log_date_note", 'N', "October 26, 2018" 
);
MPRINT(EM_DIAGRAM):   nltime= sasmsg("sashelp.dmine", "log_time_note", 'N', "00:10:37" );
MPRINT(EM_DIAGRAM):   put "*------------------------------------------------------------*";
MPRINT(EM_DIAGRAM):   put "* Training Log";
MPRINT(EM_DIAGRAM):   put nldate;
MPRINT(EM_DIAGRAM):   put nltime;
MPRINT(EM_DIAGRAM):   put "*------------------------------------------------------------*";
MPRINT(EM_DIAGRAM):   run;
*------------------------------------------------------------*
* Training Log
Date:                October 26, 2018
Time:                00:10:37
*------------------------------------------------------------*
MPRINT(EM_DIAGRAM):    filename O3ERGEDF "J:\JMMORR01\CIS 445\Tutorial 2\My 
Project\Workspaces\EMWS1\Reg2\EMTRAIN.out" encoding="UTF-8" NOBOM;
MPRINT(EM_DIAGRAM):   proc printto print=O3ERGEDF new;
MPRINT(EM_DIAGRAM):   run;
MPRINT(EM_DIAGRAM):    filename _LOG "J:\JMMORR01\CIS 445\Tutorial 2\My 
Project\Workspaces\EMWS1\Reg2\EMLOG.log" encoding="UTF-8" NOBOM;
MPRINT(EM_DIAGRAM):    data _null_;
MPRINT(EM_DIAGRAM):   call symput('NLDATE', strip(put(date(), NLDATE.)));
MPRINT(EM_DIAGRAM):   call symput('NLTIME', strip(put(datetime(), NLTIME.)));
MPRINT(EM_DIAGRAM):   run;
MPRINT(EM_DIAGRAM):   data _null_;
MPRINT(EM_DIAGRAM):   nldate= sasmsg("sashelp.dmine", "log_date_note", 'N', "October 26, 2018" 
);
MPRINT(EM_DIAGRAM):   nltime= sasmsg("sashelp.dmine", "log_time_note", 'N', "00:10:37" );
MPRINT(EM_DIAGRAM):   file _LOG;
MPRINT(EM_DIAGRAM):   put "*------------------------------------------------------------*";
MPRINT(EM_DIAGRAM):   put "User:                jmmorr01";
MPRINT(EM_DIAGRAM):   put nldate;
MPRINT(EM_DIAGRAM):   put nltime;
MPRINT(EM_DIAGRAM):   put "Site:                70080761";
MPRINT(EM_DIAGRAM):   put "Platform:            X64_8PRO";
MPRINT(EM_DIAGRAM):   put "Maintenance Release: 9.04.01M3P062415";
MPRINT(EM_DIAGRAM):   put "EM Version:          14.1";
MPRINT(EM_DIAGRAM):   put "* ";
MPRINT(EM_DIAGRAM):   run;
MPRINT(EM_DIAGRAM):    filename _LOGIN "J:\JMMORR01\CIS 445\Tutorial 2\My 
Project\Workspaces\EMWS1\Reg2\EMTRAIN.log" encoding="UTF-8" NOBOM;
MPRINT(EM_COPYFILE):   data _null_;
MPRINT(EM_COPYFILE):   length line $20000;
MPRINT(EM_COPYFILE):   file _LOG MOD lrecl=20000;
MPRINT(EM_COPYFILE):   fid=fopen("_LOGIN",'i',20000,'v');
MPRINT(EM_COPYFILE):   if fid > 0 then do;
MPRINT(EM_COPYFILE):   do while(^fread(fid));
MPRINT(EM_COPYFILE):   rlen = frlen(fid);
MPRINT(EM_COPYFILE):   rc= fget(fid,line,20000);
MPRINT(EM_COPYFILE):   start = length(line)-length(left(line))+1;
MPRINT(EM_COPYFILE):   line=strip(line);
MPRINT(EM_COPYFILE):   put @start line;
MPRINT(EM_COPYFILE):   end;
MPRINT(EM_COPYFILE):   if fid > 0 then rc=fclose(fid);
MPRINT(EM_COPYFILE):   end;
MPRINT(EM_COPYFILE):   run;
MPRINT(EM_DIAGRAM):  ;
MPRINT(EM_DIAGRAM):   filename _LOGIN;
MPRINT(EM_DIAGRAM):    data _null_;
MPRINT(EM_DIAGRAM):   file _LOG mod;
MPRINT(EM_DIAGRAM):   put _page_;
MPRINT(EM_DIAGRAM):   run;
MPRINT(EM_DIAGRAM):   filename _LOGIN "J:\JMMORR01\CIS 445\Tutorial 2\My 
Project\Workspaces\EMWS1\Reg2\EMSCORE.log" encoding="UTF-8" NOBOM;
MPRINT(EM_DIAGRAM):  ;
MPRINT(EM_DIAGRAM):   data _null_;
MPRINT(EM_DIAGRAM):   file _LOG mod;
MPRINT(EM_DIAGRAM):   put _page_;
MPRINT(EM_DIAGRAM):   run;
MPRINT(EM_DIAGRAM):    filename _LOGIN "J:\JMMORR01\CIS 445\Tutorial 2\My 
Project\Workspaces\EMWS1\Reg2\EMREPORT.log" encoding="UTF-8" NOBOM;
MPRINT(EM_DIAGRAM):  ;
MPRINT(EM_DIAGRAM):   filename _LOGIN;
MPRINT(EM_DIAGRAM):    filename _LOG;
MPRINT(EM_DIAGRAM):    filename _OUT "J:\JMMORR01\CIS 445\Tutorial 2\My 
Project\Workspaces\EMWS1\Reg2\EMOUTPUT.out" encoding="UTF-8" NOBOM;
MPRINT(EM_DIAGRAM):    data _null_;
MPRINT(EM_DIAGRAM):   call symput('NLDATE', strip(put(date(), NLDATE.)));
MPRINT(EM_DIAGRAM):   call symput('NLTIME', strip(put(datetime(), NLTIME.)));
MPRINT(EM_DIAGRAM):   run;
MPRINT(EM_DIAGRAM):   data _null_;
MPRINT(EM_DIAGRAM):   nldate= sasmsg("sashelp.dmine", "log_date_note", 'N', "October 26, 2018" 
);
MPRINT(EM_DIAGRAM):   nltime= sasmsg("sashelp.dmine", "log_time_note", 'N', "00:10:37" );
MPRINT(EM_DIAGRAM):   file _OUT;
MPRINT(EM_DIAGRAM):   put "*------------------------------------------------------------*";
MPRINT(EM_DIAGRAM):   put "User:                jmmorr01";
MPRINT(EM_DIAGRAM):   put nldate;
MPRINT(EM_DIAGRAM):   put nltime;
MPRINT(EM_DIAGRAM):   put "*------------------------------------------------------------*";
MPRINT(EM_DIAGRAM):   put "* Training Output";
MPRINT(EM_DIAGRAM):   put "*------------------------------------------------------------*";
MPRINT(EM_DIAGRAM):   run;
MPRINT(EM_DIAGRAM):    filename _OUTIN "J:\JMMORR01\CIS 445\Tutorial 2\My 
Project\Workspaces\EMWS1\Reg2\EMTRAIN.out" encoding="UTF-8" NOBOM;
MPRINT(EM_DIAGRAM):   ;
MPRINT(EM_COPYFILE):   data _null_;
MPRINT(EM_COPYFILE):   length line $20000;
MPRINT(EM_COPYFILE):   file _OUT MOD lrecl=20000;
MPRINT(EM_COPYFILE):   fid=fopen("_OUTIN",'i',20000,'v');
MPRINT(EM_COPYFILE):   if fid > 0 then do;
MPRINT(EM_COPYFILE):   do while(^fread(fid));
MPRINT(EM_COPYFILE):   rlen = frlen(fid);
MPRINT(EM_COPYFILE):   rc= fget(fid,line,20000);
MPRINT(EM_COPYFILE):   start = length(line)-length(left(line))+1;
MPRINT(EM_COPYFILE):   line=strip(line);
MPRINT(EM_COPYFILE):   put @start line;
MPRINT(EM_COPYFILE):   end;
MPRINT(EM_COPYFILE):   if fid > 0 then rc=fclose(fid);
MPRINT(EM_COPYFILE):   end;
MPRINT(EM_COPYFILE):   run;
MPRINT(EM_DIAGRAM):  ;
MPRINT(EM_DIAGRAM):   filename _OUTIN;
MPRINT(EM_DIAGRAM):    data _null_;
MPRINT(EM_DIAGRAM):   file _OUT mod;
MPRINT(EM_DIAGRAM):   put _page_;
MPRINT(EM_DIAGRAM):   put // "*------------------------------------------------------------*";
MPRINT(EM_DIAGRAM):   put "* Score Output";
MPRINT(EM_DIAGRAM):   put "*------------------------------------------------------------*";
MPRINT(EM_DIAGRAM):   run;
MPRINT(EM_DIAGRAM):    filename _OUTIN "J:\JMMORR01\CIS 445\Tutorial 2\My 
Project\Workspaces\EMWS1\Reg2\EMSCORE.out" encoding="UTF-8" NOBOM;
MPRINT(EM_DIAGRAM):  ;
MPRINT(EM_DIAGRAM):   filename _OUTIN;
MPRINT(EM_DIAGRAM):    data _null_;
MPRINT(EM_DIAGRAM):   file _OUT mod;
MPRINT(EM_DIAGRAM):   put _page_;
MPRINT(EM_DIAGRAM):   put // "*------------------------------------------------------------*";
MPRINT(EM_DIAGRAM):   put "* Report Output";
MPRINT(EM_DIAGRAM):   put "*------------------------------------------------------------*";
MPRINT(EM_DIAGRAM):   run;
MPRINT(EM_DIAGRAM):    filename _OUTIN "J:\JMMORR01\CIS 445\Tutorial 2\My 
Project\Workspaces\EMWS1\Reg2\EMREPORT.out" encoding="UTF-8" NOBOM;
MPRINT(EM_DIAGRAM):  ;
MPRINT(EM_DIAGRAM):   filename _OUTIN;
MPRINT(EM_DIAGRAM):    filename _OUT;
MPRINT(EM_DIAGRAM):    filename _emtool_ 'J:\JMMORR01\CIS 445\Tutorial 2\My 
Project\Workspaces\EMWS1\Reg2\EMRUNSTATUS.xml' encoding="UTF-8" NOBOM;
45335      proc freq data=EMWS1.Reg2_VariableSet noprint;
MPRINT(EM_DIAGRAM):    proc freq data=EMWS1.Reg2_VariableSet noprint;
45336      table ROLE*LEVEL/out=WORK.Reg2META;
MPRINT(EM_DIAGRAM):   table ROLE*LEVEL/out=WORK.Reg2META;
45337      run;
MPRINT(EM_DIAGRAM):   run;

NOTE: There were 24 observations read from the data set EMWS1.REG2_VARIABLESET.
NOTE: The data set WORK.REG2META has 4 observations and 4 variables.
NOTE: PROCEDURE FREQ used (Total process time):
      real time           0.09 seconds
      cpu time            0.01 seconds
      

45338      proc print data=WORK.Reg2META label noobs;
MPRINT(EM_DIAGRAM):   proc print data=WORK.Reg2META label noobs;
45339      var ROLE LEVEL COUNT;
MPRINT(EM_DIAGRAM):   var ROLE LEVEL COUNT;
45340      label ROLE = "%sysfunc(sasmsg(sashelp.dmine, meta_role_vlabel, NOQUOTE))" LEVEL =
45340    ! "%sysfunc(sasmsg(sashelp.dmine, meta_level_vlabel, NOQUOTE))" COUNT =
45340    ! "%sysfunc(sasmsg(sashelp.dmine, rpt_count_vlabel, NOQUOTE))";
MPRINT(EM_DIAGRAM):   label ROLE = "Role" LEVEL = "Measurement Level" COUNT = "Frequency 
Count";
45341      title9 ' ';
MPRINT(EM_DIAGRAM):   title9 ' ';
45342      title10 "%sysfunc(sasmsg(sashelp.dmine, rpt_varSummary_title  , NOQUOTE))";
MPRINT(EM_DIAGRAM):   title10 "Variable Summary";
MPRINT(EM_DIAGRAM):   run;
45343      run;

NOTE: There were 4 observations read from the data set WORK.REG2META.
NOTE: The PROCEDURE PRINT printed page 16.
NOTE: PROCEDURE PRINT used (Total process time):
      real time           0.01 seconds
      cpu time            0.01 seconds
      

45344      title10;
MPRINT(EM_DIAGRAM):   title10;
45345      %let EMNORLEN = %DMNORLEN;
MPRINT(EM_DIAGRAM):   
EMWS1.Impt_TRAIN EMWS1.Impt_TRAIN 
EMWS1.Impt_TRAIN EMWS1.Impt_TRAIN EMWS1 Impt_TRAIN 
EMWS1.Impt_TRAIN EMWS1.Impt_TRAIN 
EMWS1.Impt_TRAIN EMWS1.Impt_TRAIN EMWS1 Impt_TRAIN 
MPRINT(EM_DIAGRAM):    proc dmdb data=EMWS1.Impt_TRAIN 
classout=WORK._DMDBCLASSTARGET(keep=NAME NRAW CRAW LEVEL FREQUENCY NMISSPERCENT);
MPRINT(EM_DIAGRAM):   class BAD(DESC) ;
MPRINT(EM_DIAGRAM):   run;
Executing  SASHELP.EMCORE.EMINFOITERATOR.SCL _INIT >> 
Executing  SASHELP.EMCORE.EMINFOITERATOR.SCL setMetaData >> 
Executing  SASHELP.EMCORE.EMINFOITERATOR.SCL next >> 
Executing  SASHELP.EMCORE.EMINFOITERATOR.SCL next >> 
Executing  SASHELP.EMCORE.EMINFOITERATOR.SCL setMetaData >> 
Executing  SASHELP.EMCORE.EMINFOITERATOR.SCL next >> 
Executing  SASHELP.EMCORE.EMINFOITERATOR.SCL next >> 
Executing  SASHELP.EMCORE.EMINFOITERATOR.SCL _term >> 
MPRINT(EM_DIAGRAM):    data _null_;
MPRINT(EM_DIAGRAM):   set WORK._DMDBCLASSTARGET;
MPRINT(EM_DIAGRAM):   where ^(NRAW eq . and CRAW eq '') and NAME="BAD";
MPRINT(EM_DIAGRAM):   if _N_=1 then call symput('_newevent', strip(LEVEL));
MPRINT(EM_DIAGRAM):   run;
MPRINT(EM_DIAGRAM):   proc sort data=WORK._DMDBCLASSTARGET out=_TEMPCLASS(keep=LEVEL FREQUENCY 
NMISSPERCENT rename=(LEVEL=BAD));
MPRINT(EM_DIAGRAM):   by LEVEL;
MPRINT(EM_DIAGRAM):   where ^(NRAW eq . and CRAW eq '') and NAME="BAD";
MPRINT(EM_DIAGRAM):   run;
MPRINT(EM_DIAGRAM):   data _TEMPCLASS;
MPRINT(EM_DIAGRAM):   set _TEMPCLASS;
MPRINT(EM_DIAGRAM):   NMISSPERCENT= NMISSPERCENT/100;
MPRINT(EM_DIAGRAM):   run;
MPRINT(EM_DIAGRAM):    proc sort data=EMWS1.Ids_BAD_DD out=_sortedDecdata;
MPRINT(EM_DIAGRAM):   by BAD;
MPRINT(EM_DIAGRAM):   run;
MPRINT(EM_DIAGRAM):   data _null_;
MPRINT(EM_DIAGRAM):   merge _TEMPCLASS(in=_a) _sortedDecdata(in=_b);
MPRINT(EM_DIAGRAM):   by BAD;
MPRINT(EM_DIAGRAM):   if (_a and ^_b) or (^_a and _b) then call symput('_emresetDec', '1');
MPRINT(EM_DIAGRAM):   run;
45374      data WORK.Reg2_EVENT(KEEP=VARIABLE LABEL LEVEL EVENT NUMLEVELS ORDER);
MPRINT(EM_DIAGRAM):    data WORK.Reg2_EVENT(KEEP=VARIABLE LABEL LEVEL EVENT NUMLEVELS ORDER);
45375      length ORDER $20;
MPRINT(EM_DIAGRAM):   length ORDER $20;
45376      label VARIABLE = "%sysfunc(sasmsg(sashelp.dmine, rpt_target_vlabel,  NOQUOTE))"
45376    ! EVENT = "%sysfunc(sasmsg(sashelp.dmine, assmt_event_vlabel, NOQUOTE))" NUMLEVELS =
45376    ! "%sysfunc(sasmsg(sashelp.dmine, rpt_numcat_vlabel, NOQUOTE))" LEVEL =
45377         "%sysfunc(sasmsg(sashelp.dmine, meta_level_vlabel, NOQUOTE))" ORDER =
45377    ! "%sysfunc(sasmsg(sashelp.dmine, meta_order_vlabel, NOQUOTE))" LABEL =
45377    ! "%sysfunc(sasmsg(sashelp.dmine, meta_label_vlabel, NOQUOTE))";
MPRINT(EM_DIAGRAM):   label VARIABLE = "Target" EVENT = "Event" NUMLEVELS = "Number of Levels" 
LEVEL = "Measurement Level" ORDER = "Order" LABEL = "Label";
45378      set EMWS1.IDS_BAD_DM( where=(_TYPE_="TARGET"));
MPRINT(EM_DIAGRAM):   set EMWS1.IDS_BAD_DM( where=(_TYPE_="TARGET"));
45379      NumLevels=2;
MPRINT(EM_DIAGRAM):   NumLevels=2;
45380      select(upcase(ORDER));
MPRINT(EM_DIAGRAM):   select(upcase(ORDER));
45381      when('DESC') ORDER = 'Descending';
MPRINT(EM_DIAGRAM):   when('DESC') ORDER = 'Descending';
45382      when('ASC') ORDER = 'Ascending';
MPRINT(EM_DIAGRAM):   when('ASC') ORDER = 'Ascending';
45383      when('FMTDESC') ORDER = 'Formatted Descending';
MPRINT(EM_DIAGRAM):   when('FMTDESC') ORDER = 'Formatted Descending';
45384      when('FMTASC') ORDER = 'Formatted Ascending';
MPRINT(EM_DIAGRAM):   when('FMTASC') ORDER = 'Formatted Ascending';
45385      otherwise ORDER = 'Descending';
MPRINT(EM_DIAGRAM):   otherwise ORDER = 'Descending';
45386      end;
MPRINT(EM_DIAGRAM):   end;
45387      output;
MPRINT(EM_DIAGRAM):   output;
45388      run;
MPRINT(EM_DIAGRAM):   run;

NOTE: There were 1 observations read from the data set EMWS1.IDS_BAD_DM.
      WHERE _TYPE_='TARGET';
NOTE: The data set WORK.REG2_EVENT has 1 observations and 6 variables.
NOTE: DATA statement used (Total process time):
      real time           0.03 seconds
      cpu time            0.01 seconds
      

45389      title9 ' ';
MPRINT(EM_DIAGRAM):   title9 ' ';
45390      proc print data=WORK.Reg2_EVENT noobs label;
MPRINT(EM_DIAGRAM):   proc print data=WORK.Reg2_EVENT noobs label;
45391      var VARIABLE EVENT LEVEL NUMLEVELS ORDER LABEL;
MPRINT(EM_DIAGRAM):   var VARIABLE EVENT LEVEL NUMLEVELS ORDER LABEL;
45392      title9 ' ';
MPRINT(EM_DIAGRAM):   title9 ' ';
45393      title10 "%sysfunc(sasmsg(sashelp.dmine, rpt_modelEvent_title  , NOQUOTE))";
MPRINT(EM_DIAGRAM):   title10 "Model Events";
MPRINT(EM_DIAGRAM):   run;
45394      run;

NOTE: There were 1 observations read from the data set WORK.REG2_EVENT.
NOTE: The PROCEDURE PRINT printed page 17.
NOTE: PROCEDURE PRINT used (Total process time):
      real time           0.01 seconds
      cpu time            0.01 seconds
      

45395      title10;
MPRINT(EM_DIAGRAM):   title10;
"No decisions defined for target "BAD"." 
45396      proc print data = EMWS1.Ids_BAD_DM noobs label;
MPRINT(EM_DIAGRAM):    proc print data = EMWS1.Ids_BAD_DM noobs label;
45397      var _type_ variable label;
MPRINT(EM_DIAGRAM):   var _type_ variable label;
45398      where _type_ ^in('MATRIX', 'DECISION', 'TRAINPRIOR', 'DATAPRIOR', 'DECPRIOR');
MPRINT(EM_DIAGRAM):   where _type_ ^in('MATRIX', 'DECISION', 'TRAINPRIOR', 'DATAPRIOR', 
'DECPRIOR');
45399      label _TYPE_ = "%sysfunc(sasmsg(sashelp.dmine, rpt_type_vlabel,     NOQUOTE))"
45399    ! VARIABLE = "%sysfunc(sasmsg(sashelp.dmine, rpt_variable_vlabel, NOQUOTE))" LABEL =
45399    ! "%sysfunc(sasmsg(sashelp.dmine, meta_label_vlabel, NOQUOTE))";
MPRINT(EM_DIAGRAM):   label _TYPE_ = "Type" VARIABLE = "Variable" LABEL = "Label";
45400      title9 ' ';
MPRINT(EM_DIAGRAM):   title9 ' ';
45401      title10 "%sysfunc(sasmsg(sashelp.dmine, rpt_predDecVars_title  , NOQUOTE))";
MPRINT(EM_DIAGRAM):   title10 "Predicted and decision variables";
MPRINT(EM_DIAGRAM):   run;
45402      run;

NOTE: There were 7 observations read from the data set EMWS1.IDS_BAD_DM.
      WHERE _type_ not in ('DATAPRIOR', 'DECISION', 'DECPRIOR', 'MATRIX', 'TRAINPRIOR');
NOTE: The PROCEDURE PRINT printed page 18.
NOTE: PROCEDURE PRINT used (Total process time):
      real time           0.03 seconds
      cpu time            0.01 seconds
      

45403      title10;
MPRINT(EM_DIAGRAM):   title10;
MPRINT(EM_DIAGRAM):    *------------------------------------------------------------*;
MPRINT(EM_DIAGRAM):   * Reg2: Preparing metadata for Training 
*------------------------------------------------------------*;
MPRINT(EM_DIAGRAM):   data WORK.M3RKE__1;
MPRINT(EM_DIAGRAM):   set WORK.M3RKE__1;
MPRINT(EM_DIAGRAM):   where use = 'Y' or (role = 'INPUT' and use = 'D') ;
MPRINT(EM_DIAGRAM):   if (role = 'REJECTED') then role = 'INPUT';
MPRINT(EM_DIAGRAM):   if use = 'D' then use = 'Y';
MPRINT(EM_DIAGRAM):   run;
45413      data WORK.M3RKE__1;
MPRINT(EM_DIAGRAM):    data WORK.M3RKE__1;
45414      set WORK.M3RKE__1 end=eof;
MPRINT(EM_DIAGRAM):   set WORK.M3RKE__1 end=eof;
45415      output;
MPRINT(EM_DIAGRAM):   output;
45416      if eof then do;
MPRINT(EM_DIAGRAM):   if eof then do;
45417      NAME="";
MPRINT(EM_DIAGRAM):   NAME="";
45418      ROLE="COST";
MPRINT(EM_DIAGRAM):   ROLE="COST";
45419      LEVEL="INTERVAL";
MPRINT(EM_DIAGRAM):   LEVEL="INTERVAL";
45420      TYPE="N";
MPRINT(EM_DIAGRAM):   TYPE="N";
45421      output;
MPRINT(EM_DIAGRAM):   output;
45422      end;
MPRINT(EM_DIAGRAM):   end;
45423      run;
MPRINT(EM_DIAGRAM):   run;

NOTE: There were 24 observations read from the data set WORK.M3RKE__1.
NOTE: The data set WORK.M3RKE__1 has 25 observations and 21 variables.
NOTE: DATA statement used (Total process time):
      real time           0.01 seconds
      cpu time            0.01 seconds
      

NOTE: There were 2 observations read from the data set EMWS1.IDS_BAD_DD.
NOTE: The data set WORK.BAD has 2 observations and 7 variables.
NOTE: There were 2 observations read from the data set EMWS1.IDS_BAD_DD.
NOTE: The data set WORK.BAD has 2 observations and 7 variables.
45424      *------------------------------------------------------------*;
MPRINT(EM_DIAGRAM):    *------------------------------------------------------------*;
45425      * Reg2: Create decision matrix;
MPRINT(EM_DIAGRAM):   * Reg2: Create decision matrix;
45426      *------------------------------------------------------------*;
MPRINT(EM_DIAGRAM):   *------------------------------------------------------------*;
45427      data WORK.BAD;
MPRINT(EM_DIAGRAM):   data WORK.BAD;
45428        length   BAD                              $  32
45429                 COUNT                                8
45430                 DATAPRIOR                            8
45431                 TRAINPRIOR                           8
45432                 DECPRIOR                             8
45433                 DECISION1                            8
45434                 DECISION2                            8
45435                 ;
MPRINT(EM_DIAGRAM):   length BAD $ 32 COUNT 8 DATAPRIOR 8 TRAINPRIOR 8 DECPRIOR 8 DECISION1 8 
DECISION2 8 ;
45436      
45437        label    COUNT="Level Counts"
45438                 DATAPRIOR="Data Proportions"
45439                 TRAINPRIOR="Training Proportions"
45440                 DECPRIOR="Decision Priors"
45441                 DECISION1="1"
45442                 DECISION2="0"
45443                 ;
MPRINT(EM_DIAGRAM):   label COUNT= "Level Counts" DATAPRIOR= "Data Proportions" TRAINPRIOR= 
"Training Proportions" DECPRIOR= "Decision Priors" DECISION1= "1" DECISION2= "0" ;
45444        format   COUNT 10.
45445                 ;
MPRINT(EM_DIAGRAM):   format COUNT 10. ;
45446      BAD="1"; COUNT=1189; DATAPRIOR=0.1994966442953; TRAINPRIOR=0.1994966442953;
45446    ! DECPRIOR=.; DECISION1=1; DECISION2=0;
MPRINT(EM_DIAGRAM):   BAD="1";
MPRINT(EM_DIAGRAM):   COUNT=1189;
MPRINT(EM_DIAGRAM):   DATAPRIOR=0.1994966442953;
MPRINT(EM_DIAGRAM):   TRAINPRIOR=0.1994966442953;
MPRINT(EM_DIAGRAM):   DECPRIOR=.;
MPRINT(EM_DIAGRAM):   DECISION1=1;
MPRINT(EM_DIAGRAM):   DECISION2=0;
45447      output;
MPRINT(EM_DIAGRAM):   output;
45448      BAD="0"; COUNT=4771; DATAPRIOR=0.80050335570469; TRAINPRIOR=0.80050335570469;
45448    ! DECPRIOR=.; DECISION1=0; DECISION2=1;
MPRINT(EM_DIAGRAM):   BAD="0";
MPRINT(EM_DIAGRAM):   COUNT=4771;
MPRINT(EM_DIAGRAM):   DATAPRIOR=0.80050335570469;
MPRINT(EM_DIAGRAM):   TRAINPRIOR=0.80050335570469;
MPRINT(EM_DIAGRAM):   DECPRIOR=.;
MPRINT(EM_DIAGRAM):   DECISION1=0;
MPRINT(EM_DIAGRAM):   DECISION2=1;
45449      output;
MPRINT(EM_DIAGRAM):   output;
45450      ;
MPRINT(EM_DIAGRAM):   ;
45451      run;
MPRINT(EM_DIAGRAM):   run;

NOTE: The data set WORK.BAD has 2 observations and 7 variables.
NOTE: DATA statement used (Total process time):
      real time           0.01 seconds
      cpu time            0.00 seconds
      

45452      proc datasets lib=work nolist;
MPRINT(EM_DIAGRAM):   proc datasets lib=work nolist;
45453      modify BAD(type=PROFIT label=BAD);
MPRINT(EM_DIAGRAM):   modify BAD(type=PROFIT label= BAD);
MPRINT(EM_DIAGRAM):   label DECISION1= '1';
MPRINT(EM_DIAGRAM):   label DECISION2= '0';
MPRINT(EM_DIAGRAM):   run;
45454      label DECISION1= '1';
45455      label DECISION2= '0';
45456      run;

NOTE: MODIFY was successful for WORK.BAD.DATA.
45457      quit;
MPRINT(EM_DIAGRAM):   quit;

NOTE: PROCEDURE DATASETS used (Total process time):
      real time           0.03 seconds
      cpu time            0.01 seconds
      

45458      data EM_DMREG / view=EM_DMREG;
MPRINT(EM_DIAGRAM):   data EM_DMREG / view=EM_DMREG;
45459      set EMWS1.Impt_TRAIN(keep=
45460      BAD IMP_CLAGE IMP_CLNO IMP_DEBTINC IMP_DELINQ IMP_DEROG IMP_JOB IMP_MORTDUE
45461      IMP_NINQ IMP_REASON IMP_VALUE IMP_YOJ LOAN M_CLAGE M_CLNO M_DEBTINC M_DELINQ
45462      M_DEROG M_JOB M_MORTDUE M_NINQ M_REASON M_VALUE M_YOJ );
MPRINT(EM_DIAGRAM):   set EMWS1.Impt_TRAIN(keep= BAD IMP_CLAGE IMP_CLNO IMP_DEBTINC IMP_DELINQ 
IMP_DEROG IMP_JOB IMP_MORTDUE IMP_NINQ IMP_REASON IMP_VALUE IMP_YOJ LOAN M_CLAGE M_CLNO 
M_DEBTINC M_DELINQ M_DEROG M_JOB M_MORTDUE M_NINQ M_REASON M_VALUE M_YOJ );
45463      run;
MPRINT(EM_DIAGRAM):   run;

NOTE: DATA STEP view saved on file WORK.EM_DMREG.
NOTE: A stored DATA STEP view cannot run under a different operating system.
NOTE: View EMWS1.IMPT_TRAIN.VIEW used (Total process time):
      real time           0.04 seconds
      cpu time            0.03 seconds
      
NOTE: DATA statement used (Total process time):
      real time           0.07 seconds
      cpu time            0.06 seconds
      

MPRINT(EM_DIAGRAM):   *------------------------------------------------------------* ;
MPRINT(EM_DIAGRAM):   * Reg2: DMDBClass Macro ;
MPRINT(EM_DIAGRAM):   *------------------------------------------------------------* ;
45464      *------------------------------------------------------------* ;
45465      * Reg2: DMDBClass Macro ;
45466      *------------------------------------------------------------* ;
45467      %macro DMDBClass;
45468          BAD(DESC) IMP_JOB(ASC) IMP_REASON(ASC) M_CLAGE(ASC) M_CLNO(ASC) M_DEBTINC(ASC)
45469         M_DELINQ(ASC) M_DEROG(ASC) M_JOB(ASC) M_MORTDUE(ASC) M_NINQ(ASC) M_REASON(ASC)
45470         M_VALUE(ASC) M_YOJ(ASC)
45471      %mend DMDBClass;
45472      *------------------------------------------------------------* ;
MPRINT(EM_DIAGRAM):   *------------------------------------------------------------* ;
45473      * Reg2: DMDBVar Macro ;
MPRINT(EM_DIAGRAM):   * Reg2: DMDBVar Macro ;
45474      *------------------------------------------------------------* ;
MPRINT(EM_DIAGRAM):   *------------------------------------------------------------* ;
45475      %macro DMDBVar;
45476          IMP_CLAGE IMP_CLNO IMP_DEBTINC IMP_DELINQ IMP_DEROG IMP_MORTDUE IMP_NINQ
45477         IMP_VALUE IMP_YOJ LOAN
45478      %mend DMDBVar;
45479      *------------------------------------------------------------*;
MPRINT(EM_DIAGRAM):   *------------------------------------------------------------*;
45480      * Reg2: Create DMDB;
MPRINT(EM_DIAGRAM):   * Reg2: Create DMDB;
45481      *------------------------------------------------------------*;
MPRINT(EM_DIAGRAM):   *------------------------------------------------------------*;
45482      proc dmdb batch data=WORK.EM_DMREG
45483      dmdbcat=WORK.Reg2_DMDB
45484      maxlevel = 513
45485      ;
MPRINT(EM_DIAGRAM):   proc dmdb batch data=WORK.EM_DMREG dmdbcat=WORK.Reg2_DMDB maxlevel = 513 
;
MPRINT(EM_DIAGRAM):   class
45486      class %DMDBClass;
MPRINT(DMDBCLASS):   BAD(DESC) IMP_JOB(ASC) IMP_REASON(ASC) M_CLAGE(ASC) M_CLNO(ASC) 
M_DEBTINC(ASC) M_DELINQ(ASC) M_DEROG(ASC) M_JOB(ASC) M_MORTDUE(ASC) M_NINQ(ASC) M_REASON(ASC) 
M_VALUE(ASC) M_YOJ(ASC)
MPRINT(EM_DIAGRAM):  ;
MPRINT(EM_DIAGRAM):   var
45487      var %DMDBVar;
MPRINT(DMDBVAR):   IMP_CLAGE IMP_CLNO IMP_DEBTINC IMP_DELINQ IMP_DEROG IMP_MORTDUE IMP_NINQ 
IMP_VALUE IMP_YOJ LOAN
MPRINT(EM_DIAGRAM):  ;
45488      target
45489      BAD
45490      ;
MPRINT(EM_DIAGRAM):   target BAD ;
45491      run;
MPRINT(EM_DIAGRAM):   run;

NOTE: Records processed = 2382   Memory used = 511K.
NOTE: There were 2382 observations read from the data set EMWS1.PART_TRAIN.
NOTE: View WORK.EM_DMREG.VIEW used (Total process time):
      real time           0.09 seconds
      cpu time            0.06 seconds
      
NOTE: There were 2382 observations read from the data set EMWS1.IMPT_TRAIN.
NOTE: There were 2382 observations read from the data set WORK.EM_DMREG.
NOTE: PROCEDURE DMDB used (Total process time):
      real time           0.10 seconds
      cpu time            0.07 seconds
      

MPRINT(EM_DIAGRAM):   quit;
MPRINT(EM_DIAGRAM):   *--- end code ---*;
45492      quit;
45493      *--- end code ---*;

45494      *------------------------------------------------------------*;
MPRINT(EM_DIAGRAM):    *------------------------------------------------------------*;
45495      * Reg2: Run DMREG procedure;
MPRINT(EM_DIAGRAM):   * Reg2: Run DMREG procedure;
45496      *------------------------------------------------------------*;
MPRINT(EM_DIAGRAM):   *------------------------------------------------------------*;
45497      proc dmreg data=EM_DMREG dmdbcat=WORK.Reg2_DMDB
45498      validata = EMWS1.Impt_VALIDATE
45499      outest = EMWS1.Reg2_EMESTIMATE
45500      outterms = EMWS1.Reg2_OUTTERMS
45501      outmap= EMWS1.Reg2_MAPDS namelen=200
45502      ;
MPRINT(EM_DIAGRAM):   proc dmreg data=EM_DMREG dmdbcat=WORK.Reg2_DMDB validata = 
EMWS1.Impt_VALIDATE outest = EMWS1.Reg2_EMESTIMATE outterms = EMWS1.Reg2_OUTTERMS outmap= 
EMWS1.Reg2_MAPDS namelen=200 ;
45503      class
45504      BAD
45505      IMP_JOB
45506      IMP_REASON
45507      M_CLAGE
45508      M_CLNO
45509      M_DEBTINC
45510      M_DELINQ
45511      M_DEROG
45512      M_JOB
45513      M_MORTDUE
45514      M_NINQ
45515      M_REASON
45516      M_VALUE
45517      M_YOJ
45518      ;
MPRINT(EM_DIAGRAM):   class BAD IMP_JOB IMP_REASON M_CLAGE M_CLNO M_DEBTINC M_DELINQ M_DEROG 
M_JOB M_MORTDUE M_NINQ M_REASON M_VALUE M_YOJ ;
45519      model BAD =
45520      IMP_CLAGE
45521      IMP_CLNO
45522      IMP_DEBTINC
45523      IMP_DELINQ
45524      IMP_DEROG
45525      IMP_JOB
45526      IMP_MORTDUE
45527      IMP_NINQ
45528      IMP_REASON
45529      IMP_VALUE
45530      IMP_YOJ
45531      LOAN
45532      M_CLAGE
45533      M_CLNO
45534      M_DEBTINC
45535      M_DELINQ
45536      M_DEROG
45537      M_JOB
45538      M_MORTDUE
45539      M_NINQ
45540      M_REASON
45541      M_VALUE
45542      M_YOJ
45543      /error=binomial link=LOGIT
45544      coding=DEVIATION
45545      nodesignprint
45546      ;
MPRINT(EM_DIAGRAM):   model BAD = IMP_CLAGE IMP_CLNO IMP_DEBTINC IMP_DELINQ IMP_DEROG IMP_JOB 
IMP_MORTDUE IMP_NINQ IMP_REASON IMP_VALUE IMP_YOJ LOAN M_CLAGE M_CLNO M_DEBTINC M_DELINQ 
M_DEROG M_JOB M_MORTDUE M_NINQ M_REASON M_VALUE M_YOJ /error=binomial link=LOGIT 
coding=DEVIATION nodesignprint ;
45547      ;
MPRINT(EM_DIAGRAM):   ;
45548      score data=EMWS1.Impt_TEST
45549      out=_null_
45550      outfit=EMWS1.Reg2_FITTEST
45551      role = TEST
45552      ;
MPRINT(EM_DIAGRAM):   score data=EMWS1.Impt_TEST out=_null_ outfit=EMWS1.Reg2_FITTEST role = 
TEST ;
45553      code file="J:\JMMORR01\CIS 445\Tutorial 2\My
45553    ! Project\Workspaces\EMWS1\Reg2\EMPUBLISHSCORE.sas"
45554      group=Reg2
45555      ;
MPRINT(EM_DIAGRAM):   code file="J:\JMMORR01\CIS 445\Tutorial 2\My 
Project\Workspaces\EMWS1\Reg2\EMPUBLISHSCORE.sas" group=Reg2 ;
45556      code file="J:\JMMORR01\CIS 445\Tutorial 2\My
45556    ! Project\Workspaces\EMWS1\Reg2\EMFLOWSCORE.sas"
45557      group=Reg2
45558      residual
45559      ;
MPRINT(EM_DIAGRAM):   code file="J:\JMMORR01\CIS 445\Tutorial 2\My 
Project\Workspaces\EMWS1\Reg2\EMFLOWSCORE.sas" group=Reg2 residual ;
45560      run;
MPRINT(EM_DIAGRAM):   run;


NOTE: PROC DMREG is modeling the probability that BAD=1.
NOTE: Convergence criterion (GCONV=1E-6) satisfied.
NOTE: External file J:\JMMORR01\CIS 445\Tutorial 2\My 
      Project\Workspaces\EMWS1\Reg2\EMPUBLISHSCORE.sas opened.
NOTE: External file J:\JMMORR01\CIS 445\Tutorial 2\My 
      Project\Workspaces\EMWS1\Reg2\EMFLOWSCORE.sas opened.
NOTE: View EMWS1.IMPT_TEST.VIEW used (Total process time):
      real time           0.34 seconds
      cpu time            0.23 seconds
      
NOTE: There were 1790 observations read from the data set EMWS1.PART_TEST.
NOTE: View EMWS1.IMPT_VALIDATE.VIEW used (Total process time):
      real time           0.53 seconds
      cpu time            0.28 seconds
      
NOTE: There were 1788 observations read from the data set EMWS1.PART_VALIDATE.
NOTE: There were 2382 observations read from the data set EMWS1.PART_TRAIN.
NOTE: View WORK.EM_DMREG.VIEW used (Total process time):
      real time           0.64 seconds
      cpu time            0.36 seconds
      
NOTE: There were 2382 observations read from the data set EMWS1.IMPT_TRAIN.
NOTE: There were 2382 observations read from the data set WORK.EM_DMREG.
NOTE: There were 1788 observations read from the data set EMWS1.IMPT_VALIDATE.
NOTE: There were 1790 observations read from the data set EMWS1.IMPT_TEST.
NOTE: The data set EMWS1.REG2_EMESTIMATE has 3 observations and 62 variables.
NOTE: The data set EMWS1.REG2_OUTTERMS has 28 observations and 6 variables.
NOTE: The data set EMWS1.REG2_MAPDS has 2 observations and 29 variables.
NOTE: The data set EMWS1.REG2_FITTEST has 1 observations and 14 variables.
NOTE: The PROCEDURE DMREG printed pages 19-20.
NOTE: PROCEDURE DMREG used (Total process time):
      real time           0.92 seconds
      cpu time            0.42 seconds
      

MPRINT(EM_DIAGRAM):   quit;
45561      quit;

45562      proc datasets lib=WORK nolist;
MPRINT(EM_DIAGRAM):    proc datasets lib=WORK nolist;
45563      delete Reg2_DMDB;
MPRINT(EM_DIAGRAM):   delete Reg2_DMDB;
45564      run;
MPRINT(EM_DIAGRAM):   run;

NOTE: The file WORK.REG2_DMDB (memtype=DATA) was not found, but appears on a DELETE statement.
45565      quit;
MPRINT(EM_DIAGRAM):   quit;

NOTE: PROCEDURE DATASETS used (Total process time):
      real time           0.03 seconds
      cpu time            0.01 seconds
      

45566      proc datasets lib=WORK nolist;
MPRINT(EM_DIAGRAM):    proc datasets lib=WORK nolist;
45567      delete Reg2_DMDB / memtype=catalog;
MPRINT(EM_DIAGRAM):   delete Reg2_DMDB / memtype=catalog;
45568      run;
MPRINT(EM_DIAGRAM):   run;

NOTE: Deleting WORK.REG2_DMDB (memtype=CATALOG).
45569      quit;
MPRINT(EM_DIAGRAM):   quit;

NOTE: PROCEDURE DATASETS used (Total process time):
      real time           0.01 seconds
      cpu time            0.01 seconds
      

45570      data WORK.ESTIMATE;
MPRINT(EM_DIAGRAM):    data WORK.ESTIMATE;
45571      length _NAME_ $32;
MPRINT(EM_DIAGRAM):   length _NAME_ $32;
45572      set EMWS1.Reg2_EMESTIMATE;
MPRINT(EM_DIAGRAM):   set EMWS1.Reg2_EMESTIMATE;
45573      drop _AIC_--_VMISC_
45574      ;
MPRINT(EM_DIAGRAM):   drop _AIC_--_VMISC_ ;
45575      where _TYPE_ in('PARMS', 'T', 'P');
MPRINT(EM_DIAGRAM):   where _TYPE_ in('PARMS', 'T', 'P');
45576      select(_TYPE_);
MPRINT(EM_DIAGRAM):   select(_TYPE_);
45577      when('PARMS') _NAME_='Coefficient';
MPRINT(EM_DIAGRAM):   when('PARMS') _NAME_='Coefficient';
45578      when('T') _NAME_='tValue';
MPRINT(EM_DIAGRAM):   when('T') _NAME_='tValue';
45579      when('P') _NAME_='PValue';
MPRINT(EM_DIAGRAM):   when('P') _NAME_='PValue';
45580      otherwise;
MPRINT(EM_DIAGRAM):   otherwise;
45581      end;
MPRINT(EM_DIAGRAM):   end;
45582      run;
MPRINT(EM_DIAGRAM):   run;

NOTE: There were 3 observations read from the data set EMWS1.REG2_EMESTIMATE.
      WHERE _TYPE_ in ('P', 'PARMS', 'T');
NOTE: The data set WORK.ESTIMATE has 3 observations and 30 variables.
NOTE: DATA statement used (Total process time):
      real time           0.01 seconds
      cpu time            0.00 seconds
      

45583      proc transpose data=WORK.ESTIMATE out=WORK.ESTIMATE(rename=(_NAME_=Effect));
MPRINT(EM_DIAGRAM):   proc transpose data=WORK.ESTIMATE 
out=WORK.ESTIMATE(rename=(_NAME_=Effect));
45584      run;
MPRINT(EM_DIAGRAM):   run;

NOTE: There were 3 observations read from the data set WORK.ESTIMATE.
NOTE: The data set WORK.ESTIMATE has 28 observations and 5 variables.
NOTE: PROCEDURE TRANSPOSE used (Total process time):
      real time           0.03 seconds
      cpu time            0.00 seconds
      

45585      proc transpose data=EMWS1.Reg2_MAPDS out=WORK.MAP(rename=(_NAME_=Effect
45585    ! INPUT=Variable
45586      ));
MPRINT(EM_DIAGRAM):   proc transpose data=EMWS1.Reg2_MAPDS out=WORK.MAP(rename=(_NAME_=Effect 
INPUT=Variable ));
45587      var 'IMP_CLAGE'n--'M_YOJ0'n;
MPRINT(EM_DIAGRAM):   var 'IMP_CLAGE'n--'M_YOJ0'n;
45588      run;
MPRINT(EM_DIAGRAM):   run;

NOTE: There were 2 observations read from the data set EMWS1.REG2_MAPDS.
NOTE: The data set WORK.MAP has 27 observations and 4 variables.
NOTE: PROCEDURE TRANSPOSE used (Total process time):
      real time           0.03 seconds
      cpu time            0.01 seconds
      

45589      proc sort data=WORK.MAP;
MPRINT(EM_DIAGRAM):   proc sort data=WORK.MAP;
45590      by Effect;
MPRINT(EM_DIAGRAM):   by Effect;
45591      run;
MPRINT(EM_DIAGRAM):   run;

NOTE: There were 27 observations read from the data set WORK.MAP.
NOTE: The data set WORK.MAP has 27 observations and 4 variables.
NOTE: PROCEDURE SORT used (Total process time):
      real time           0.01 seconds
      cpu time            0.01 seconds
      

45592      proc sort data=WORK.ESTIMATE;
MPRINT(EM_DIAGRAM):   proc sort data=WORK.ESTIMATE;
45593      by Effect;
MPRINT(EM_DIAGRAM):   by Effect;
45594      run;
MPRINT(EM_DIAGRAM):   run;

NOTE: There were 28 observations read from the data set WORK.ESTIMATE.
NOTE: The data set WORK.ESTIMATE has 28 observations and 5 variables.
NOTE: PROCEDURE SORT used (Total process time):
      real time           0.01 seconds
      cpu time            0.01 seconds
      

45595      data EMWS1.Reg2_EFFECTS(rename=(_LABEL_=EffectLabel));
MPRINT(EM_DIAGRAM):   data EMWS1.Reg2_EFFECTS(rename=(_LABEL_=EffectLabel));
45596      length Variable ClassLevel $32;
MPRINT(EM_DIAGRAM):   length Variable ClassLevel $32;
45597      merge WORK.ESTIMATE WORK.MAP;
MPRINT(EM_DIAGRAM):   merge WORK.ESTIMATE WORK.MAP;
45598      by Effect;
MPRINT(EM_DIAGRAM):   by Effect;
45599      label Effect = "%sysfunc(sasmsg(sashelp.dmine, rpt_effect_vlabel, NOQUOTE))"
45599    ! Variable = "%sysfunc(sasmsg(sashelp.dmine, rpt_variable_vlabel, NOQUOTE))" Sign =
45599    ! "%sysfunc(sasmsg(sashelp.dmine, rpt_sign_vlabel, NOQUOTE))" ClassLevel =
45600         "%sysfunc(sasmsg(sashelp.dmine, rpt_level_vlabel, NOQUOTE))" Abscoefficient =
45600    ! "%sysfunc(sasmsg(sashelp.dmine, rpt_abscoefficient_vlabel, NOQUOTE))" Coefficient =
45600    ! "%sysfunc(sasmsg(sashelp.dmine, rpt_coefficient_vlabel, NOQUOTE))" _LABEL_ =
45601         "%sysfunc(sasmsg(sashelp.dmine, rpt_effectLabel_vlabel, NOQUOTE))" CODE =
45601    ! "%sysfunc(sasmsg(sashelp.dmine, rpt_scorecodevar_vlabel, NOQUOTE))";
MPRINT(EM_DIAGRAM):   label Effect = "Effect" Variable = "Variable" Sign = "Sign" ClassLevel = 
"Level" Abscoefficient = "Absolute Coefficient" Coefficient = "Coefficient" _LABEL_ = "Effect 
Label" CODE = "Score Code Variable";
45602      label tvalue = "%sysfunc(sasmsg(sashelp.dmine, rpt_tvalue_vlabel,         NOQUOTE))"
45602    !  abstvalue = "%sysfunc(sasmsg(sashelp.dmine, rpt_absoluteTvalue_vlabel, NOQUOTE))"
45602    ! PValue = "%sysfunc(sasmsg(sashelp.dmine, rpt_pvalue_vlabel,         NOQUOTE))";
MPRINT(EM_DIAGRAM):   label tvalue = "T-value" abstvalue = "Absolute T-value" PValue = "P 
Value";
45603      abstvalue = abs(tValue);
MPRINT(EM_DIAGRAM):   abstvalue = abs(tValue);
45604      if index(Effect, 'Intercept') then do;
MPRINT(EM_DIAGRAM):   if index(Effect, 'Intercept') then do;
45605      variable = 'Intercept';
MPRINT(EM_DIAGRAM):   variable = 'Intercept';
45606      classLevel = scan(_LABEL_, 2, '=');
MPRINT(EM_DIAGRAM):   classLevel = scan(_LABEL_, 2, '=');
45607      end;
MPRINT(EM_DIAGRAM):   end;
45608      if ^indexc(variable, '*') then do;
MPRINT(EM_DIAGRAM):   if ^indexc(variable, '*') then do;
45609      if length(effect)>length(variable) then classlevel = substr(Effect,
45609    ! length(variable)+1);
MPRINT(EM_DIAGRAM):   if length(effect)>length(variable) then classlevel = substr(Effect, 
length(variable)+1);
45610      end;
MPRINT(EM_DIAGRAM):   end;
45611      if Effect eq '' then Effect = Variable;
MPRINT(EM_DIAGRAM):   if Effect eq '' then Effect = Variable;
45612      if coefficient < 0 then sign = '-';
MPRINT(EM_DIAGRAM):   if coefficient < 0 then sign = '-';
45613      else sign = '+';
MPRINT(EM_DIAGRAM):   else sign = '+';
45614      abscoefficient = abs(coefficient);
MPRINT(EM_DIAGRAM):   abscoefficient = abs(coefficient);
45615      if _LABEL_ = '' then _LABEL_ = Effect;
MPRINT(EM_DIAGRAM):   if _LABEL_ = '' then _LABEL_ = Effect;
45616      if coefficient ne . then output;
MPRINT(EM_DIAGRAM):   if coefficient ne . then output;
45617      run;
MPRINT(EM_DIAGRAM):   run;

NOTE: There were 28 observations read from the data set WORK.ESTIMATE.
NOTE: There were 27 observations read from the data set WORK.MAP.
NOTE: The data set EMWS1.REG2_EFFECTS has 28 observations and 11 variables.
NOTE: DATA statement used (Total process time):
      real time           0.14 seconds
      cpu time            0.04 seconds
      

45618      proc sort data =EMWS1.Reg2_EFFECTS;
MPRINT(EM_DIAGRAM):    proc sort data =EMWS1.Reg2_EFFECTS;
45619      by
45620      descending abstvalue;
MPRINT(EM_DIAGRAM):   by descending abstvalue;
45621      run;
MPRINT(EM_DIAGRAM):   run;

NOTE: There were 28 observations read from the data set EMWS1.REG2_EFFECTS.
NOTE: The data set EMWS1.REG2_EFFECTS has 28 observations and 11 variables.
NOTE: PROCEDURE SORT used (Total process time):
      real time           0.10 seconds
      cpu time            0.00 seconds
      

45622      data EMWS1.Reg2_EFFECTS;
MPRINT(EM_DIAGRAM):   data EMWS1.Reg2_EFFECTS;
45623      set EMWS1.Reg2_EFFECTS;
MPRINT(EM_DIAGRAM):   set EMWS1.Reg2_EFFECTS;
45624      format TEffectNum 3.;
MPRINT(EM_DIAGRAM):   format TEffectNum 3.;
45625      label TEffectNum = "%sysfunc(sasmsg(sashelp.dmine, rpt_teffectnum_vlabel, NOQUOTE))"
45625    ! ;
MPRINT(EM_DIAGRAM):   label TEffectNum = "TScore Number";
45626      retain TEffectNum;
MPRINT(EM_DIAGRAM):   retain TEffectNum;
45627      TEffectNum = _N_;
MPRINT(EM_DIAGRAM):   TEffectNum = _N_;
45628      run;
MPRINT(EM_DIAGRAM):   run;

NOTE: There were 28 observations read from the data set EMWS1.REG2_EFFECTS.
NOTE: The data set EMWS1.REG2_EFFECTS has 28 observations and 12 variables.
NOTE: DATA statement used (Total process time):
      real time           0.12 seconds
      cpu time            0.06 seconds
      

45629      proc sort data =EMWS1.Reg2_EFFECTS;
MPRINT(EM_DIAGRAM):    proc sort data =EMWS1.Reg2_EFFECTS;
45630      by
45631      descending absCoefficient;
MPRINT(EM_DIAGRAM):   by descending absCoefficient;
45632      run;
MPRINT(EM_DIAGRAM):   run;

NOTE: There were 28 observations read from the data set EMWS1.REG2_EFFECTS.
NOTE: The data set EMWS1.REG2_EFFECTS has 28 observations and 12 variables.
NOTE: PROCEDURE SORT used (Total process time):
      real time           0.12 seconds
      cpu time            0.03 seconds
      

45633      data EMWS1.Reg2_EFFECTS;
MPRINT(EM_DIAGRAM):   data EMWS1.Reg2_EFFECTS;
45634      set EMWS1.Reg2_EFFECTS;
MPRINT(EM_DIAGRAM):   set EMWS1.Reg2_EFFECTS;
45635      format EffectNum 3.;
MPRINT(EM_DIAGRAM):   format EffectNum 3.;
45636      label EffectNum = "%sysfunc(sasmsg(sashelp.dmine, rpt_effectnum_vlabel, NOQUOTE))";
MPRINT(EM_DIAGRAM):   label EffectNum = "Effect Number";
45637      retain EffectNum;
MPRINT(EM_DIAGRAM):   retain EffectNum;
45638      EffectNum = _N_;
MPRINT(EM_DIAGRAM):   EffectNum = _N_;
45639      run;
MPRINT(EM_DIAGRAM):   run;

NOTE: There were 28 observations read from the data set EMWS1.REG2_EFFECTS.
NOTE: The data set EMWS1.REG2_EFFECTS has 28 observations and 13 variables.
NOTE: DATA statement used (Total process time):
      real time           0.10 seconds
      cpu time            0.01 seconds
      

MPRINT(EM_DIAGRAM):    proc printto;
MPRINT(EM_DIAGRAM):   run;
