 
                                                                                                                                                                                                                                                                
 
 
Class Variable Summary Statistics

Data Role=SCORE Output Type=CLASSIFICATION

            Numeric    Formatted    Frequency
Variable     Value       Value        Count      Percent

 I_BAD         .           0           5090      85.4027
 I_BAD         .           1            870      14.5973


Data Role=TEST Output Type=CLASSIFICATION

            Numeric    Formatted    Frequency
Variable     Value       Value        Count      Percent

 I_BAD         .           0           1495      83.5196
 I_BAD         .           1            295      16.4804


Data Role=TRAIN Output Type=CLASSIFICATION

            Numeric    Formatted    Frequency
Variable     Value       Value        Count      Percent

 I_BAD         .           0           2015      84.5928
 I_BAD         .           1            367      15.4072


Data Role=VALIDATE Output Type=CLASSIFICATION

            Numeric    Formatted    Frequency
Variable     Value       Value        Count      Percent

 I_BAD         .           0           1479      82.7181
 I_BAD         .           1            309      17.2819
 
                                                                                                                                                                                                                                                                
 
 
Interval Variable Summary Statistics

Variable Name=P_BAD0

Statistics    Label                   TRAIN    VALIDATE       TEST      SCORE

  MEAN        Mean                     0.80        0.79       0.80       0.81
  STD         Standard Deviation       0.28        0.29       0.28       0.27
  N           Non Missing           2382.00     1788.00    1790.00    5960.00
  MIN         Minimum                  0.00        0.00       0.00       0.00
  P25         25th Percentile          0.74        0.70       0.75       0.78
  MEDIAN      Median                   0.94        0.94       0.94       0.95
  P75         75th Percentile          0.98        0.98       0.98       0.99
  MAX         Maximum                  1.00        1.00       1.00       1.00


Variable Name=P_BAD1

Statistics    Label                   TRAIN    VALIDATE       TEST      SCORE

  MEAN        Mean                     0.20        0.21       0.20       0.19
  STD         Standard Deviation       0.28        0.29       0.28       0.27
  N           Non Missing           2382.00     1788.00    1790.00    5960.00
  MIN         Minimum                  0.00        0.00       0.00       0.00
  P25         25th Percentile          0.02        0.02       0.02       0.01
  MEDIAN      Median                   0.06        0.06       0.06       0.05
  P75         75th Percentile          0.26        0.30       0.25       0.22
  MAX         Maximum                  1.00        1.00       1.00       1.00
