 
                                                                                               
 
 
Variable Summary

          Measurement    Frequency
 Role        Level         Count

TARGET      BINARY           1    
 
                                                                                               
 
 







Fit Statistics
Model Selection based on Valid: Misclassification Rate (_VMISC_)

                                                           Train:                      Valid:
                                             Valid:       Average        Train:       Average
Selected  Model                        Misclassification  Squared  Misclassification  Squared
 Model    Node     Model Description          Rate         Error          Rate         Error

   Y      Tree     Decision Tree            0.11745       0.08329       0.10369       0.09176
          Reg3     Regression (3)           0.11857       0.08413       0.11167       0.08778
          Reg2     Regression (2)           0.11969       0.07791       0.10621       0.08520
          Neural   Neural Network           0.13199       0.08720       0.12007       0.09578
          Neural2  Neural Network (2)       0.16946       0.11873       0.15407       0.13030
          Reg      Regression               0.19687       0.16068       0.19270       0.16643
 
                                                                                               
 
 







Fit Statistics Table
Target: BAD

Data Role=Train

Statistics

Train: Bin-Based Two-Way Kolmogorov-Smirnov Probability Cutoff
Train: Kolmogorov-Smirnov Statistic                           
Train: Akaike's Information Criterion                         
Train: Average Squared Error                                  
Train: Roc Index                                              
Train: Average Error Function                                 
Train: Cumulative Percent Captured Response                   
Train: Percent Captured Response                              
Selection Criterion: Valid: Misclassification Rate            
Train: Degrees of Freedom for Error                           
Train: Model Degrees of Freedom                               
Train: Total Degrees of Freedom                               
Train: Divisor for ASE                                        
Train: Error Function                                         
Train: Final Prediction Error                                 
Train: Gain                                                   
Train: Gini Coefficient                                       
Train: Bin-Based Two-Way Kolmogorov-Smirnov Statistic         
Train: Kolmogorov-Smirnov Probability Cutoff                  
Train: Cumulative Lift                                        
Train: Lift                                                   
Train: Maximum Absolute Error                                 
Train: Misclassification Rate                                 
Train: Mean Square Error                                      
Train: Sum of Frequencies                                     
Train: Number of Estimate Weights                             
Train: Root Average Sum of Squares                            
Train: Cumulative Percent Response                            
Train: Percent Response                                       
Train: Root Final Prediction Error                            
Train: Root Mean Squared Error                                
Train: Schwarz's Bayesian Criterion                           
Train: Sum of Squared Errors                                  
Train: Sum of Case Weights Times Freq                         
Train: Number of Wrong Classifications                        

   Tree       Reg3       Reg2     Neural    Neural2        Reg

   0.21       0.15       0.19       0.21       0.22       0.09
   0.67       0.66       0.69       0.67       0.41       0.45
    .      1399.37    1322.53    1642.41    1892.56    2485.36
   0.08       0.08       0.08       0.09       0.12       0.16
   0.85       0.91       0.92       0.91       0.79       0.72
    .         0.28       0.27       0.29       0.39       0.51
  43.48      44.00      46.32      42.53      36.00      15.79
  19.44      20.00      21.89      18.95      13.05       4.42
   0.12       0.12       0.12       0.13       0.17       0.20
    .      2345.00    2354.00    2249.00    2354.00    2365.00
    .        37.00      28.00     133.00      28.00      17.00
2382.00    2382.00    2382.00    2382.00    2382.00    2382.00
4764.00    4764.00    4764.00    4764.00    4764.00    4764.00
    .      1325.37    1266.53    1376.41    1836.56    2451.36
    .         0.09       0.08       0.10       0.12       0.16
 333.37     338.53     361.61     323.84     258.79      57.37
   0.71       0.82       0.83       0.81       0.58       0.45
   0.65       0.66       0.69       0.67       0.40       0.45
   0.17       0.13       0.19       0.17       0.21       0.08
   4.33       4.39       4.62       4.24       3.59       1.57
   3.89       4.00       4.38       3.79       2.61       0.88
   0.97       0.99       1.00       0.98       0.97       0.99
   0.10       0.11       0.11       0.12       0.15       0.19
    .         0.09       0.08       0.09       0.12       0.16
2382.00    2382.00    2382.00    2382.00    2382.00    2382.00
    .        37.00      28.00     133.00      28.00      17.00
   0.29       0.29       0.28       0.30       0.34       0.40
  86.42      87.45      92.05      84.52      71.55      31.38
  77.59      79.83      87.39      75.63      52.10      17.65
    .         0.29       0.28       0.31       0.35       0.40
    .         0.29       0.28       0.30       0.35       0.40
    .      1613.07    1484.25    2410.57    2054.28    2583.55
 396.79     400.81     371.14     415.42     565.63     765.50
    .      4764.00    4764.00    4764.00    4764.00    4764.00
    .          .          .       286.00     367.00        .  


Data Role=Valid

Statistics

Valid: Kolmogorov-Smirnov Statistic                           
Valid: Average Squared Error                                  
Valid: Roc Index                                              
Valid: Average Error Function                                 
Valid: Bin-Based Two-Way Kolmogorov-Smirnov Probability Cutoff
Valid: Cumulative Percent Captured Response                   
Valid: Percent Captured Response                              
Valid: Divisor for VASE                                       
Valid: Error Function                                         
Valid: Gain                                                   
Valid: Gini Coefficient                                       
Valid: Bin-Based Two-Way Kolmogorov-Smirnov Statistic         
Valid: Kolmogorov-Smirnov Probability Cutoff                  
Valid: Cumulative Lift                                        
Valid: Lift                                                   
Valid: Maximum Absolute Error                                 
Valid: Misclassification Rate                                 
Valid: Mean Square Error                                      
Valid: Sum of Frequencies                                     
Valid: Root Average Squared Error                             
Valid: Cumulative Percent Response                            
Valid: Percent Response                                       
Valid: Root Mean Square Error                                 
Valid: Sum of Square Errors                                   
Valid: Sum of Case Weights Times Freq                         
Valid: Number of Wrong Classifications                        

   Tree       Reg3       Reg2     Neural    Neural2        Reg

   0.66       0.65       0.68       0.63       0.36       0.41
   0.09       0.09       0.09       0.10       0.13       0.17
   0.85       0.90       0.90       0.88       0.74       0.69
    .         0.29       0.28       0.32       0.42       0.54
   0.21       0.25       0.24       0.24       0.23       0.09
  40.71      44.26      42.86      42.02      33.33      13.73
  17.54      21.29      18.49      19.05      12.61       4.20
3576.00    3576.00    3576.00    3576.00    3576.00    3576.00
    .      1044.96    1017.73    1135.71    1516.75    1928.78
 306.62     342.08     328.09     319.70     232.96      37.10
   0.70       0.80       0.81       0.76       0.48       0.39
   0.66       0.64       0.66       0.62       0.36       0.40
   0.07       0.17       0.20       0.24       0.21       0.08
   4.07       4.42       4.28       4.20       3.33       1.37
   3.52       4.28       3.71       3.83       2.53       0.84
   0.97       0.98       0.99       0.99       0.98       1.00
   0.12       0.12       0.12       0.13       0.17       0.20
    .         0.09       0.09       0.10       0.13       0.17
1788.00    1788.00    1788.00    1788.00    1788.00    1788.00
   0.30       0.30       0.29       0.31       0.36       0.41
  81.19      88.27      85.47      83.80      66.48      27.37
  70.34      85.39      74.16      76.40      50.56      16.85
    .         0.30       0.29       0.31       0.36       0.41
 328.14     313.92     304.67     342.53     465.96     595.15
    .      3576.00    3576.00    3576.00    3576.00    3576.00
    .          .          .       236.00     303.00        .  


Data Role=Test

Statistics

Test:  Kolmogorov-Smirnov Statistic                           
Test: Average Squared Error                                   
Test:  Roc Index                                              
Test: Average Error Function                                  
Test:  Bin-Based Two-Way Kolmogorov-Smirnov Probability Cutoff
Test: Cumulative Percent Captured Response                    
Test: Percent Captured Response                               
Test: Divisor for TASE                                        
Test: Error Function                                          
Test: Gain                                                    
Test:  Gini Coefficient                                       
Test:  Bin-Based Two-Way Kolmogorov-Smirnov Statistic         
Test:  Kolmogorov-Smirnov Probability Cutoff                  
Test: Cumulative Lift                                         
Test: Lift                                                    
Test: Maximum Absolute Error                                  
Test: Misclassification Rate                                  
Test: Lower 95% Conf. Limit for TMISC                         
Test: Upper 95% Conf. Limit for TMISC                         
Test: Mean Square Error                                       
Test: Sum of Frequencies                                      
Test: Root Average Squared Error                              
Test: Cumulative Percent Response                             
Test: Percent Response                                        
Test: Root Mean Square Error                                  
Test: Sum of Square Errors                                    
Test: Sum of Case Weights Times Freq                          
Test: Number of Wrong Classifications                         

   Tree       Reg3       Reg2     Neural    Neural2        Reg

   0.66       0.63       0.67       0.62       0.32       0.37
   0.10       0.09       0.08       0.09       0.14       0.16
   0.84       0.90       0.90       0.88       0.72       0.68
    .         0.29       0.28       0.31       0.44       0.54
   0.21       0.31       0.31       0.21       0.22       0.08
  38.14      43.14      44.54      42.02      28.01      14.57
  16.83      19.05      20.45      18.77       8.68       3.64
3580.00    3580.00    3580.00    3580.00    3580.00    3580.00
    .      1052.47    1017.59    1114.32    1583.88    1920.39
 281.39     331.37     345.38     320.17     180.11      45.66
   0.69       0.80       0.80       0.77       0.44       0.36
   0.64       0.62       0.67       0.62       0.32       0.37
   0.17       0.29       0.25       0.15       0.21       0.08
   3.81       4.31       4.45       4.20       2.80       1.46
   3.39       3.83       4.11       3.77       1.75       0.73
   0.97       0.99       0.99       0.99       0.98       1.00
   0.12       0.11       0.11       0.12       0.18       0.19
    .         0.10       0.10        .          .         0.18
    .         0.13       0.13        .          .         0.21
    .         0.09       0.08       0.09       0.14       0.16
1790.00    1790.00    1790.00    1790.00    1790.00    1790.00
   0.31       0.30       0.29       0.30       0.37       0.40
  76.06      86.03      88.83      83.80      55.87      29.05
  67.51      76.40      82.02      75.28      34.83      14.61
    .         0.30       0.29       0.30       0.37       0.40
 341.03     314.11     298.35     330.48     494.79     585.63
3580.00    3580.00    3580.00    3580.00    3580.00    3580.00
    .          .          .       215.00     329.00        .  
 
                                                                                               
 
 







Event Classification Table
Model Selection based on Valid: Misclassification Rate (_VMISC_)

Model                        Data              Target    False     True      False     True
Node     Model Description   Role      Target  Label   Negative  Negative  Positive  Positive

Reg2     Regression (2)      TRAIN      BAD               177      1831       76        298  
Reg2     Regression (2)      VALIDATE   BAD               133      1350       81        224  
Reg      Regression          TRAIN      BAD               447      1895       12         28  
Reg      Regression          VALIDATE   BAD               340      1419       12         17  
Reg3     Regression (3)      TRAIN      BAD               187      1828       79        288  
Reg3     Regression (3)      VALIDATE   BAD               130      1349       82        227  
Tree     Decision Tree       TRAIN      BAD               167      1827       80        308  
Tree     Decision Tree       VALIDATE   BAD               126      1347       84        231  
Neural   Neural Network      TRAIN      BAD               197      1818       89        278  
Neural   Neural Network      VALIDATE   BAD               143      1338       93        214  
Neural2  Neural Network (2)  TRAIN      BAD               314      1854       53        161  
Neural2  Neural Network (2)  VALIDATE   BAD               236      1364       67        121  
