MPRINT(EM_DIAGRAM):    data _null_;
MPRINT(EM_DIAGRAM):   call symput('NLDATE', strip(put(date(), NLDATE.)));
MPRINT(EM_DIAGRAM):   call symput('NLTIME', strip(put(datetime(), NLTIME.)));
MPRINT(EM_DIAGRAM):   run;
MPRINT(EM_DIAGRAM):   data _null_;
MPRINT(EM_DIAGRAM):   nldate= sasmsg("sashelp.dmine", "log_date_note", 'N', "October 25, 2018" );
MPRINT(EM_DIAGRAM):   nltime= sasmsg("sashelp.dmine", "log_time_note", 'N', "23:29:50" );
MPRINT(EM_DIAGRAM):   put "*------------------------------------------------------------*";
MPRINT(EM_DIAGRAM):   put "* Training Log";
MPRINT(EM_DIAGRAM):   put nldate;
MPRINT(EM_DIAGRAM):   put nltime;
MPRINT(EM_DIAGRAM):   put "*------------------------------------------------------------*";
MPRINT(EM_DIAGRAM):   run;
*------------------------------------------------------------*
* Training Log
Date:                October 25, 2018
Time:                23:29:50
*------------------------------------------------------------*
MPRINT(EM_DIAGRAM):    filename O33R4_GU "J:\JMMORR01\CIS 445\Tutorial 2\My Project\Workspaces\EMWS1\Reg\EMTRAIN.out" encoding="UTF-8" NOBOM;
MPRINT(EM_DIAGRAM):   proc printto print=O33R4_GU new;
MPRINT(EM_DIAGRAM):   run;
MPRINT(EM_DIAGRAM):    filename _LOG "J:\JMMORR01\CIS 445\Tutorial 2\My Project\Workspaces\EMWS1\Reg\EMLOG.log" encoding="UTF-8" NOBOM;
MPRINT(EM_DIAGRAM):    data _null_;
MPRINT(EM_DIAGRAM):   call symput('NLDATE', strip(put(date(), NLDATE.)));
MPRINT(EM_DIAGRAM):   call symput('NLTIME', strip(put(datetime(), NLTIME.)));
MPRINT(EM_DIAGRAM):   run;
MPRINT(EM_DIAGRAM):   data _null_;
MPRINT(EM_DIAGRAM):   nldate= sasmsg("sashelp.dmine", "log_date_note", 'N', "October 25, 2018" );
MPRINT(EM_DIAGRAM):   nltime= sasmsg("sashelp.dmine", "log_time_note", 'N', "23:29:51" );
MPRINT(EM_DIAGRAM):   file _LOG;
MPRINT(EM_DIAGRAM):   put "*------------------------------------------------------------*";
MPRINT(EM_DIAGRAM):   put "User:                jmmorr01";
MPRINT(EM_DIAGRAM):   put nldate;
MPRINT(EM_DIAGRAM):   put nltime;
MPRINT(EM_DIAGRAM):   put "Site:                70080761";
MPRINT(EM_DIAGRAM):   put "Platform:            X64_8PRO";
MPRINT(EM_DIAGRAM):   put "Maintenance Release: 9.04.01M3P062415";
MPRINT(EM_DIAGRAM):   put "EM Version:          14.1";
MPRINT(EM_DIAGRAM):   put "* ";
MPRINT(EM_DIAGRAM):   run;
MPRINT(EM_DIAGRAM):    filename _LOGIN "J:\JMMORR01\CIS 445\Tutorial 2\My Project\Workspaces\EMWS1\Reg\EMTRAIN.log" encoding="UTF-8" NOBOM;
MPRINT(EM_COPYFILE):   data _null_;
MPRINT(EM_COPYFILE):   length line $20000;
MPRINT(EM_COPYFILE):   file _LOG MOD lrecl=20000;
MPRINT(EM_COPYFILE):   fid=fopen("_LOGIN",'i',20000,'v');
MPRINT(EM_COPYFILE):   if fid > 0 then do;
MPRINT(EM_COPYFILE):   do while(^fread(fid));
MPRINT(EM_COPYFILE):   rlen = frlen(fid);
MPRINT(EM_COPYFILE):   rc= fget(fid,line,20000);
MPRINT(EM_COPYFILE):   start = length(line)-length(left(line))+1;
MPRINT(EM_COPYFILE):   line=strip(line);
MPRINT(EM_COPYFILE):   put @start line;
MPRINT(EM_COPYFILE):   end;
MPRINT(EM_COPYFILE):   if fid > 0 then rc=fclose(fid);
MPRINT(EM_COPYFILE):   end;
MPRINT(EM_COPYFILE):   run;
MPRINT(EM_DIAGRAM):  ;
MPRINT(EM_DIAGRAM):   filename _LOGIN;
MPRINT(EM_DIAGRAM):    data _null_;
MPRINT(EM_DIAGRAM):   file _LOG mod;
MPRINT(EM_DIAGRAM):   put _page_;
MPRINT(EM_DIAGRAM):   run;
MPRINT(EM_DIAGRAM):   filename _LOGIN "J:\JMMORR01\CIS 445\Tutorial 2\My Project\Workspaces\EMWS1\Reg\EMSCORE.log" encoding="UTF-8" NOBOM;
MPRINT(EM_DIAGRAM):  ;
MPRINT(EM_DIAGRAM):   data _null_;
MPRINT(EM_DIAGRAM):   file _LOG mod;
MPRINT(EM_DIAGRAM):   put _page_;
MPRINT(EM_DIAGRAM):   run;
MPRINT(EM_DIAGRAM):    filename _LOGIN "J:\JMMORR01\CIS 445\Tutorial 2\My Project\Workspaces\EMWS1\Reg\EMREPORT.log" encoding="UTF-8" NOBOM;
MPRINT(EM_DIAGRAM):  ;
MPRINT(EM_DIAGRAM):   filename _LOGIN;
MPRINT(EM_DIAGRAM):    filename _LOG;
MPRINT(EM_DIAGRAM):    filename _OUT "J:\JMMORR01\CIS 445\Tutorial 2\My Project\Workspaces\EMWS1\Reg\EMOUTPUT.out" encoding="UTF-8" NOBOM;
MPRINT(EM_DIAGRAM):    data _null_;
MPRINT(EM_DIAGRAM):   call symput('NLDATE', strip(put(date(), NLDATE.)));
MPRINT(EM_DIAGRAM):   call symput('NLTIME', strip(put(datetime(), NLTIME.)));
MPRINT(EM_DIAGRAM):   run;
MPRINT(EM_DIAGRAM):   data _null_;
MPRINT(EM_DIAGRAM):   nldate= sasmsg("sashelp.dmine", "log_date_note", 'N', "October 25, 2018" );
MPRINT(EM_DIAGRAM):   nltime= sasmsg("sashelp.dmine", "log_time_note", 'N', "23:29:51" );
MPRINT(EM_DIAGRAM):   file _OUT;
MPRINT(EM_DIAGRAM):   put "*------------------------------------------------------------*";
MPRINT(EM_DIAGRAM):   put "User:                jmmorr01";
MPRINT(EM_DIAGRAM):   put nldate;
MPRINT(EM_DIAGRAM):   put nltime;
MPRINT(EM_DIAGRAM):   put "*------------------------------------------------------------*";
MPRINT(EM_DIAGRAM):   put "* Training Output";
MPRINT(EM_DIAGRAM):   put "*------------------------------------------------------------*";
MPRINT(EM_DIAGRAM):   run;
MPRINT(EM_DIAGRAM):    filename _OUTIN "J:\JMMORR01\CIS 445\Tutorial 2\My Project\Workspaces\EMWS1\Reg\EMTRAIN.out" encoding="UTF-8" NOBOM;
MPRINT(EM_DIAGRAM):   ;
MPRINT(EM_COPYFILE):   data _null_;
MPRINT(EM_COPYFILE):   length line $20000;
MPRINT(EM_COPYFILE):   file _OUT MOD lrecl=20000;
MPRINT(EM_COPYFILE):   fid=fopen("_OUTIN",'i',20000,'v');
MPRINT(EM_COPYFILE):   if fid > 0 then do;
MPRINT(EM_COPYFILE):   do while(^fread(fid));
MPRINT(EM_COPYFILE):   rlen = frlen(fid);
MPRINT(EM_COPYFILE):   rc= fget(fid,line,20000);
MPRINT(EM_COPYFILE):   start = length(line)-length(left(line))+1;
MPRINT(EM_COPYFILE):   line=strip(line);
MPRINT(EM_COPYFILE):   put @start line;
MPRINT(EM_COPYFILE):   end;
MPRINT(EM_COPYFILE):   if fid > 0 then rc=fclose(fid);
MPRINT(EM_COPYFILE):   end;
MPRINT(EM_COPYFILE):   run;
MPRINT(EM_DIAGRAM):  ;
MPRINT(EM_DIAGRAM):   filename _OUTIN;
MPRINT(EM_DIAGRAM):    data _null_;
MPRINT(EM_DIAGRAM):   file _OUT mod;
MPRINT(EM_DIAGRAM):   put _page_;
MPRINT(EM_DIAGRAM):   put // "*------------------------------------------------------------*";
MPRINT(EM_DIAGRAM):   put "* Score Output";
MPRINT(EM_DIAGRAM):   put "*------------------------------------------------------------*";
MPRINT(EM_DIAGRAM):   run;
MPRINT(EM_DIAGRAM):    filename _OUTIN "J:\JMMORR01\CIS 445\Tutorial 2\My Project\Workspaces\EMWS1\Reg\EMSCORE.out" encoding="UTF-8" NOBOM;
MPRINT(EM_DIAGRAM):  ;
MPRINT(EM_DIAGRAM):   filename _OUTIN;
MPRINT(EM_DIAGRAM):    data _null_;
MPRINT(EM_DIAGRAM):   file _OUT mod;
MPRINT(EM_DIAGRAM):   put _page_;
MPRINT(EM_DIAGRAM):   put // "*------------------------------------------------------------*";
MPRINT(EM_DIAGRAM):   put "* Report Output";
MPRINT(EM_DIAGRAM):   put "*------------------------------------------------------------*";
MPRINT(EM_DIAGRAM):   run;
MPRINT(EM_DIAGRAM):    filename _OUTIN "J:\JMMORR01\CIS 445\Tutorial 2\My Project\Workspaces\EMWS1\Reg\EMREPORT.out" encoding="UTF-8" NOBOM;
MPRINT(EM_DIAGRAM):  ;
MPRINT(EM_DIAGRAM):   filename _OUTIN;
MPRINT(EM_DIAGRAM):    filename _OUT;
MPRINT(EM_DIAGRAM):    filename _emtool_ 'J:\JMMORR01\CIS 445\Tutorial 2\My Project\Workspaces\EMWS1\Reg\EMRUNSTATUS.xml' encoding="UTF-8" NOBOM;
MPRINT(EM_DIAGRAM):    filename _emtool_ 'J:\JMMORR01\CIS 445\Tutorial 2\My Project\Workspaces\EMWS1\Reg\EMRUNSTATUS.xml' encoding="UTF-8" NOBOM;
23274      proc freq data=EMWS1.Reg_VariableSet noprint;
MPRINT(EM_DIAGRAM):    proc freq data=EMWS1.Reg_VariableSet noprint;
23275      table ROLE*LEVEL/out=WORK.RegMETA;
MPRINT(EM_DIAGRAM):   table ROLE*LEVEL/out=WORK.RegMETA;
23276      run;
MPRINT(EM_DIAGRAM):   run;

NOTE: There were 13 observations read from the data set EMWS1.REG_VARIABLESET.
NOTE: The data set WORK.REGMETA has 4 observations and 4 variables.
NOTE: PROCEDURE FREQ used (Total process time):
      real time           0.07 seconds
      cpu time            0.04 seconds
      

23277      proc print data=WORK.RegMETA label noobs;
MPRINT(EM_DIAGRAM):   proc print data=WORK.RegMETA label noobs;
23278      var ROLE LEVEL COUNT;
MPRINT(EM_DIAGRAM):   var ROLE LEVEL COUNT;
23279      label ROLE = "%sysfunc(sasmsg(sashelp.dmine, meta_role_vlabel, NOQUOTE))" LEVEL = "%sysfunc(sasmsg(sashelp.dmine, meta_level_vlabel, NOQUOTE))" COUNT = "%sysfunc(sasmsg(sashelp.dmine, rpt_count_vlabel, NOQUOTE))";
MPRINT(EM_DIAGRAM):   label ROLE = "Role" LEVEL = "Measurement Level" COUNT = "Frequency Count";
23280      title9 ' ';
MPRINT(EM_DIAGRAM):   title9 ' ';
23281      title10 "%sysfunc(sasmsg(sashelp.dmine, rpt_varSummary_title  , NOQUOTE))";
MPRINT(EM_DIAGRAM):   title10 "Variable Summary";
MPRINT(EM_DIAGRAM):   run;
23282      run;

NOTE: There were 4 observations read from the data set WORK.REGMETA.
NOTE: The PROCEDURE PRINT printed page 4.
NOTE: PROCEDURE PRINT used (Total process time):
      real time           0.01 seconds
      cpu time            0.01 seconds
      

23283      title10;
MPRINT(EM_DIAGRAM):   title10;
23284      %let EMNORLEN = %DMNORLEN;
MPRINT(EM_DIAGRAM):   
EMWS1.Part_TRAIN EMWS1.Part_TRAIN 
EMWS1.Part_TRAIN EMWS1.Part_TRAIN EMWS1 Part_TRAIN 
EMWS1.Part_TRAIN EMWS1.Part_TRAIN 
EMWS1.Part_TRAIN EMWS1.Part_TRAIN EMWS1 Part_TRAIN 
MPRINT(EM_DIAGRAM):    proc dmdb data=EMWS1.Part_TRAIN classout=WORK._DMDBCLASSTARGET(keep=NAME NRAW CRAW LEVEL FREQUENCY NMISSPERCENT);
MPRINT(EM_DIAGRAM):   class BAD(DESC) ;
MPRINT(EM_DIAGRAM):   run;
Executing  SASHELP.EMCORE.EMINFOITERATOR.SCL _INIT >> 
Executing  SASHELP.EMCORE.EMINFOITERATOR.SCL setMetaData >> 
Executing  SASHELP.EMCORE.EMINFOITERATOR.SCL next >> 
Executing  SASHELP.EMCORE.EMINFOITERATOR.SCL next >> 
Executing  SASHELP.EMCORE.EMINFOITERATOR.SCL setMetaData >> 
Executing  SASHELP.EMCORE.EMINFOITERATOR.SCL next >> 
Executing  SASHELP.EMCORE.EMINFOITERATOR.SCL next >> 
Executing  SASHELP.EMCORE.EMINFOITERATOR.SCL _term >> 
MPRINT(EM_DIAGRAM):    data _null_;
MPRINT(EM_DIAGRAM):   set WORK._DMDBCLASSTARGET;
MPRINT(EM_DIAGRAM):   where ^(NRAW eq . and CRAW eq '') and NAME="BAD";
MPRINT(EM_DIAGRAM):   if _N_=1 then call symput('_newevent', strip(LEVEL));
MPRINT(EM_DIAGRAM):   run;
MPRINT(EM_DIAGRAM):   proc sort data=WORK._DMDBCLASSTARGET out=_TEMPCLASS(keep=LEVEL FREQUENCY NMISSPERCENT rename=(LEVEL=BAD));
MPRINT(EM_DIAGRAM):   by LEVEL;
MPRINT(EM_DIAGRAM):   where ^(NRAW eq . and CRAW eq '') and NAME="BAD";
MPRINT(EM_DIAGRAM):   run;
MPRINT(EM_DIAGRAM):   data _TEMPCLASS;
MPRINT(EM_DIAGRAM):   set _TEMPCLASS;
MPRINT(EM_DIAGRAM):   NMISSPERCENT= NMISSPERCENT/100;
MPRINT(EM_DIAGRAM):   run;
MPRINT(EM_DIAGRAM):    proc sort data=EMWS1.Ids_BAD_DD out=_sortedDecdata;
MPRINT(EM_DIAGRAM):   by BAD;
MPRINT(EM_DIAGRAM):   run;
MPRINT(EM_DIAGRAM):   data _null_;
MPRINT(EM_DIAGRAM):   merge _TEMPCLASS(in=_a) _sortedDecdata(in=_b);
MPRINT(EM_DIAGRAM):   by BAD;
MPRINT(EM_DIAGRAM):   if (_a and ^_b) or (^_a and _b) then call symput('_emresetDec', '1');
MPRINT(EM_DIAGRAM):   run;
23313      data WORK.Reg_EVENT(KEEP=VARIABLE LABEL LEVEL EVENT NUMLEVELS ORDER);
MPRINT(EM_DIAGRAM):    data WORK.Reg_EVENT(KEEP=VARIABLE LABEL LEVEL EVENT NUMLEVELS ORDER);
23314      length ORDER $20;
MPRINT(EM_DIAGRAM):   length ORDER $20;
23315      label VARIABLE = "%sysfunc(sasmsg(sashelp.dmine, rpt_target_vlabel,  NOQUOTE))" EVENT = "%sysfunc(sasmsg(sashelp.dmine, assmt_event_vlabel, NOQUOTE))" NUMLEVELS = "%sysfunc(sasmsg(sashelp.dmine, rpt_numcat_vlabel, NOQUOTE))" LEVEL =
23316         "%sysfunc(sasmsg(sashelp.dmine, meta_level_vlabel, NOQUOTE))" ORDER = "%sysfunc(sasmsg(sashelp.dmine, meta_order_vlabel, NOQUOTE))" LABEL = "%sysfunc(sasmsg(sashelp.dmine, meta_label_vlabel, NOQUOTE))";
MPRINT(EM_DIAGRAM):   label VARIABLE = "Target" EVENT = "Event" NUMLEVELS = "Number of Levels" LEVEL = "Measurement Level" ORDER = "Order" LABEL = "Label";
23317      set EMWS1.IDS_BAD_DM( where=(_TYPE_="TARGET"));
MPRINT(EM_DIAGRAM):   set EMWS1.IDS_BAD_DM( where=(_TYPE_="TARGET"));
23318      NumLevels=2;
MPRINT(EM_DIAGRAM):   NumLevels=2;
23319      select(upcase(ORDER));
MPRINT(EM_DIAGRAM):   select(upcase(ORDER));
23320      when('DESC') ORDER = 'Descending';
MPRINT(EM_DIAGRAM):   when('DESC') ORDER = 'Descending';
23321      when('ASC') ORDER = 'Ascending';
MPRINT(EM_DIAGRAM):   when('ASC') ORDER = 'Ascending';
23322      when('FMTDESC') ORDER = 'Formatted Descending';
MPRINT(EM_DIAGRAM):   when('FMTDESC') ORDER = 'Formatted Descending';
23323      when('FMTASC') ORDER = 'Formatted Ascending';
MPRINT(EM_DIAGRAM):   when('FMTASC') ORDER = 'Formatted Ascending';
23324      otherwise ORDER = 'Descending';
MPRINT(EM_DIAGRAM):   otherwise ORDER = 'Descending';
23325      end;
MPRINT(EM_DIAGRAM):   end;
23326      output;
MPRINT(EM_DIAGRAM):   output;
23327      run;
MPRINT(EM_DIAGRAM):   run;

NOTE: There were 1 observations read from the data set EMWS1.IDS_BAD_DM.
      WHERE _TYPE_='TARGET';
NOTE: The data set WORK.REG_EVENT has 1 observations and 6 variables.
NOTE: DATA statement used (Total process time):
      real time           0.04 seconds
      cpu time            0.03 seconds
      

23328      title9 ' ';
MPRINT(EM_DIAGRAM):   title9 ' ';
23329      proc print data=WORK.Reg_EVENT noobs label;
MPRINT(EM_DIAGRAM):   proc print data=WORK.Reg_EVENT noobs label;
23330      var VARIABLE EVENT LEVEL NUMLEVELS ORDER LABEL;
MPRINT(EM_DIAGRAM):   var VARIABLE EVENT LEVEL NUMLEVELS ORDER LABEL;
23331      title9 ' ';
MPRINT(EM_DIAGRAM):   title9 ' ';
23332      title10 "%sysfunc(sasmsg(sashelp.dmine, rpt_modelEvent_title  , NOQUOTE))";
MPRINT(EM_DIAGRAM):   title10 "Model Events";
MPRINT(EM_DIAGRAM):   run;
23333      run;

NOTE: There were 1 observations read from the data set WORK.REG_EVENT.
NOTE: The PROCEDURE PRINT printed page 5.
NOTE: PROCEDURE PRINT used (Total process time):
      real time           0.01 seconds
      cpu time            0.00 seconds
      

23334      title10;
MPRINT(EM_DIAGRAM):   title10;
"No decisions defined for target "BAD"." 
23335      proc print data = EMWS1.Ids_BAD_DM noobs label;
MPRINT(EM_DIAGRAM):    proc print data = EMWS1.Ids_BAD_DM noobs label;
23336      var _type_ variable label;
MPRINT(EM_DIAGRAM):   var _type_ variable label;
23337      where _type_ ^in('MATRIX', 'DECISION', 'TRAINPRIOR', 'DATAPRIOR', 'DECPRIOR');
MPRINT(EM_DIAGRAM):   where _type_ ^in('MATRIX', 'DECISION', 'TRAINPRIOR', 'DATAPRIOR', 'DECPRIOR');
23338      label _TYPE_ = "%sysfunc(sasmsg(sashelp.dmine, rpt_type_vlabel,     NOQUOTE))" VARIABLE = "%sysfunc(sasmsg(sashelp.dmine, rpt_variable_vlabel, NOQUOTE))" LABEL = "%sysfunc(sasmsg(sashelp.dmine, meta_label_vlabel, NOQUOTE))";
MPRINT(EM_DIAGRAM):   label _TYPE_ = "Type" VARIABLE = "Variable" LABEL = "Label";
23339      title9 ' ';
MPRINT(EM_DIAGRAM):   title9 ' ';
23340      title10 "%sysfunc(sasmsg(sashelp.dmine, rpt_predDecVars_title  , NOQUOTE))";
MPRINT(EM_DIAGRAM):   title10 "Predicted and decision variables";
MPRINT(EM_DIAGRAM):   run;
23341      run;

NOTE: There were 7 observations read from the data set EMWS1.IDS_BAD_DM.
      WHERE _type_ not in ('DATAPRIOR', 'DECISION', 'DECPRIOR', 'MATRIX', 'TRAINPRIOR');
NOTE: The PROCEDURE PRINT printed page 6.
NOTE: PROCEDURE PRINT used (Total process time):
      real time           0.01 seconds
      cpu time            0.00 seconds
      

23342      title10;
MPRINT(EM_DIAGRAM):   title10;
MPRINT(EM_DIAGRAM):    *------------------------------------------------------------*;
MPRINT(EM_DIAGRAM):   * Reg: Preparing metadata for Training *------------------------------------------------------------*;
MPRINT(EM_DIAGRAM):   data WORK.M2U1NBNE;
MPRINT(EM_DIAGRAM):   set WORK.M2U1NBNE;
MPRINT(EM_DIAGRAM):   where use = 'Y' or (role = 'INPUT' and use = 'D') ;
MPRINT(EM_DIAGRAM):   if (role = 'REJECTED') then role = 'INPUT';
MPRINT(EM_DIAGRAM):   if use = 'D' then use = 'Y';
MPRINT(EM_DIAGRAM):   run;
23352      data WORK.M2U1NBNE;
MPRINT(EM_DIAGRAM):    data WORK.M2U1NBNE;
23353      set WORK.M2U1NBNE end=eof;
MPRINT(EM_DIAGRAM):   set WORK.M2U1NBNE end=eof;
23354      output;
MPRINT(EM_DIAGRAM):   output;
23355      if eof then do;
MPRINT(EM_DIAGRAM):   if eof then do;
23356      NAME="";
MPRINT(EM_DIAGRAM):   NAME="";
23357      ROLE="COST";
MPRINT(EM_DIAGRAM):   ROLE="COST";
23358      LEVEL="INTERVAL";
MPRINT(EM_DIAGRAM):   LEVEL="INTERVAL";
23359      TYPE="N";
MPRINT(EM_DIAGRAM):   TYPE="N";
23360      output;
MPRINT(EM_DIAGRAM):   output;
23361      end;
MPRINT(EM_DIAGRAM):   end;
23362      run;
MPRINT(EM_DIAGRAM):   run;

NOTE: There were 13 observations read from the data set WORK.M2U1NBNE.
NOTE: The data set WORK.M2U1NBNE has 14 observations and 21 variables.
NOTE: DATA statement used (Total process time):
      real time           0.01 seconds
      cpu time            0.01 seconds
      

NOTE: There were 2 observations read from the data set EMWS1.IDS_BAD_DD.
NOTE: The data set WORK.BAD has 2 observations and 7 variables.
NOTE: There were 2 observations read from the data set EMWS1.IDS_BAD_DD.
NOTE: The data set WORK.BAD has 2 observations and 7 variables.
23363      *------------------------------------------------------------*;
MPRINT(EM_DIAGRAM):    *------------------------------------------------------------*;
23364      * Reg: Create decision matrix;
MPRINT(EM_DIAGRAM):   * Reg: Create decision matrix;
23365      *------------------------------------------------------------*;
MPRINT(EM_DIAGRAM):   *------------------------------------------------------------*;
23366      data WORK.BAD;
MPRINT(EM_DIAGRAM):   data WORK.BAD;
23367        length   BAD                              $  32
23368                 COUNT                                8
23369                 DATAPRIOR                            8
23370                 TRAINPRIOR                           8
23371                 DECPRIOR                             8
23372                 DECISION1                            8
23373                 DECISION2                            8
23374                 ;
MPRINT(EM_DIAGRAM):   length BAD $ 32 COUNT 8 DATAPRIOR 8 TRAINPRIOR 8 DECPRIOR 8 DECISION1 8 DECISION2 8 ;
23375      
23376        label    COUNT="Level Counts"
23377                 DATAPRIOR="Data Proportions"
23378                 TRAINPRIOR="Training Proportions"
23379                 DECPRIOR="Decision Priors"
23380                 DECISION1="1"
23381                 DECISION2="0"
23382                 ;
MPRINT(EM_DIAGRAM):   label COUNT= "Level Counts" DATAPRIOR= "Data Proportions" TRAINPRIOR= "Training Proportions" DECPRIOR= "Decision Priors" DECISION1= "1" DECISION2= "0" ;
23383        format   COUNT 10.
23384                 ;
MPRINT(EM_DIAGRAM):   format COUNT 10. ;
23385      BAD="1"; COUNT=1189; DATAPRIOR=0.1994966442953; TRAINPRIOR=0.1994966442953; DECPRIOR=.; DECISION1=1; DECISION2=0;
MPRINT(EM_DIAGRAM):   BAD="1";
MPRINT(EM_DIAGRAM):   COUNT=1189;
MPRINT(EM_DIAGRAM):   DATAPRIOR=0.1994966442953;
MPRINT(EM_DIAGRAM):   TRAINPRIOR=0.1994966442953;
MPRINT(EM_DIAGRAM):   DECPRIOR=.;
MPRINT(EM_DIAGRAM):   DECISION1=1;
MPRINT(EM_DIAGRAM):   DECISION2=0;
23386      output;
MPRINT(EM_DIAGRAM):   output;
23387      BAD="0"; COUNT=4771; DATAPRIOR=0.80050335570469; TRAINPRIOR=0.80050335570469; DECPRIOR=.; DECISION1=0; DECISION2=1;
MPRINT(EM_DIAGRAM):   BAD="0";
MPRINT(EM_DIAGRAM):   COUNT=4771;
MPRINT(EM_DIAGRAM):   DATAPRIOR=0.80050335570469;
MPRINT(EM_DIAGRAM):   TRAINPRIOR=0.80050335570469;
MPRINT(EM_DIAGRAM):   DECPRIOR=.;
MPRINT(EM_DIAGRAM):   DECISION1=0;
MPRINT(EM_DIAGRAM):   DECISION2=1;
23388      output;
MPRINT(EM_DIAGRAM):   output;
23389      ;
MPRINT(EM_DIAGRAM):   ;
23390      run;
MPRINT(EM_DIAGRAM):   run;

NOTE: The data set WORK.BAD has 2 observations and 7 variables.
NOTE: DATA statement used (Total process time):
      real time           0.01 seconds
      cpu time            0.01 seconds
      

23391      proc datasets lib=work nolist;
MPRINT(EM_DIAGRAM):   proc datasets lib=work nolist;
23392      modify BAD(type=PROFIT label=BAD);
MPRINT(EM_DIAGRAM):   modify BAD(type=PROFIT label= BAD);
MPRINT(EM_DIAGRAM):   label DECISION1= '1';
MPRINT(EM_DIAGRAM):   label DECISION2= '0';
MPRINT(EM_DIAGRAM):   run;
23393      label DECISION1= '1';
23394      label DECISION2= '0';
23395      run;

NOTE: MODIFY was successful for WORK.BAD.DATA.
23396      quit;
MPRINT(EM_DIAGRAM):   quit;

NOTE: PROCEDURE DATASETS used (Total process time):
      real time           0.03 seconds
      cpu time            0.00 seconds
      

23397      data EM_DMREG / view=EM_DMREG;
MPRINT(EM_DIAGRAM):   data EM_DMREG / view=EM_DMREG;
23398      set EMWS1.Part_TRAIN(keep=
23399      BAD CLAGE CLNO DEBTINC DELINQ DEROG JOB LOAN MORTDUE NINQ REASON VALUE YOJ );
MPRINT(EM_DIAGRAM):   set EMWS1.Part_TRAIN(keep= BAD CLAGE CLNO DEBTINC DELINQ DEROG JOB LOAN MORTDUE NINQ REASON VALUE YOJ );
23400      run;
MPRINT(EM_DIAGRAM):   run;

NOTE: DATA STEP view saved on file WORK.EM_DMREG.
NOTE: A stored DATA STEP view cannot run under a different operating system.
NOTE: DATA statement used (Total process time):
      real time           0.03 seconds
      cpu time            0.01 seconds
      

MPRINT(EM_DIAGRAM):   *------------------------------------------------------------* ;
MPRINT(EM_DIAGRAM):   * Reg: DMDBClass Macro ;
MPRINT(EM_DIAGRAM):   *------------------------------------------------------------* ;
23401      *------------------------------------------------------------* ;
23402      * Reg: DMDBClass Macro ;
23403      *------------------------------------------------------------* ;
23404      %macro DMDBClass;
23405          BAD(DESC) JOB(ASC) REASON(ASC)
23406      %mend DMDBClass;
23407      *------------------------------------------------------------* ;
MPRINT(EM_DIAGRAM):   *------------------------------------------------------------* ;
23408      * Reg: DMDBVar Macro ;
MPRINT(EM_DIAGRAM):   * Reg: DMDBVar Macro ;
23409      *------------------------------------------------------------* ;
MPRINT(EM_DIAGRAM):   *------------------------------------------------------------* ;
23410      %macro DMDBVar;
23411          CLAGE CLNO DEBTINC DELINQ DEROG LOAN MORTDUE NINQ VALUE YOJ
23412      %mend DMDBVar;
23413      *------------------------------------------------------------*;
MPRINT(EM_DIAGRAM):   *------------------------------------------------------------*;
23414      * Reg: Create DMDB;
MPRINT(EM_DIAGRAM):   * Reg: Create DMDB;
23415      *------------------------------------------------------------*;
MPRINT(EM_DIAGRAM):   *------------------------------------------------------------*;
23416      proc dmdb batch data=WORK.EM_DMREG
23417      dmdbcat=WORK.Reg_DMDB
23418      maxlevel = 513
23419      ;
MPRINT(EM_DIAGRAM):   proc dmdb batch data=WORK.EM_DMREG dmdbcat=WORK.Reg_DMDB maxlevel = 513 ;
MPRINT(EM_DIAGRAM):   class
23420      class %DMDBClass;
MPRINT(DMDBCLASS):   BAD(DESC) JOB(ASC) REASON(ASC)
MPRINT(EM_DIAGRAM):  ;
MPRINT(EM_DIAGRAM):   var
23421      var %DMDBVar;
MPRINT(DMDBVAR):   CLAGE CLNO DEBTINC DELINQ DEROG LOAN MORTDUE NINQ VALUE YOJ
MPRINT(EM_DIAGRAM):  ;
23422      target
23423      BAD
23424      ;
MPRINT(EM_DIAGRAM):   target BAD ;
23425      run;
MPRINT(EM_DIAGRAM):   run;

NOTE: Records processed = 2382   Memory used = 511K.
NOTE: View WORK.EM_DMREG.VIEW used (Total process time):
      real time           0.06 seconds
      cpu time            0.04 seconds
      
NOTE: There were 2382 observations read from the data set EMWS1.PART_TRAIN.
NOTE: There were 2382 observations read from the data set WORK.EM_DMREG.
NOTE: PROCEDURE DMDB used (Total process time):
      real time           0.07 seconds
      cpu time            0.06 seconds
      

MPRINT(EM_DIAGRAM):   quit;
MPRINT(EM_DIAGRAM):   *--- end code ---*;
23426      quit;
23427      *--- end code ---*;

23428      *------------------------------------------------------------*;
MPRINT(EM_DIAGRAM):    *------------------------------------------------------------*;
23429      * Reg: Run DMREG procedure;
MPRINT(EM_DIAGRAM):   * Reg: Run DMREG procedure;
23430      *------------------------------------------------------------*;
MPRINT(EM_DIAGRAM):   *------------------------------------------------------------*;
23431      proc dmreg data=EM_DMREG dmdbcat=WORK.Reg_DMDB
23432      validata = EMWS1.Part_VALIDATE
23433      outest = EMWS1.Reg_EMESTIMATE
23434      outterms = EMWS1.Reg_OUTTERMS
23435      outmap= EMWS1.Reg_MAPDS namelen=200
23436      ;
MPRINT(EM_DIAGRAM):   proc dmreg data=EM_DMREG dmdbcat=WORK.Reg_DMDB validata = EMWS1.Part_VALIDATE outest = EMWS1.Reg_EMESTIMATE outterms = EMWS1.Reg_OUTTERMS outmap= EMWS1.Reg_MAPDS namelen=200 ;
23437      class
23438      BAD
23439      JOB
23440      REASON
23441      ;
MPRINT(EM_DIAGRAM):   class BAD JOB REASON ;
23442      model BAD =
23443      CLAGE
23444      CLNO
23445      DEBTINC
23446      DELINQ
23447      DEROG
23448      JOB
23449      LOAN
23450      MORTDUE
23451      NINQ
23452      REASON
23453      VALUE
23454      YOJ
23455      /error=binomial link=LOGIT
23456      coding=DEVIATION
23457      nodesignprint
23458      ;
MPRINT(EM_DIAGRAM):   model BAD = CLAGE CLNO DEBTINC DELINQ DEROG JOB LOAN MORTDUE NINQ REASON VALUE YOJ /error=binomial link=LOGIT coding=DEVIATION nodesignprint ;
23459      ;
MPRINT(EM_DIAGRAM):   ;
23460      score data=EMWS1.Part_TEST
23461      out=_null_
23462      outfit=EMWS1.Reg_FITTEST
23463      role = TEST
23464      ;
MPRINT(EM_DIAGRAM):   score data=EMWS1.Part_TEST out=_null_ outfit=EMWS1.Reg_FITTEST role = TEST ;
23465      code file="J:\JMMORR01\CIS 445\Tutorial 2\My Project\Workspaces\EMWS1\Reg\EMPUBLISHSCORE.sas"
23466      group=Reg
23467      ;
MPRINT(EM_DIAGRAM):   code file="J:\JMMORR01\CIS 445\Tutorial 2\My Project\Workspaces\EMWS1\Reg\EMPUBLISHSCORE.sas" group=Reg ;
23468      code file="J:\JMMORR01\CIS 445\Tutorial 2\My Project\Workspaces\EMWS1\Reg\EMFLOWSCORE.sas"
23469      group=Reg
23470      residual
23471      ;
MPRINT(EM_DIAGRAM):   code file="J:\JMMORR01\CIS 445\Tutorial 2\My Project\Workspaces\EMWS1\Reg\EMFLOWSCORE.sas" group=Reg residual ;
23472      run;
MPRINT(EM_DIAGRAM):   run;

NOTE: 1003 observations in the training data were not used due to missing values in the target or input variables or to invalid frequency values.
NOTE: The training data contains 1003 cases that have missing input values. The fit statistics in the OUTEST= data set (which are based on all cases) might differ from those in the printed output (which are based only on cases with no missing inputs).

NOTE: PROC DMREG is modeling the probability that BAD=1.
NOTE: Convergence criterion (GCONV=1E-6) satisfied.
NOTE: External file J:\JMMORR01\CIS 445\Tutorial 2\My Project\Workspaces\EMWS1\Reg\EMPUBLISHSCORE.sas opened.
NOTE: External file J:\JMMORR01\CIS 445\Tutorial 2\My Project\Workspaces\EMWS1\Reg\EMFLOWSCORE.sas opened.
NOTE: View WORK.EM_DMREG.VIEW used (Total process time):
      real time           0.57 seconds
      cpu time            0.20 seconds
      
NOTE: There were 2382 observations read from the data set EMWS1.PART_TRAIN.
NOTE: There were 2382 observations read from the data set WORK.EM_DMREG.
NOTE: There were 1788 observations read from the data set EMWS1.PART_VALIDATE.
NOTE: There were 1790 observations read from the data set EMWS1.PART_TEST.
NOTE: The data set EMWS1.REG_EMESTIMATE has 3 observations and 51 variables.
NOTE: The data set EMWS1.REG_OUTTERMS has 17 observations and 6 variables.
NOTE: The data set EMWS1.REG_MAPDS has 2 observations and 18 variables.
NOTE: The data set EMWS1.REG_FITTEST has 1 observations and 14 variables.
NOTE: The PROCEDURE DMREG printed pages 7-8.
NOTE: PROCEDURE DMREG used (Total process time):
      real time           0.82 seconds
      cpu time            0.28 seconds
      

MPRINT(EM_DIAGRAM):   quit;
23473      quit;

23474      proc datasets lib=WORK nolist;
MPRINT(EM_DIAGRAM):    proc datasets lib=WORK nolist;
23475      delete Reg_DMDB;
MPRINT(EM_DIAGRAM):   delete Reg_DMDB;
23476      run;
MPRINT(EM_DIAGRAM):   run;

NOTE: The file WORK.REG_DMDB (memtype=DATA) was not found, but appears on a DELETE statement.
23477      quit;
MPRINT(EM_DIAGRAM):   quit;

NOTE: PROCEDURE DATASETS used (Total process time):
      real time           0.01 seconds
      cpu time            0.00 seconds
      

23478      proc datasets lib=WORK nolist;
MPRINT(EM_DIAGRAM):    proc datasets lib=WORK nolist;
23479      delete Reg_DMDB / memtype=catalog;
MPRINT(EM_DIAGRAM):   delete Reg_DMDB / memtype=catalog;
23480      run;
MPRINT(EM_DIAGRAM):   run;

NOTE: Deleting WORK.REG_DMDB (memtype=CATALOG).
23481      quit;
MPRINT(EM_DIAGRAM):   quit;

NOTE: PROCEDURE DATASETS used (Total process time):
      real time           0.01 seconds
      cpu time            0.01 seconds
      

23482      data WORK.ESTIMATE;
MPRINT(EM_DIAGRAM):    data WORK.ESTIMATE;
23483      length _NAME_ $32;
MPRINT(EM_DIAGRAM):   length _NAME_ $32;
23484      set EMWS1.Reg_EMESTIMATE;
MPRINT(EM_DIAGRAM):   set EMWS1.Reg_EMESTIMATE;
23485      drop _AIC_--_VMISC_
23486      ;
MPRINT(EM_DIAGRAM):   drop _AIC_--_VMISC_ ;
23487      where _TYPE_ in('PARMS', 'T', 'P');
MPRINT(EM_DIAGRAM):   where _TYPE_ in('PARMS', 'T', 'P');
23488      select(_TYPE_);
MPRINT(EM_DIAGRAM):   select(_TYPE_);
23489      when('PARMS') _NAME_='Coefficient';
MPRINT(EM_DIAGRAM):   when('PARMS') _NAME_='Coefficient';
23490      when('T') _NAME_='tValue';
MPRINT(EM_DIAGRAM):   when('T') _NAME_='tValue';
23491      when('P') _NAME_='PValue';
MPRINT(EM_DIAGRAM):   when('P') _NAME_='PValue';
23492      otherwise;
MPRINT(EM_DIAGRAM):   otherwise;
23493      end;
MPRINT(EM_DIAGRAM):   end;
23494      run;
MPRINT(EM_DIAGRAM):   run;

NOTE: There were 3 observations read from the data set EMWS1.REG_EMESTIMATE.
      WHERE _TYPE_ in ('P', 'PARMS', 'T');
NOTE: The data set WORK.ESTIMATE has 3 observations and 19 variables.
NOTE: DATA statement used (Total process time):
      real time           0.03 seconds
      cpu time            0.03 seconds
      

23495      proc transpose data=WORK.ESTIMATE out=WORK.ESTIMATE(rename=(_NAME_=Effect));
MPRINT(EM_DIAGRAM):   proc transpose data=WORK.ESTIMATE out=WORK.ESTIMATE(rename=(_NAME_=Effect));
23496      run;
MPRINT(EM_DIAGRAM):   run;

NOTE: There were 3 observations read from the data set WORK.ESTIMATE.
NOTE: The data set WORK.ESTIMATE has 17 observations and 5 variables.
NOTE: PROCEDURE TRANSPOSE used (Total process time):
      real time           0.03 seconds
      cpu time            0.00 seconds
      

23497      proc transpose data=EMWS1.Reg_MAPDS out=WORK.MAP(rename=(_NAME_=Effect INPUT=Variable
23498      ));
MPRINT(EM_DIAGRAM):   proc transpose data=EMWS1.Reg_MAPDS out=WORK.MAP(rename=(_NAME_=Effect INPUT=Variable ));
23499      var 'CLAGE'n--'YOJ'n;
MPRINT(EM_DIAGRAM):   var 'CLAGE'n--'YOJ'n;
23500      run;
MPRINT(EM_DIAGRAM):   run;

NOTE: There were 2 observations read from the data set EMWS1.REG_MAPDS.
NOTE: The data set WORK.MAP has 16 observations and 4 variables.
NOTE: PROCEDURE TRANSPOSE used (Total process time):
      real time           0.03 seconds
      cpu time            0.00 seconds
      

23501      proc sort data=WORK.MAP;
MPRINT(EM_DIAGRAM):   proc sort data=WORK.MAP;
23502      by Effect;
MPRINT(EM_DIAGRAM):   by Effect;
23503      run;
MPRINT(EM_DIAGRAM):   run;

NOTE: There were 16 observations read from the data set WORK.MAP.
NOTE: The data set WORK.MAP has 16 observations and 4 variables.
NOTE: PROCEDURE SORT used (Total process time):
      real time           0.01 seconds
      cpu time            0.01 seconds
      

23504      proc sort data=WORK.ESTIMATE;
MPRINT(EM_DIAGRAM):   proc sort data=WORK.ESTIMATE;
23505      by Effect;
MPRINT(EM_DIAGRAM):   by Effect;
23506      run;
MPRINT(EM_DIAGRAM):   run;

NOTE: There were 17 observations read from the data set WORK.ESTIMATE.
NOTE: The data set WORK.ESTIMATE has 17 observations and 5 variables.
NOTE: PROCEDURE SORT used (Total process time):
      real time           0.01 seconds
      cpu time            0.01 seconds
      

23507      data EMWS1.Reg_EFFECTS(rename=(_LABEL_=EffectLabel));
MPRINT(EM_DIAGRAM):   data EMWS1.Reg_EFFECTS(rename=(_LABEL_=EffectLabel));
23508      length Variable ClassLevel $32;
MPRINT(EM_DIAGRAM):   length Variable ClassLevel $32;
23509      merge WORK.ESTIMATE WORK.MAP;
MPRINT(EM_DIAGRAM):   merge WORK.ESTIMATE WORK.MAP;
23510      by Effect;
MPRINT(EM_DIAGRAM):   by Effect;
23511      label Effect = "%sysfunc(sasmsg(sashelp.dmine, rpt_effect_vlabel, NOQUOTE))" Variable = "%sysfunc(sasmsg(sashelp.dmine, rpt_variable_vlabel, NOQUOTE))" Sign = "%sysfunc(sasmsg(sashelp.dmine, rpt_sign_vlabel, NOQUOTE))" ClassLevel =
23512         "%sysfunc(sasmsg(sashelp.dmine, rpt_level_vlabel, NOQUOTE))" Abscoefficient = "%sysfunc(sasmsg(sashelp.dmine, rpt_abscoefficient_vlabel, NOQUOTE))" Coefficient = "%sysfunc(sasmsg(sashelp.dmine, rpt_coefficient_vlabel, NOQUOTE))" _LABEL_ =
23513         "%sysfunc(sasmsg(sashelp.dmine, rpt_effectLabel_vlabel, NOQUOTE))" CODE = "%sysfunc(sasmsg(sashelp.dmine, rpt_scorecodevar_vlabel, NOQUOTE))";
MPRINT(EM_DIAGRAM):   label Effect = "Effect" Variable = "Variable" Sign = "Sign" ClassLevel = "Level" Abscoefficient = "Absolute Coefficient" Coefficient = "Coefficient" _LABEL_ = "Effect Label" CODE = "Score Code Variable";
23514      label tvalue = "%sysfunc(sasmsg(sashelp.dmine, rpt_tvalue_vlabel,         NOQUOTE))" abstvalue = "%sysfunc(sasmsg(sashelp.dmine, rpt_absoluteTvalue_vlabel, NOQUOTE))" PValue = "%sysfunc(sasmsg(sashelp.dmine, rpt_pvalue_vlabel,         NOQUOTE))"
23514    ! ;
MPRINT(EM_DIAGRAM):   label tvalue = "T-value" abstvalue = "Absolute T-value" PValue = "P Value";
23515      abstvalue = abs(tValue);
MPRINT(EM_DIAGRAM):   abstvalue = abs(tValue);
23516      if index(Effect, 'Intercept') then do;
MPRINT(EM_DIAGRAM):   if index(Effect, 'Intercept') then do;
23517      variable = 'Intercept';
MPRINT(EM_DIAGRAM):   variable = 'Intercept';
23518      classLevel = scan(_LABEL_, 2, '=');
MPRINT(EM_DIAGRAM):   classLevel = scan(_LABEL_, 2, '=');
23519      end;
MPRINT(EM_DIAGRAM):   end;
23520      if ^indexc(variable, '*') then do;
MPRINT(EM_DIAGRAM):   if ^indexc(variable, '*') then do;
23521      if length(effect)>length(variable) then classlevel = substr(Effect, length(variable)+1);
MPRINT(EM_DIAGRAM):   if length(effect)>length(variable) then classlevel = substr(Effect, length(variable)+1);
23522      end;
MPRINT(EM_DIAGRAM):   end;
23523      if Effect eq '' then Effect = Variable;
MPRINT(EM_DIAGRAM):   if Effect eq '' then Effect = Variable;
23524      if coefficient < 0 then sign = '-';
MPRINT(EM_DIAGRAM):   if coefficient < 0 then sign = '-';
23525      else sign = '+';
MPRINT(EM_DIAGRAM):   else sign = '+';
23526      abscoefficient = abs(coefficient);
MPRINT(EM_DIAGRAM):   abscoefficient = abs(coefficient);
23527      if _LABEL_ = '' then _LABEL_ = Effect;
MPRINT(EM_DIAGRAM):   if _LABEL_ = '' then _LABEL_ = Effect;
23528      if coefficient ne . then output;
MPRINT(EM_DIAGRAM):   if coefficient ne . then output;
23529      run;
MPRINT(EM_DIAGRAM):   run;

NOTE: There were 17 observations read from the data set WORK.ESTIMATE.
NOTE: There were 16 observations read from the data set WORK.MAP.
NOTE: The data set EMWS1.REG_EFFECTS has 17 observations and 11 variables.
NOTE: DATA statement used (Total process time):
      real time           0.12 seconds
      cpu time            0.03 seconds
      

23530      proc sort data =EMWS1.Reg_EFFECTS;
MPRINT(EM_DIAGRAM):    proc sort data =EMWS1.Reg_EFFECTS;
23531      by
23532      descending abstvalue;
MPRINT(EM_DIAGRAM):   by descending abstvalue;
23533      run;
MPRINT(EM_DIAGRAM):   run;

NOTE: There were 17 observations read from the data set EMWS1.REG_EFFECTS.
NOTE: The data set EMWS1.REG_EFFECTS has 17 observations and 11 variables.
NOTE: PROCEDURE SORT used (Total process time):
      real time           0.10 seconds
      cpu time            0.04 seconds
      

23534      data EMWS1.Reg_EFFECTS;
MPRINT(EM_DIAGRAM):   data EMWS1.Reg_EFFECTS;
23535      set EMWS1.Reg_EFFECTS;
MPRINT(EM_DIAGRAM):   set EMWS1.Reg_EFFECTS;
23536      format TEffectNum 3.;
MPRINT(EM_DIAGRAM):   format TEffectNum 3.;
23537      label TEffectNum = "%sysfunc(sasmsg(sashelp.dmine, rpt_teffectnum_vlabel, NOQUOTE))";
MPRINT(EM_DIAGRAM):   label TEffectNum = "TScore Number";
23538      retain TEffectNum;
MPRINT(EM_DIAGRAM):   retain TEffectNum;
23539      TEffectNum = _N_;
MPRINT(EM_DIAGRAM):   TEffectNum = _N_;
23540      run;
MPRINT(EM_DIAGRAM):   run;

NOTE: There were 17 observations read from the data set EMWS1.REG_EFFECTS.
NOTE: The data set EMWS1.REG_EFFECTS has 17 observations and 12 variables.
NOTE: DATA statement used (Total process time):
      real time           0.10 seconds
      cpu time            0.03 seconds
      

23541      proc sort data =EMWS1.Reg_EFFECTS;
MPRINT(EM_DIAGRAM):    proc sort data =EMWS1.Reg_EFFECTS;
23542      by
23543      descending absCoefficient;
MPRINT(EM_DIAGRAM):   by descending absCoefficient;
23544      run;
MPRINT(EM_DIAGRAM):   run;

NOTE: There were 17 observations read from the data set EMWS1.REG_EFFECTS.
NOTE: The data set EMWS1.REG_EFFECTS has 17 observations and 12 variables.
NOTE: PROCEDURE SORT used (Total process time):
      real time           0.12 seconds
      cpu time            0.00 seconds
      

23545      data EMWS1.Reg_EFFECTS;
MPRINT(EM_DIAGRAM):   data EMWS1.Reg_EFFECTS;
23546      set EMWS1.Reg_EFFECTS;
MPRINT(EM_DIAGRAM):   set EMWS1.Reg_EFFECTS;
23547      format EffectNum 3.;
MPRINT(EM_DIAGRAM):   format EffectNum 3.;
23548      label EffectNum = "%sysfunc(sasmsg(sashelp.dmine, rpt_effectnum_vlabel, NOQUOTE))";
MPRINT(EM_DIAGRAM):   label EffectNum = "Effect Number";
23549      retain EffectNum;
MPRINT(EM_DIAGRAM):   retain EffectNum;
23550      EffectNum = _N_;
MPRINT(EM_DIAGRAM):   EffectNum = _N_;
23551      run;
MPRINT(EM_DIAGRAM):   run;

NOTE: There were 17 observations read from the data set EMWS1.REG_EFFECTS.
NOTE: The data set EMWS1.REG_EFFECTS has 17 observations and 13 variables.
NOTE: DATA statement used (Total process time):
      real time           0.10 seconds
      cpu time            0.07 seconds
      

MPRINT(EM_DIAGRAM):    proc printto;
MPRINT(EM_DIAGRAM):   run;
