MPRINT(EM_DIAGRAM):    data _null_;
MPRINT(EM_DIAGRAM):   call symput('NLDATE', strip(put(date(), NLDATE.)));
MPRINT(EM_DIAGRAM):   call symput('NLTIME', strip(put(datetime(), NLTIME.)));
MPRINT(EM_DIAGRAM):   run;
MPRINT(EM_DIAGRAM):   data _null_;
MPRINT(EM_DIAGRAM):   nldate= sasmsg("sashelp.dmine", "log_date_note", 'N', "October 25, 2018" );
MPRINT(EM_DIAGRAM):   nltime= sasmsg("sashelp.dmine", "log_time_note", 'N', "23:41:28" );
MPRINT(EM_DIAGRAM):   put "*------------------------------------------------------------*";
MPRINT(EM_DIAGRAM):   put "* Report Log";
MPRINT(EM_DIAGRAM):   put nldate;
MPRINT(EM_DIAGRAM):   put nltime;
MPRINT(EM_DIAGRAM):   put "*------------------------------------------------------------*";
MPRINT(EM_DIAGRAM):   run;
*------------------------------------------------------------*
* Report Log
Date:                October 25, 2018
Time:                23:41:28
*------------------------------------------------------------*
MPRINT(EM_DIAGRAM):    filename O3ED3FTZ "J:\JMMORR01\CIS 445\Tutorial 2\My Project\Workspaces\EMWS1\Trans\EMREPORT.out" encoding="UTF-8" NOBOM;
MPRINT(EM_DIAGRAM):   proc printto print=O3ED3FTZ new;
MPRINT(EM_DIAGRAM):   run;
22544      *------------------------------------------------------------*;
MPRINT(EM_DIAGRAM):    *------------------------------------------------------------*;
22545      * &msgString;
MPRINT(EM_DIAGRAM):   * &msgString;
22546      *------------------------------------------------------------*;
MPRINT(EM_DIAGRAM):   *------------------------------------------------------------*;
22547      filename _flowref "J:\JMMORR01\CIS 445\Tutorial 2\My Project\Workspaces\EMWS1\Trans\EMFLOWSCORE.sas";
MPRINT(EM_DIAGRAM):   filename _flowref "J:\JMMORR01\CIS 445\Tutorial 2\My Project\Workspaces\EMWS1\Trans\EMFLOWSCORE.sas";
22548      proc FCMP NOEXECUTE IMPUTEDDEPS OUTDEPS=WORK.TRANS_SCOREINPUTS;
MPRINT(EM_DIAGRAM):   proc FCMP NOEXECUTE IMPUTEDDEPS OUTDEPS=WORK.TRANS_SCOREINPUTS;
22549      %INCLUDE _flowref;
MPRINT(EM_DIAGRAM):   *------------------------------------------------------------*;
MPRINT(EM_DIAGRAM):   * Computed Code;
MPRINT(EM_DIAGRAM):   *------------------------------------------------------------*;
MPRINT(EM_DIAGRAM):   *------------------------------------------------------------*;
MPRINT(EM_DIAGRAM):   * TRANSFORM: CLAGE , log(CLAGE + 1);
MPRINT(EM_DIAGRAM):   *------------------------------------------------------------*;
MPRINT(EM_DIAGRAM):   label LOG_CLAGE = 'Transformed CLAGE';
MPRINT(EM_DIAGRAM):   if CLAGE eq . then LOG_CLAGE = .;
MPRINT(EM_DIAGRAM):   else do;
MPRINT(EM_DIAGRAM):   if CLAGE + 1 > 0 then LOG_CLAGE = log(CLAGE + 1);
MPRINT(EM_DIAGRAM):   else LOG_CLAGE = .;
MPRINT(EM_DIAGRAM):   end;
MPRINT(EM_DIAGRAM):   *------------------------------------------------------------*;
MPRINT(EM_DIAGRAM):   * TRANSFORM: CLNO , log(CLNO + 1);
MPRINT(EM_DIAGRAM):   *------------------------------------------------------------*;
MPRINT(EM_DIAGRAM):   label LOG_CLNO = 'Transformed CLNO';
MPRINT(EM_DIAGRAM):   if CLNO eq . then LOG_CLNO = .;
MPRINT(EM_DIAGRAM):   else do;
MPRINT(EM_DIAGRAM):   if CLNO + 1 > 0 then LOG_CLNO = log(CLNO + 1);
MPRINT(EM_DIAGRAM):   else LOG_CLNO = .;
MPRINT(EM_DIAGRAM):   end;
MPRINT(EM_DIAGRAM):   *------------------------------------------------------------*;
MPRINT(EM_DIAGRAM):   * TRANSFORM: DEBTINC , log(DEBTINC + 1);
MPRINT(EM_DIAGRAM):   *------------------------------------------------------------*;
MPRINT(EM_DIAGRAM):   label LOG_DEBTINC = 'Transformed DEBTINC';
MPRINT(EM_DIAGRAM):   if DEBTINC eq . then LOG_DEBTINC = .;
MPRINT(EM_DIAGRAM):   else do;
MPRINT(EM_DIAGRAM):   if DEBTINC + 1 > 0 then LOG_DEBTINC = log(DEBTINC + 1);
MPRINT(EM_DIAGRAM):   else LOG_DEBTINC = .;
MPRINT(EM_DIAGRAM):   end;
MPRINT(EM_DIAGRAM):   *------------------------------------------------------------*;
MPRINT(EM_DIAGRAM):   * TRANSFORM: DELINQ , log(DELINQ + 1);
MPRINT(EM_DIAGRAM):   *------------------------------------------------------------*;
MPRINT(EM_DIAGRAM):   label LOG_DELINQ = 'Transformed DELINQ';
MPRINT(EM_DIAGRAM):   if DELINQ eq . then LOG_DELINQ = .;
MPRINT(EM_DIAGRAM):   else do;
MPRINT(EM_DIAGRAM):   if DELINQ + 1 > 0 then LOG_DELINQ = log(DELINQ + 1);
MPRINT(EM_DIAGRAM):   else LOG_DELINQ = .;
MPRINT(EM_DIAGRAM):   end;
MPRINT(EM_DIAGRAM):   *------------------------------------------------------------*;
MPRINT(EM_DIAGRAM):   * TRANSFORM: DEROG , log(DEROG + 1);
MPRINT(EM_DIAGRAM):   *------------------------------------------------------------*;
MPRINT(EM_DIAGRAM):   label LOG_DEROG = 'Transformed DEROG';
MPRINT(EM_DIAGRAM):   if DEROG eq . then LOG_DEROG = .;
MPRINT(EM_DIAGRAM):   else do;
MPRINT(EM_DIAGRAM):   if DEROG + 1 > 0 then LOG_DEROG = log(DEROG + 1);
MPRINT(EM_DIAGRAM):   else LOG_DEROG = .;
MPRINT(EM_DIAGRAM):   end;
MPRINT(EM_DIAGRAM):   *------------------------------------------------------------*;
MPRINT(EM_DIAGRAM):   * TRANSFORM: LOAN , log(LOAN + 1);
MPRINT(EM_DIAGRAM):   *------------------------------------------------------------*;
MPRINT(EM_DIAGRAM):   label LOG_LOAN = 'Transformed LOAN';
MPRINT(EM_DIAGRAM):   if LOAN eq . then LOG_LOAN = .;
MPRINT(EM_DIAGRAM):   else do;
MPRINT(EM_DIAGRAM):   if LOAN + 1 > 0 then LOG_LOAN = log(LOAN + 1);
MPRINT(EM_DIAGRAM):   else LOG_LOAN = .;
MPRINT(EM_DIAGRAM):   end;
MPRINT(EM_DIAGRAM):   *------------------------------------------------------------*;
MPRINT(EM_DIAGRAM):   * TRANSFORM: MORTDUE , log(MORTDUE + 1);
MPRINT(EM_DIAGRAM):   *------------------------------------------------------------*;
MPRINT(EM_DIAGRAM):   label LOG_MORTDUE = 'Transformed MORTDUE';
MPRINT(EM_DIAGRAM):   if MORTDUE eq . then LOG_MORTDUE = .;
MPRINT(EM_DIAGRAM):   else do;
MPRINT(EM_DIAGRAM):   if MORTDUE + 1 > 0 then LOG_MORTDUE = log(MORTDUE + 1);
MPRINT(EM_DIAGRAM):   else LOG_MORTDUE = .;
MPRINT(EM_DIAGRAM):   end;
MPRINT(EM_DIAGRAM):   *------------------------------------------------------------*;
MPRINT(EM_DIAGRAM):   * TRANSFORM: VALUE , log(VALUE + 1);
MPRINT(EM_DIAGRAM):   *------------------------------------------------------------*;
MPRINT(EM_DIAGRAM):   label LOG_VALUE = 'Transformed VALUE';
MPRINT(EM_DIAGRAM):   if VALUE eq . then LOG_VALUE = .;
MPRINT(EM_DIAGRAM):   else do;
MPRINT(EM_DIAGRAM):   if VALUE + 1 > 0 then LOG_VALUE = log(VALUE + 1);
MPRINT(EM_DIAGRAM):   else LOG_VALUE = .;
MPRINT(EM_DIAGRAM):   end;
MPRINT(EM_DIAGRAM):   *------------------------------------------------------------*;
MPRINT(EM_DIAGRAM):   * TRANSFORM: YOJ , log(YOJ + 1);
MPRINT(EM_DIAGRAM):   *------------------------------------------------------------*;
MPRINT(EM_DIAGRAM):   label LOG_YOJ = 'Transformed YOJ';
MPRINT(EM_DIAGRAM):   if YOJ eq . then LOG_YOJ = .;
MPRINT(EM_DIAGRAM):   else do;
MPRINT(EM_DIAGRAM):   if YOJ + 1 > 0 then LOG_YOJ = log(YOJ + 1);
MPRINT(EM_DIAGRAM):   else LOG_YOJ = .;
MPRINT(EM_DIAGRAM):   end;
MPRINT(EM_DIAGRAM):   *------------------------------------------------------------*;
MPRINT(EM_DIAGRAM):   * Formula Code;
MPRINT(EM_DIAGRAM):   *------------------------------------------------------------*;
MPRINT(EM_DIAGRAM):   INDELINQ =DELINQ > 0 ;
MPRINT(EM_DIAGRAM):   INDEROG =DEROG > 0 ;
22639      run;
MPRINT(EM_DIAGRAM):   run;

NOTE: Dependency structure written to data set WORK.TRANS_SCOREINPUTS.
NOTE: PROCEDURE FCMP used (Total process time):
      real time           0.04 seconds
      cpu time            0.01 seconds
      

MPRINT(EM_DIAGRAM):   quit;
22640      quit;
22641      data WORK.TRANS_SCOREINPUTS;
MPRINT(EM_DIAGRAM):   data WORK.TRANS_SCOREINPUTS;
22642      set WORK.TRANS_SCOREINPUTS(keep=RHS rename=(RHS=NAME));
MPRINT(EM_DIAGRAM):   set WORK.TRANS_SCOREINPUTS(keep=RHS rename=(RHS=NAME));
22643      length UNAME $32;
MPRINT(EM_DIAGRAM):   length UNAME $32;
22644      UNAME = upcase(NAME);
MPRINT(EM_DIAGRAM):   UNAME = upcase(NAME);
22645      run;
MPRINT(EM_DIAGRAM):   run;

NOTE: There were 11 observations read from the data set WORK.TRANS_SCOREINPUTS.
NOTE: The data set WORK.TRANS_SCOREINPUTS has 11 observations and 2 variables.
NOTE: DATA statement used (Total process time):
      real time           0.01 seconds
      cpu time            0.00 seconds
      

22646      proc sort data=WORK.TRANS_SCOREINPUTS NODUPKEY;
MPRINT(EM_DIAGRAM):   proc sort data=WORK.TRANS_SCOREINPUTS NODUPKEY;
22647      by UNAME;
MPRINT(EM_DIAGRAM):   by UNAME;
22648      run;
MPRINT(EM_DIAGRAM):   run;

NOTE: There were 11 observations read from the data set WORK.TRANS_SCOREINPUTS.
NOTE: 2 observations with duplicate key values were deleted.
NOTE: The data set WORK.TRANS_SCOREINPUTS has 9 observations and 2 variables.
NOTE: PROCEDURE SORT used (Total process time):
      real time           0.01 seconds
      cpu time            0.01 seconds
      

22649      filename _flowref;
MPRINT(EM_DIAGRAM):   filename _flowref;
NOTE: Fileref _FLOWREF has been deassigned.
22650      %let SYSCC = 0;
22651      *------------------------------------------------------------*;
MPRINT(EM_DIAGRAM):    *------------------------------------------------------------*;
22652      * transformcombinevariables;
MPRINT(EM_DIAGRAM):   * transformcombinevariables;
22653      *------------------------------------------------------------*;
MPRINT(EM_DIAGRAM):   *------------------------------------------------------------*;
22654      data WORK.TRANS_OUTPUTVARS;
MPRINT(EM_DIAGRAM):   data WORK.TRANS_OUTPUTVARS;
22655      length Uname inputName $32 inputLevel $10 inputType $1 _MetaFlag 8;
MPRINT(EM_DIAGRAM):   length Uname inputName $32 inputLevel $10 inputType $1 _MetaFlag 8;
22656      set
22657      EMWS1.Trans_RESULT
22658      EMWS1.Trans_FORMULA
22659      ;
MPRINT(EM_DIAGRAM):   set EMWS1.Trans_RESULT EMWS1.Trans_FORMULA ;
22660      _MetaFlag=0;
MPRINT(EM_DIAGRAM):   _MetaFlag=0;
22661      uname = upcase(name);
MPRINT(EM_DIAGRAM):   uname = upcase(name);
22662      run;
MPRINT(EM_DIAGRAM):   run;

NOTE: There were 9 observations read from the data set EMWS1.TRANS_RESULT.
NOTE: There were 2 observations read from the data set EMWS1.TRANS_FORMULA.
NOTE: The data set WORK.TRANS_OUTPUTVARS has 11 observations and 24 variables.
NOTE: DATA statement used (Total process time):
      real time           0.03 seconds
      cpu time            0.01 seconds
      

22663      data _temp;
MPRINT(EM_DIAGRAM):    data _temp;
22664      length UNAME $32;
MPRINT(EM_DIAGRAM):   length UNAME $32;
22665      set EMWS1.Trans_CMeta_TRAIN(keep=NAME LEVEL ROLE TYPE CREATOR LABEL);
MPRINT(EM_DIAGRAM):   set EMWS1.Trans_CMeta_TRAIN(keep=NAME LEVEL ROLE TYPE CREATOR LABEL);
22666      UNAME = upcase(name);
MPRINT(EM_DIAGRAM):   UNAME = upcase(name);
22667      where upcase(CREATOR) = upcase("Trans");
MPRINT(EM_DIAGRAM):   where upcase(CREATOR) = upcase("Trans");
22668      run;
MPRINT(EM_DIAGRAM):   run;

NOTE: There were 11 observations read from the data set EMWS1.TRANS_CMETA_TRAIN.
      WHERE UPCASE(CREATOR)='TRANS';
NOTE: The data set WORK._TEMP has 11 observations and 7 variables.
NOTE: DATA statement used (Total process time):
      real time           0.04 seconds
      cpu time            0.03 seconds
      

22669      proc sort data=_temp(drop=CREATOR);
MPRINT(EM_DIAGRAM):   proc sort data=_temp(drop=CREATOR);
22670      by UNAME;
MPRINT(EM_DIAGRAM):   by UNAME;
22671      run;
MPRINT(EM_DIAGRAM):   run;

NOTE: There were 11 observations read from the data set WORK._TEMP.
NOTE: The data set WORK._TEMP has 11 observations and 6 variables.
NOTE: PROCEDURE SORT used (Total process time):
      real time           0.03 seconds
      cpu time            0.01 seconds
      

22672      proc sort data=WORK.TRANS_OUTPUTVARS;
MPRINT(EM_DIAGRAM):    proc sort data=WORK.TRANS_OUTPUTVARS;
22673      by UNAME;
MPRINT(EM_DIAGRAM):   by UNAME;
22674      run;
MPRINT(EM_DIAGRAM):   run;

NOTE: There were 11 observations read from the data set WORK.TRANS_OUTPUTVARS.
NOTE: The data set WORK.TRANS_OUTPUTVARS has 11 observations and 24 variables.
NOTE: PROCEDURE SORT used (Total process time):
      real time           0.01 seconds
      cpu time            0.00 seconds
      

22675      data WORK.TRANS_OUTPUTVARS;
MPRINT(EM_DIAGRAM):   data WORK.TRANS_OUTPUTVARS;
22676      merge WORK.TRANS_OUTPUTVARS _temp;
MPRINT(EM_DIAGRAM):   merge WORK.TRANS_OUTPUTVARS _temp;
22677      by UNAME;
MPRINT(EM_DIAGRAM):   by UNAME;
22678      run;
MPRINT(EM_DIAGRAM):   run;

NOTE: There were 11 observations read from the data set WORK.TRANS_OUTPUTVARS.
NOTE: There were 11 observations read from the data set WORK._TEMP.
NOTE: The data set WORK.TRANS_OUTPUTVARS has 11 observations and 24 variables.
NOTE: DATA statement used (Total process time):
      real time           0.01 seconds
      cpu time            0.01 seconds
      

22679      *------------------------------------------------------------*;
MPRINT(EM_DIAGRAM):    *------------------------------------------------------------*;
22680      * Trans: Get Metadata for the Score Inputs Variables;
MPRINT(EM_DIAGRAM):   * Trans: Get Metadata for the Score Inputs Variables;
22681      *------------------------------------------------------------*;
MPRINT(EM_DIAGRAM):   *------------------------------------------------------------*;
22682      data _temp;
MPRINT(EM_DIAGRAM):   data _temp;
22683      length UNAME $32;
MPRINT(EM_DIAGRAM):   length UNAME $32;
22684      set EMWS1.Trans_VariableSet(keep=NAME LEVEL TYPE LABEL);
MPRINT(EM_DIAGRAM):   set EMWS1.Trans_VariableSet(keep=NAME LEVEL TYPE LABEL);
22685      UNAME = upcase(name);
MPRINT(EM_DIAGRAM):   UNAME = upcase(name);
22686      run;
MPRINT(EM_DIAGRAM):   run;

NOTE: There were 13 observations read from the data set EMWS1.TRANS_VARIABLESET.
NOTE: The data set WORK._TEMP has 13 observations and 5 variables.
NOTE: DATA statement used (Total process time):
      real time           0.03 seconds
      cpu time            0.01 seconds
      

22687      proc sort data=_temp;
MPRINT(EM_DIAGRAM):   proc sort data=_temp;
22688      by UNAME;
MPRINT(EM_DIAGRAM):   by UNAME;
22689      run;
MPRINT(EM_DIAGRAM):   run;

NOTE: There were 13 observations read from the data set WORK._TEMP.
NOTE: The data set WORK._TEMP has 13 observations and 5 variables.
NOTE: PROCEDURE SORT used (Total process time):
      real time           0.01 seconds
      cpu time            0.00 seconds
      

22690      data WORK.TRANS_SCOREINPUTS;
MPRINT(EM_DIAGRAM):   data WORK.TRANS_SCOREINPUTS;
22691      merge WORK.TRANS_SCOREINPUTS(in=_a) _temp(in=_b);
MPRINT(EM_DIAGRAM):   merge WORK.TRANS_SCOREINPUTS(in=_a) _temp(in=_b);
22692      by UNAME;
MPRINT(EM_DIAGRAM):   by UNAME;
22693      if _a and _b then output;
MPRINT(EM_DIAGRAM):   if _a and _b then output;
22694      run;
MPRINT(EM_DIAGRAM):   run;

NOTE: There were 9 observations read from the data set WORK.TRANS_SCOREINPUTS.
NOTE: There were 13 observations read from the data set WORK._TEMP.
NOTE: The data set WORK.TRANS_SCOREINPUTS has 9 observations and 5 variables.
NOTE: DATA statement used (Total process time):
      real time           0.03 seconds
      cpu time            0.03 seconds
      

22695      *------------------------------------------------------------*;
MPRINT(EM_DIAGRAM):    *------------------------------------------------------------*;
22696      * Trans: Computing Summary Statistics;
MPRINT(EM_DIAGRAM):   * Trans: Computing Summary Statistics;
22697      *------------------------------------------------------------*;
MPRINT(EM_DIAGRAM):   *------------------------------------------------------------*;
22698      proc dmdb data=EMWS1.Trans_TRAIN classout=WORK.TRANS_CLASSSTATS varout=WORK.TRANS_VARSTATS;
MPRINT(EM_DIAGRAM):   proc dmdb data=EMWS1.Trans_TRAIN classout=WORK.TRANS_CLASSSTATS varout=WORK.TRANS_VARSTATS;
22699      ;
MPRINT(EM_DIAGRAM):   ;
22700      var
22701      CLAGE
22702      CLNO
22703      DEBTINC
22704      DELINQ
22705      DEROG
22706      LOAN
22707      MORTDUE
22708      VALUE
22709      YOJ
22710      INDELINQ
22711      INDEROG
22712      LOG_CLAGE
22713      LOG_CLNO
22714      LOG_DEBTINC
22715      LOG_DELINQ
22716      LOG_DEROG
22717      LOG_LOAN
22718      LOG_MORTDUE
22719      LOG_VALUE
22720      LOG_YOJ
22721      ;
MPRINT(EM_DIAGRAM):   var CLAGE CLNO DEBTINC DELINQ DEROG LOAN MORTDUE VALUE YOJ INDELINQ INDEROG LOG_CLAGE LOG_CLNO LOG_DEBTINC LOG_DELINQ LOG_DEROG LOG_LOAN LOG_MORTDUE LOG_VALUE LOG_YOJ ;
22722      run;
MPRINT(EM_DIAGRAM):   run;

NOTE: Records processed = 2382   Memory used = 511K.
NOTE: View EMWS1.TRANS_TRAIN.VIEW used (Total process time):
      real time           0.04 seconds
      cpu time            0.04 seconds
      
NOTE: There were 2382 observations read from the data set EMWS1.PART_TRAIN.
NOTE: There were 2382 observations read from the data set EMWS1.TRANS_TRAIN.
NOTE: The data set WORK.TRANS_VARSTATS has 20 observations and 9 variables.
NOTE: PROCEDURE DMDB used (Total process time):
      real time           0.07 seconds
      cpu time            0.04 seconds
      

22723      *------------------------------------------------------------*;
MPRINT(EM_DIAGRAM):    *------------------------------------------------------------*;
22724      * Trans: Combine Information and Statistics for Class Variables;
MPRINT(EM_DIAGRAM):   * Trans: Combine Information and Statistics for Class Variables;
22725      *------------------------------------------------------------*;
MPRINT(EM_DIAGRAM):   *------------------------------------------------------------*;
22726      proc sort data=WORK.TRANS_OUTPUTVARS out=_temp;
MPRINT(EM_DIAGRAM):   proc sort data=WORK.TRANS_OUTPUTVARS out=_temp;
22727      by NAME;
MPRINT(EM_DIAGRAM):   by NAME;
22728      run;
MPRINT(EM_DIAGRAM):   run;

NOTE: There were 11 observations read from the data set WORK.TRANS_OUTPUTVARS.
NOTE: The data set WORK._TEMP has 11 observations and 24 variables.
NOTE: PROCEDURE SORT used (Total process time):
      real time           0.01 seconds
      cpu time            0.01 seconds
      

22729      proc sort data=WORK.TRANS_CLASSSTATS;
MPRINT(EM_DIAGRAM):   proc sort data=WORK.TRANS_CLASSSTATS;
22730      by NAME;
MPRINT(EM_DIAGRAM):   by NAME;
22731      run;
MPRINT(EM_DIAGRAM):   run;

NOTE: Input data set is empty.
NOTE: The data set WORK.TRANS_CLASSSTATS has 0 observations and 9 variables.
NOTE: PROCEDURE SORT used (Total process time):
      real time           0.00 seconds
      cpu time            0.00 seconds
      

22732      data WORK.TRANS_CLASSSTATS(keep=name nlevel nmiss);
MPRINT(EM_DIAGRAM):   data WORK.TRANS_CLASSSTATS(keep=name nlevel nmiss);
22733      retain nlevel nmiss;
MPRINT(EM_DIAGRAM):   retain nlevel nmiss;
22734      set WORK.TRANS_CLASSSTATS;
MPRINT(EM_DIAGRAM):   set WORK.TRANS_CLASSSTATS;
22735      by Name;
MPRINT(EM_DIAGRAM):   by Name;
22736      if first.Name then do;
MPRINT(EM_DIAGRAM):   if first.Name then do;
22737      nlevel= 0;
MPRINT(EM_DIAGRAM):   nlevel= 0;
22738      nmiss= 0;
MPRINT(EM_DIAGRAM):   nmiss= 0;
22739      end;
MPRINT(EM_DIAGRAM):   end;
22740      if (type='C' and CRAW='') or (type='N' and NRAW=.) then nmiss = FREQUENCY;
MPRINT(EM_DIAGRAM):   if (type='C' and CRAW='') or (type='N' and NRAW=.) then nmiss = FREQUENCY;
22741      else nlevel + 1;
MPRINT(EM_DIAGRAM):   else nlevel + 1;
22742      if last.name then output;
MPRINT(EM_DIAGRAM):   if last.name then output;
22743      run;
MPRINT(EM_DIAGRAM):   run;

NOTE: There were 0 observations read from the data set WORK.TRANS_CLASSSTATS.
NOTE: The data set WORK.TRANS_CLASSSTATS has 0 observations and 3 variables.
NOTE: DATA statement used (Total process time):
      real time           0.01 seconds
      cpu time            0.01 seconds
      

22744      /*Merge Statistics for Class Output Vars */
22745      data WORK.TRANS_CLASSSTATS;
MPRINT(EM_DIAGRAM):   data WORK.TRANS_CLASSSTATS;
22746      length SOURCE $6 _METHOD_ $8 NAME $32 FORMULA $300;
MPRINT(EM_DIAGRAM):   length SOURCE $6 _METHOD_ $8 NAME $32 FORMULA $300;
22747      merge WORK.TRANS_CLASSSTATS(in=_a) _temp(in=_b keep=NAME InputName Formula _MetaFlag LEVEL TYPE LABEL);
MPRINT(EM_DIAGRAM):   merge WORK.TRANS_CLASSSTATS(in=_a) _temp(in=_b keep=NAME InputName Formula _MetaFlag LEVEL TYPE LABEL);
22748      by NAME;
MPRINT(EM_DIAGRAM):   by NAME;
22749      if _a and _b then do;
MPRINT(EM_DIAGRAM):   if _a and _b then do;
22750      SOURCE='Output';
MPRINT(EM_DIAGRAM):   SOURCE='Output';
22751      if _MetaFlag = 1 then _METHOD_="Meta";
MPRINT(EM_DIAGRAM):   if _MetaFlag = 1 then _METHOD_="Meta";
22752      else if Formula eq 'Interaction' then _METHOD_="Computed";
MPRINT(EM_DIAGRAM):   else if Formula eq 'Interaction' then _METHOD_="Computed";
22753      else if inputName eq '' then _METHOD_="Formula";
MPRINT(EM_DIAGRAM):   else if inputName eq '' then _METHOD_="Formula";
22754      else _METHOD_="Computed";
MPRINT(EM_DIAGRAM):   else _METHOD_="Computed";
22755      if Formula = '' then Formula = "User Code";
MPRINT(EM_DIAGRAM):   if Formula = '' then Formula = "User Code";
22756      end;
MPRINT(EM_DIAGRAM):   end;
22757      if _a then output;
MPRINT(EM_DIAGRAM):   if _a then output;
22758      drop inputName LEVEL TYPE _MetaFlag;
MPRINT(EM_DIAGRAM):   drop inputName LEVEL TYPE _MetaFlag;
22759      run;
MPRINT(EM_DIAGRAM):   run;

NOTE: There were 0 observations read from the data set WORK.TRANS_CLASSSTATS.
NOTE: There were 11 observations read from the data set WORK._TEMP.
NOTE: The data set WORK.TRANS_CLASSSTATS has 0 observations and 7 variables.
NOTE: DATA statement used (Total process time):
      real time           0.00 seconds
      cpu time            0.00 seconds
      

22760      /*Merge Statistics for Class Input Vars */
22761      proc sort data=WORK.TRANS_SCOREINPUTS(drop=TYPE LEVEL) out=_temp nodupkey;
MPRINT(EM_DIAGRAM):   proc sort data=WORK.TRANS_SCOREINPUTS(drop=TYPE LEVEL) out=_temp nodupkey;
22762      by NAME;
MPRINT(EM_DIAGRAM):   by NAME;
22763      run;
MPRINT(EM_DIAGRAM):   run;

NOTE: There were 9 observations read from the data set WORK.TRANS_SCOREINPUTS.
NOTE: 0 observations with duplicate key values were deleted.
NOTE: The data set WORK._TEMP has 9 observations and 3 variables.
NOTE: PROCEDURE SORT used (Total process time):
      real time           0.03 seconds
      cpu time            0.01 seconds
      

22764      data WORK.TRANS_CLASSSTATS;
MPRINT(EM_DIAGRAM):   data WORK.TRANS_CLASSSTATS;
22765      merge WORK.TRANS_CLASSSTATS(in=_a) _temp(in=_b);
MPRINT(EM_DIAGRAM):   merge WORK.TRANS_CLASSSTATS(in=_a) _temp(in=_b);
22766      by NAME;
MPRINT(EM_DIAGRAM):   by NAME;
22767      if _a and _b then do;
MPRINT(EM_DIAGRAM):   if _a and _b then do;
22768      SOURCE='Input';
MPRINT(EM_DIAGRAM):   SOURCE='Input';
22769      _METHOD_="Original";
MPRINT(EM_DIAGRAM):   _METHOD_="Original";
22770      end;
MPRINT(EM_DIAGRAM):   end;
22771      if _a then output;
MPRINT(EM_DIAGRAM):   if _a then output;
22772      run;
MPRINT(EM_DIAGRAM):   run;

NOTE: There were 0 observations read from the data set WORK.TRANS_CLASSSTATS.
NOTE: There were 9 observations read from the data set WORK._TEMP.
NOTE: The data set WORK.TRANS_CLASSSTATS has 0 observations and 8 variables.
NOTE: DATA statement used (Total process time):
      real time           0.01 seconds
      cpu time            0.00 seconds
      

22773      *------------------------------------------------------------*;
MPRINT(EM_DIAGRAM):    *------------------------------------------------------------*;
22774      * Trans: Combine Information and Statistics for Interval Variables;
MPRINT(EM_DIAGRAM):   * Trans: Combine Information and Statistics for Interval Variables;
22775      *------------------------------------------------------------*;
MPRINT(EM_DIAGRAM):   *------------------------------------------------------------*;
22776      proc sort data=WORK.TRANS_OUTPUTVARS out=_temp;
MPRINT(EM_DIAGRAM):   proc sort data=WORK.TRANS_OUTPUTVARS out=_temp;
22777      by NAME;
MPRINT(EM_DIAGRAM):   by NAME;
22778      run;
MPRINT(EM_DIAGRAM):   run;

NOTE: There were 11 observations read from the data set WORK.TRANS_OUTPUTVARS.
NOTE: The data set WORK._TEMP has 11 observations and 24 variables.
NOTE: PROCEDURE SORT used (Total process time):
      real time           0.01 seconds
      cpu time            0.01 seconds
      

22779      proc sort data=WORK.TRANS_VARSTATS;
MPRINT(EM_DIAGRAM):   proc sort data=WORK.TRANS_VARSTATS;
22780      by NAME;
MPRINT(EM_DIAGRAM):   by NAME;
22781      run;
MPRINT(EM_DIAGRAM):   run;

NOTE: There were 20 observations read from the data set WORK.TRANS_VARSTATS.
NOTE: The data set WORK.TRANS_VARSTATS has 20 observations and 9 variables.
NOTE: PROCEDURE SORT used (Total process time):
      real time           0.00 seconds
      cpu time            0.00 seconds
      

MPRINT(EM_DIAGRAM):   *Merge Statistics for Output Vars;
22782      *Merge Statistics for Output Vars;
22783      data WORK.TRANS_VARSTATS;
MPRINT(EM_DIAGRAM):   data WORK.TRANS_VARSTATS;
22784      length SOURCE $6 _METHOD_ $8 NAME $32 FORMULA $300;
MPRINT(EM_DIAGRAM):   length SOURCE $6 _METHOD_ $8 NAME $32 FORMULA $300;
22785      merge WORK.TRANS_VARSTATS(in=_a) _temp(in=_b keep=NAME Formula InputName _MetaFlag LEVEL TYPE LABEL);
MPRINT(EM_DIAGRAM):   merge WORK.TRANS_VARSTATS(in=_a) _temp(in=_b keep=NAME Formula InputName _MetaFlag LEVEL TYPE LABEL);
22786      by NAME;
MPRINT(EM_DIAGRAM):   by NAME;
22787      if _a and _b then do;
MPRINT(EM_DIAGRAM):   if _a and _b then do;
22788      SOURCE='Output';
MPRINT(EM_DIAGRAM):   SOURCE='Output';
22789      if _MetaFlag = 1 then _METHOD_="Meta";
MPRINT(EM_DIAGRAM):   if _MetaFlag = 1 then _METHOD_="Meta";
22790      else if Formula eq 'Interaction' then _METHOD_="Computed";
MPRINT(EM_DIAGRAM):   else if Formula eq 'Interaction' then _METHOD_="Computed";
22791      else if inputName eq '' then _METHOD_="Formula";
MPRINT(EM_DIAGRAM):   else if inputName eq '' then _METHOD_="Formula";
22792      else _METHOD_="Computed";
MPRINT(EM_DIAGRAM):   else _METHOD_="Computed";
22793      if Formula = '' then Formula = "Mixture of variables";
MPRINT(EM_DIAGRAM):   if Formula = '' then Formula = "Mixture of variables";
22794      end;
MPRINT(EM_DIAGRAM):   end;
22795      if _a then output;
MPRINT(EM_DIAGRAM):   if _a then output;
22796      drop inputName LEVEL TYPE _MetaFlag;
MPRINT(EM_DIAGRAM):   drop inputName LEVEL TYPE _MetaFlag;
22797      run;
MPRINT(EM_DIAGRAM):   run;

NOTE: There were 20 observations read from the data set WORK.TRANS_VARSTATS.
NOTE: There were 11 observations read from the data set WORK._TEMP.
NOTE: The data set WORK.TRANS_VARSTATS has 20 observations and 13 variables.
NOTE: DATA statement used (Total process time):
      real time           0.01 seconds
      cpu time            0.01 seconds
      

MPRINT(EM_DIAGRAM):   *Merge Statistics for Input Vars;
22798      *Merge Statistics for Input Vars;
22799      proc sort data=WORK.TRANS_SCOREINPUTS(drop=TYPE LEVEL) out=_temp nodupkey;
MPRINT(EM_DIAGRAM):   proc sort data=WORK.TRANS_SCOREINPUTS(drop=TYPE LEVEL) out=_temp nodupkey;
22800      by NAME;
MPRINT(EM_DIAGRAM):   by NAME;
22801      run;
MPRINT(EM_DIAGRAM):   run;

NOTE: There were 9 observations read from the data set WORK.TRANS_SCOREINPUTS.
NOTE: 0 observations with duplicate key values were deleted.
NOTE: The data set WORK._TEMP has 9 observations and 3 variables.
NOTE: PROCEDURE SORT used (Total process time):
      real time           0.03 seconds
      cpu time            0.01 seconds
      

22802      data WORK.TRANS_VARSTATS;
MPRINT(EM_DIAGRAM):   data WORK.TRANS_VARSTATS;
22803      merge WORK.TRANS_VARSTATS(in=_a) _temp(in=_b);
MPRINT(EM_DIAGRAM):   merge WORK.TRANS_VARSTATS(in=_a) _temp(in=_b);
22804      by NAME;
MPRINT(EM_DIAGRAM):   by NAME;
22805      if _a and _b then do;
MPRINT(EM_DIAGRAM):   if _a and _b then do;
22806      SOURCE='Input';
MPRINT(EM_DIAGRAM):   SOURCE='Input';
22807      _METHOD_="Original";
MPRINT(EM_DIAGRAM):   _METHOD_="Original";
22808      end;
MPRINT(EM_DIAGRAM):   end;
22809      if _a then output;
MPRINT(EM_DIAGRAM):   if _a then output;
22810      run;
MPRINT(EM_DIAGRAM):   run;

NOTE: There were 20 observations read from the data set WORK.TRANS_VARSTATS.
NOTE: There were 9 observations read from the data set WORK._TEMP.
NOTE: The data set WORK.TRANS_VARSTATS has 20 observations and 14 variables.
NOTE: DATA statement used (Total process time):
      real time           0.01 seconds
      cpu time            0.00 seconds
      

22811      *------------------------------------------------------------*;
MPRINT(EM_DIAGRAM):    *------------------------------------------------------------*;
22812      * Trans: Combine statistics for class and interval variables;
MPRINT(EM_DIAGRAM):   * Trans: Combine statistics for class and interval variables;
22813      *------------------------------------------------------------*;
MPRINT(EM_DIAGRAM):   *------------------------------------------------------------*;
22814      data EMWS1.Trans_STATISTICS;
MPRINT(EM_DIAGRAM):   data EMWS1.Trans_STATISTICS;
22815      length SOURCE $6 _METHOD_ $8 NAME $32 FORMULA $300;
MPRINT(EM_DIAGRAM):   length SOURCE $6 _METHOD_ $8 NAME $32 FORMULA $300;
22816      label SOURCE = "%sysfunc(sasmsg(sashelp.dmine, rpt_source_vlabel,  NOQUOTE))" _METHOD_ = "%sysfunc(sasmsg(sashelp.dmine, rpt_method_vlabel,  NOQUOTE))" NAME = "%sysfunc(sasmsg(sashelp.dmine, meta_name_vlabel,  NOQUOTE))" FORMULA =
22817         "%sysfunc(sasmsg(sashelp.dmine, rpt_formula_vlabel,   NOQUOTE))" NLEVEL = "%sysfunc(sasmsg(sashelp.dmine, rpt_numcat_vlabel,   NOQUOTE))" N = "%sysfunc(sasmsg(sashelp.dmine, rpt_nonmiss_vlabel, NOQUOTE))" NMISS =
22818         "%sysfunc(sasmsg(sashelp.dmine, rpt_missing_vlabel, NOQUOTE))" MIN = "%sysfunc(sasmsg(sashelp.dmine, rpt_minimum_vlabel, NOQUOTE))" MAX = "%sysfunc(sasmsg(sashelp.dmine, rpt_maximum_vlabel, NOQUOTE))" MEAN =
22819         "%sysfunc(sasmsg(sashelp.dmine, rpt_mean_vlabel,    NOQUOTE))" STD = "%sysfunc(sasmsg(sashelp.dmine, rpt_std_vlabel,     NOQUOTE))" SKEWNESS = "%sysfunc(sasmsg(sashelp.dmine, rpt_skewness_vlabel, NOQUOTE))" KURTOSIS =
22820         "%sysfunc(sasmsg(sashelp.dmine, rpt_kurtosis_vlabel, NOQUOTE))" LABEL = "%sysfunc(sasmsg(sashelp.dmine, meta_label_vlabel, NOQUOTE))";
MPRINT(EM_DIAGRAM):   label SOURCE = "Source" _METHOD_ = "Method" NAME = "Variable Name" FORMULA = "Formula" NLEVEL = "Number of Levels" N = "Non Missing" NMISS = "Missing" MIN = "Minimum" MAX = "Maximum" MEAN = "Mean" STD = "Standard Deviation" SKEWNESS 
= "Skewness" KURTOSIS = "Kurtosis" LABEL = "Label";
22821      set
22822      WORK.TRANS_CLASSSTATS
22823      WORK.TRANS_VARSTATS
22824      ;
MPRINT(EM_DIAGRAM):   set WORK.TRANS_CLASSSTATS WORK.TRANS_VARSTATS ;
22825      drop UNAME;
MPRINT(EM_DIAGRAM):   drop UNAME;
22826      run;
MPRINT(EM_DIAGRAM):   run;

NOTE: There were 0 observations read from the data set WORK.TRANS_CLASSSTATS.
NOTE: There were 20 observations read from the data set WORK.TRANS_VARSTATS.
NOTE: The data set EMWS1.TRANS_STATISTICS has 20 observations and 14 variables.
NOTE: DATA statement used (Total process time):
      real time           0.12 seconds
      cpu time            0.04 seconds
      

22827      proc sort data=EMWS1.Trans_STATISTICS;
MPRINT(EM_DIAGRAM):   proc sort data=EMWS1.Trans_STATISTICS;
22828      by SOURCE _METHOD_ NAME;
MPRINT(EM_DIAGRAM):   by SOURCE _METHOD_ NAME;
22829      run;
MPRINT(EM_DIAGRAM):   run;

NOTE: There were 20 observations read from the data set EMWS1.TRANS_STATISTICS.
NOTE: The data set EMWS1.TRANS_STATISTICS has 20 observations and 14 variables.
NOTE: PROCEDURE SORT used (Total process time):
      real time           0.18 seconds
      cpu time            0.00 seconds
      

22830      proc sort data = EMWS1.Trans_STATISTICS NOTHREADS;
MPRINT(EM_DIAGRAM):    proc sort data = EMWS1.Trans_STATISTICS NOTHREADS;
22831      by SOURCE NAME;
MPRINT(EM_DIAGRAM):   by SOURCE NAME;
22832      run;
MPRINT(EM_DIAGRAM):   run;

NOTE: There were 20 observations read from the data set EMWS1.TRANS_STATISTICS.
NOTE: The data set EMWS1.TRANS_STATISTICS has 20 observations and 14 variables.
NOTE: PROCEDURE SORT used (Total process time):
      real time           0.12 seconds
      cpu time            0.06 seconds
      

22833      title9 ' ';
MPRINT(EM_DIAGRAM):   title9 ' ';
22834      proc print data = EMWS1.Trans_STATISTICS(obs=500) noobs label;
MPRINT(EM_DIAGRAM):   proc print data = EMWS1.Trans_STATISTICS(obs=500) noobs label;
22835      title9 "%sysfunc(sasmsg(sashelp.dmine, rpt_intervalinputStats_title, NOQUOTE))";
MPRINT(EM_DIAGRAM):   title9 "Summary Statistics for Input Interval Variables";
22836      title10 "%sysfunc(sasmsg(sashelp.dmine, rpt_maxObsPrinted_title, NOQUOTE))";
MPRINT(EM_DIAGRAM):   title10 "(maximum 500 observations printed)";
MPRINT(EM_DIAGRAM):   var Name NMISS MIN MAX MEAN STD SKEWNESS KURTOSIS;
MPRINT(EM_DIAGRAM):   where SOURCE eq 'INPUT' and mean ne .;
MPRINT(EM_DIAGRAM):   run;
22837      var Name NMISS MIN MAX MEAN STD SKEWNESS KURTOSIS;
22838      where SOURCE eq 'INPUT' and mean ne .;
22839      run;

NOTE: No observations were selected from data set EMWS1.TRANS_STATISTICS.
NOTE: There were 0 observations read from the data set EMWS1.TRANS_STATISTICS.
      WHERE (SOURCE='INPUT') and (mean not = .);
NOTE: PROCEDURE PRINT used (Total process time):
      real time           0.03 seconds
      cpu time            0.01 seconds
      

22840      proc print data = EMWS1.Trans_STATISTICS(obs=500) noobs label;
MPRINT(EM_DIAGRAM):   proc print data = EMWS1.Trans_STATISTICS(obs=500) noobs label;
22841      title9 "%sysfunc(sasmsg(sashelp.dmine, rpt_intervaloutputStats_title, NOQUOTE))";
MPRINT(EM_DIAGRAM):   title9 "Summary Statistics for Output Interval Variables";
22842      title10 "%sysfunc(sasmsg(sashelp.dmine, rpt_maxObsPrinted_title, NOQUOTE))";
MPRINT(EM_DIAGRAM):   title10 "(maximum 500 observations printed)";
MPRINT(EM_DIAGRAM):   var Name _METHOD_ NMISS MIN MAX MEAN STD SKEWNESS KURTOSIS;
MPRINT(EM_DIAGRAM):   where SOURCE eq 'OUTPUT' and mean ne .;
MPRINT(EM_DIAGRAM):   run;
22843      var Name _METHOD_ NMISS MIN MAX MEAN STD SKEWNESS KURTOSIS;
22844      where SOURCE eq 'OUTPUT' and mean ne .;
22845      run;

NOTE: No observations were selected from data set EMWS1.TRANS_STATISTICS.
NOTE: There were 0 observations read from the data set EMWS1.TRANS_STATISTICS.
      WHERE (SOURCE='OUTPUT') and (mean not = .);
NOTE: PROCEDURE PRINT used (Total process time):
      real time           0.01 seconds
      cpu time            0.01 seconds
      

22846      proc print data = EMWS1.Trans_STATISTICS(obs=500) noobs label;
MPRINT(EM_DIAGRAM):   proc print data = EMWS1.Trans_STATISTICS(obs=500) noobs label;
22847      title9 "%sysfunc(sasmsg(sashelp.dmine, rpt_classinputStats_title, NOQUOTE))";
MPRINT(EM_DIAGRAM):   title9 "Summary Statistics for Input Class Variables";
22848      title10 "%sysfunc(sasmsg(sashelp.dmine, rpt_maxObsPrinted_title, NOQUOTE))";
MPRINT(EM_DIAGRAM):   title10 "(maximum 500 observations printed)";
MPRINT(EM_DIAGRAM):   var Name NLEVEL NMISS;
MPRINT(EM_DIAGRAM):   where SOURCE eq 'INPUT' and nlevel ne .;
MPRINT(EM_DIAGRAM):   run;
22849      var Name NLEVEL NMISS;
22850      where SOURCE eq 'INPUT' and nlevel ne .;
22851      run;

NOTE: No observations were selected from data set EMWS1.TRANS_STATISTICS.
NOTE: There were 0 observations read from the data set EMWS1.TRANS_STATISTICS.
      WHERE (SOURCE='INPUT') and (nlevel not = .);
NOTE: PROCEDURE PRINT used (Total process time):
      real time           0.01 seconds
      cpu time            0.01 seconds
      

22852      proc print data = EMWS1.Trans_STATISTICS(obs=500) noobs label;
MPRINT(EM_DIAGRAM):   proc print data = EMWS1.Trans_STATISTICS(obs=500) noobs label;
22853      title9 "%sysfunc(sasmsg(sashelp.dmine, rpt_classoutputStats_title, NOQUOTE))";
MPRINT(EM_DIAGRAM):   title9 "Summary Statistics for Output Class Variables";
22854      title10 "%sysfunc(sasmsg(sashelp.dmine, rpt_maxObsPrinted_title, NOQUOTE))";
MPRINT(EM_DIAGRAM):   title10 "(maximum 500 observations printed)";
MPRINT(EM_DIAGRAM):   var Name _METHOD_ NLEVEL NMISS;
MPRINT(EM_DIAGRAM):   where SOURCE eq 'OUTPUT' and nlevel ne .;
MPRINT(EM_DIAGRAM):   run;
22855      var Name _METHOD_ NLEVEL NMISS;
22856      where SOURCE eq 'OUTPUT' and nlevel ne .;
22857      run;

NOTE: No observations were selected from data set EMWS1.TRANS_STATISTICS.
NOTE: There were 0 observations read from the data set EMWS1.TRANS_STATISTICS.
      WHERE (SOURCE='OUTPUT') and (nlevel not = .);
NOTE: PROCEDURE PRINT used (Total process time):
      real time           0.01 seconds
      cpu time            0.00 seconds
      

22858      title9;
MPRINT(EM_DIAGRAM):   title9;
22859      title10;
MPRINT(EM_DIAGRAM):   title10;
22860      data EMWS1.Trans_EMSCOREVAR;
MPRINT(EM_DIAGRAM):    data EMWS1.Trans_EMSCOREVAR;
22861      length Name $32 formula $300 file $200;
MPRINT(EM_DIAGRAM):   length Name $32 formula $300 file $200;
22862      keep NAME Formula file;
MPRINT(EM_DIAGRAM):   keep NAME Formula file;
22863      set EMWS1.Trans_STATISTICS;
MPRINT(EM_DIAGRAM):   set EMWS1.Trans_STATISTICS;
22864      where SOURCE='Output';
MPRINT(EM_DIAGRAM):   where SOURCE='Output';
22865      select( _METHOD_);
MPRINT(EM_DIAGRAM):   select( _METHOD_);
22866      when('Computed') do;
MPRINT(EM_DIAGRAM):   when('Computed') do;
22867      file="TRANSFORMCODE\"!!strip(NAME)!!'.sas';
MPRINT(EM_DIAGRAM):   file="TRANSFORMCODE\"!!strip(NAME)!!'.sas';
22868      formula = '';
MPRINT(EM_DIAGRAM):   formula = '';
22869      end;
MPRINT(EM_DIAGRAM):   end;
22870      when('Formula') do;
MPRINT(EM_DIAGRAM):   when('Formula') do;
22871      if Formula eq 'Mixture of variables' then do;
MPRINT(EM_DIAGRAM):   if Formula eq 'Mixture of variables' then do;
22872      file= "EDITORCODE.sas";
MPRINT(EM_DIAGRAM):   file= "EDITORCODE.sas";
22873      formula = '';
MPRINT(EM_DIAGRAM):   formula = '';
22874      end;
MPRINT(EM_DIAGRAM):   end;
22875      if Formula = 'User Code' then do;
MPRINT(EM_DIAGRAM):   if Formula = 'User Code' then do;
22876      file= "EDITORCODE.sas";
MPRINT(EM_DIAGRAM):   file= "EDITORCODE.sas";
22877      formula = '';
MPRINT(EM_DIAGRAM):   formula = '';
22878      end;
MPRINT(EM_DIAGRAM):   end;
22879      end;
MPRINT(EM_DIAGRAM):   end;
22880      otherwise;
MPRINT(EM_DIAGRAM):   otherwise;
22881      end;
MPRINT(EM_DIAGRAM):   end;
22882      output;
MPRINT(EM_DIAGRAM):   output;
22883      run;
MPRINT(EM_DIAGRAM):   run;

NOTE: There were 11 observations read from the data set EMWS1.TRANS_STATISTICS.
      WHERE SOURCE='Output';
NOTE: The data set EMWS1.TRANS_EMSCOREVAR has 11 observations and 3 variables.
NOTE: DATA statement used (Total process time):
      real time           0.09 seconds
      cpu time            0.04 seconds
      

MPRINT(EM_DIAGRAM):    proc printto;
MPRINT(EM_DIAGRAM):   run;
