MPRINT(EM_DIAGRAM):    data _null_;
MPRINT(EM_DIAGRAM):   call symput('NLDATE', strip(put(date(), NLDATE.)));
MPRINT(EM_DIAGRAM):   call symput('NLTIME', strip(put(datetime(), NLTIME.)));
MPRINT(EM_DIAGRAM):   run;
MPRINT(EM_DIAGRAM):   data _null_;
MPRINT(EM_DIAGRAM):   nldate= sasmsg("sashelp.dmine", "log_date_note", 'N', "October 26, 2018" );
MPRINT(EM_DIAGRAM):   nltime= sasmsg("sashelp.dmine", "log_time_note", 'N', "00:02:00" );
MPRINT(EM_DIAGRAM):   put "*------------------------------------------------------------*";
MPRINT(EM_DIAGRAM):   put "* Training Log";
MPRINT(EM_DIAGRAM):   put nldate;
MPRINT(EM_DIAGRAM):   put nltime;
MPRINT(EM_DIAGRAM):   put "*------------------------------------------------------------*";
MPRINT(EM_DIAGRAM):   run;
*------------------------------------------------------------*
* Training Log
Date:                October 26, 2018
Time:                00:02:00
*------------------------------------------------------------*
MPRINT(EM_DIAGRAM):    filename O318QYFW "J:\JMMORR01\CIS 445\Tutorial 2\My Project\Workspaces\EMWS1\Ids2\EMTRAIN.out" encoding="UTF-8" NOBOM;
MPRINT(EM_DIAGRAM):   proc printto print=O318QYFW new;
MPRINT(EM_DIAGRAM):   run;
MPRINT(EM_DIAGRAM):    filename _LOG "J:\JMMORR01\CIS 445\Tutorial 2\My Project\Workspaces\EMWS1\Ids2\EMLOG.log" encoding="UTF-8" NOBOM;
MPRINT(EM_DIAGRAM):    data _null_;
MPRINT(EM_DIAGRAM):   call symput('NLDATE', strip(put(date(), NLDATE.)));
MPRINT(EM_DIAGRAM):   call symput('NLTIME', strip(put(datetime(), NLTIME.)));
MPRINT(EM_DIAGRAM):   run;
MPRINT(EM_DIAGRAM):   data _null_;
MPRINT(EM_DIAGRAM):   nldate= sasmsg("sashelp.dmine", "log_date_note", 'N', "October 26, 2018" );
MPRINT(EM_DIAGRAM):   nltime= sasmsg("sashelp.dmine", "log_time_note", 'N', "00:02:00" );
MPRINT(EM_DIAGRAM):   file _LOG;
MPRINT(EM_DIAGRAM):   put "*------------------------------------------------------------*";
MPRINT(EM_DIAGRAM):   put "User:                jmmorr01";
MPRINT(EM_DIAGRAM):   put nldate;
MPRINT(EM_DIAGRAM):   put nltime;
MPRINT(EM_DIAGRAM):   put "Site:                70080761";
MPRINT(EM_DIAGRAM):   put "Platform:            X64_8PRO";
MPRINT(EM_DIAGRAM):   put "Maintenance Release: 9.04.01M3P062415";
MPRINT(EM_DIAGRAM):   put "EM Version:          14.1";
MPRINT(EM_DIAGRAM):   put "* ";
MPRINT(EM_DIAGRAM):   run;
MPRINT(EM_DIAGRAM):    filename _LOGIN "J:\JMMORR01\CIS 445\Tutorial 2\My Project\Workspaces\EMWS1\Ids2\EMTRAIN.log" encoding="UTF-8" NOBOM;
MPRINT(EM_COPYFILE):   data _null_;
MPRINT(EM_COPYFILE):   length line $20000;
MPRINT(EM_COPYFILE):   file _LOG MOD lrecl=20000;
MPRINT(EM_COPYFILE):   fid=fopen("_LOGIN",'i',20000,'v');
MPRINT(EM_COPYFILE):   if fid > 0 then do;
MPRINT(EM_COPYFILE):   do while(^fread(fid));
MPRINT(EM_COPYFILE):   rlen = frlen(fid);
MPRINT(EM_COPYFILE):   rc= fget(fid,line,20000);
MPRINT(EM_COPYFILE):   start = length(line)-length(left(line))+1;
MPRINT(EM_COPYFILE):   line=strip(line);
MPRINT(EM_COPYFILE):   put @start line;
MPRINT(EM_COPYFILE):   end;
MPRINT(EM_COPYFILE):   if fid > 0 then rc=fclose(fid);
MPRINT(EM_COPYFILE):   end;
MPRINT(EM_COPYFILE):   run;
MPRINT(EM_DIAGRAM):  ;
MPRINT(EM_DIAGRAM):   filename _LOGIN;
MPRINT(EM_DIAGRAM):    data _null_;
MPRINT(EM_DIAGRAM):   file _LOG mod;
MPRINT(EM_DIAGRAM):   put _page_;
MPRINT(EM_DIAGRAM):   run;
MPRINT(EM_DIAGRAM):   filename _LOGIN "J:\JMMORR01\CIS 445\Tutorial 2\My Project\Workspaces\EMWS1\Ids2\EMSCORE.log" encoding="UTF-8" NOBOM;
MPRINT(EM_DIAGRAM):  ;
MPRINT(EM_DIAGRAM):   data _null_;
MPRINT(EM_DIAGRAM):   file _LOG mod;
MPRINT(EM_DIAGRAM):   put _page_;
MPRINT(EM_DIAGRAM):   run;
MPRINT(EM_DIAGRAM):    filename _LOGIN "J:\JMMORR01\CIS 445\Tutorial 2\My Project\Workspaces\EMWS1\Ids2\EMREPORT.log" encoding="UTF-8" NOBOM;
MPRINT(EM_DIAGRAM):  ;
MPRINT(EM_DIAGRAM):   filename _LOGIN;
MPRINT(EM_DIAGRAM):    filename _LOG;
MPRINT(EM_DIAGRAM):    filename _OUT "J:\JMMORR01\CIS 445\Tutorial 2\My Project\Workspaces\EMWS1\Ids2\EMOUTPUT.out" encoding="UTF-8" NOBOM;
MPRINT(EM_DIAGRAM):    data _null_;
MPRINT(EM_DIAGRAM):   call symput('NLDATE', strip(put(date(), NLDATE.)));
MPRINT(EM_DIAGRAM):   call symput('NLTIME', strip(put(datetime(), NLTIME.)));
MPRINT(EM_DIAGRAM):   run;
MPRINT(EM_DIAGRAM):   data _null_;
MPRINT(EM_DIAGRAM):   nldate= sasmsg("sashelp.dmine", "log_date_note", 'N', "October 26, 2018" );
MPRINT(EM_DIAGRAM):   nltime= sasmsg("sashelp.dmine", "log_time_note", 'N', "00:02:01" );
MPRINT(EM_DIAGRAM):   file _OUT;
MPRINT(EM_DIAGRAM):   put "*------------------------------------------------------------*";
MPRINT(EM_DIAGRAM):   put "User:                jmmorr01";
MPRINT(EM_DIAGRAM):   put nldate;
MPRINT(EM_DIAGRAM):   put nltime;
MPRINT(EM_DIAGRAM):   put "*------------------------------------------------------------*";
MPRINT(EM_DIAGRAM):   put "* Training Output";
MPRINT(EM_DIAGRAM):   put "*------------------------------------------------------------*";
MPRINT(EM_DIAGRAM):   run;
MPRINT(EM_DIAGRAM):    filename _OUTIN "J:\JMMORR01\CIS 445\Tutorial 2\My Project\Workspaces\EMWS1\Ids2\EMTRAIN.out" encoding="UTF-8" NOBOM;
MPRINT(EM_DIAGRAM):   ;
MPRINT(EM_COPYFILE):   data _null_;
MPRINT(EM_COPYFILE):   length line $20000;
MPRINT(EM_COPYFILE):   file _OUT MOD lrecl=20000;
MPRINT(EM_COPYFILE):   fid=fopen("_OUTIN",'i',20000,'v');
MPRINT(EM_COPYFILE):   if fid > 0 then do;
MPRINT(EM_COPYFILE):   do while(^fread(fid));
MPRINT(EM_COPYFILE):   rlen = frlen(fid);
MPRINT(EM_COPYFILE):   rc= fget(fid,line,20000);
MPRINT(EM_COPYFILE):   start = length(line)-length(left(line))+1;
MPRINT(EM_COPYFILE):   line=strip(line);
MPRINT(EM_COPYFILE):   put @start line;
MPRINT(EM_COPYFILE):   end;
MPRINT(EM_COPYFILE):   if fid > 0 then rc=fclose(fid);
MPRINT(EM_COPYFILE):   end;
MPRINT(EM_COPYFILE):   run;
MPRINT(EM_DIAGRAM):  ;
MPRINT(EM_DIAGRAM):   filename _OUTIN;
MPRINT(EM_DIAGRAM):    data _null_;
MPRINT(EM_DIAGRAM):   file _OUT mod;
MPRINT(EM_DIAGRAM):   put _page_;
MPRINT(EM_DIAGRAM):   put // "*------------------------------------------------------------*";
MPRINT(EM_DIAGRAM):   put "* Score Output";
MPRINT(EM_DIAGRAM):   put "*------------------------------------------------------------*";
MPRINT(EM_DIAGRAM):   run;
MPRINT(EM_DIAGRAM):    filename _OUTIN "J:\JMMORR01\CIS 445\Tutorial 2\My Project\Workspaces\EMWS1\Ids2\EMSCORE.out" encoding="UTF-8" NOBOM;
MPRINT(EM_DIAGRAM):  ;
MPRINT(EM_DIAGRAM):   filename _OUTIN;
MPRINT(EM_DIAGRAM):    data _null_;
MPRINT(EM_DIAGRAM):   file _OUT mod;
MPRINT(EM_DIAGRAM):   put _page_;
MPRINT(EM_DIAGRAM):   put // "*------------------------------------------------------------*";
MPRINT(EM_DIAGRAM):   put "* Report Output";
MPRINT(EM_DIAGRAM):   put "*------------------------------------------------------------*";
MPRINT(EM_DIAGRAM):   run;
MPRINT(EM_DIAGRAM):    filename _OUTIN "J:\JMMORR01\CIS 445\Tutorial 2\My Project\Workspaces\EMWS1\Ids2\EMREPORT.out" encoding="UTF-8" NOBOM;
MPRINT(EM_DIAGRAM):  ;
MPRINT(EM_DIAGRAM):   filename _OUTIN;
MPRINT(EM_DIAGRAM):    filename _OUT;
MPRINT(EM_DIAGRAM):    filename _emtool_ 'J:\JMMORR01\CIS 445\Tutorial 2\My Project\Workspaces\EMWS1\Ids2\EMRUNSTATUS.xml' encoding="UTF-8" NOBOM;
20965      proc freq data=EMWS1.Ids2_VariableSet noprint;
MPRINT(EM_DIAGRAM):    proc freq data=EMWS1.Ids2_VariableSet noprint;
20966      table ROLE*LEVEL/out=WORK.Ids2META;
MPRINT(EM_DIAGRAM):   table ROLE*LEVEL/out=WORK.Ids2META;
20967      run;
MPRINT(EM_DIAGRAM):   run;

NOTE: There were 13 observations read from the data set EMWS1.IDS2_VARIABLESET.
NOTE: The data set WORK.IDS2META has 2 observations and 4 variables.
NOTE: PROCEDURE FREQ used (Total process time):
      real time           0.09 seconds
      cpu time            0.01 seconds
      

20968      proc print data=WORK.Ids2META label noobs;
MPRINT(EM_DIAGRAM):   proc print data=WORK.Ids2META label noobs;
20969      var ROLE LEVEL COUNT;
MPRINT(EM_DIAGRAM):   var ROLE LEVEL COUNT;
20970      label ROLE = "%sysfunc(sasmsg(sashelp.dmine, meta_role_vlabel, NOQUOTE))" LEVEL = "%sysfunc(sasmsg(sashelp.dmine, meta_level_vlabel, NOQUOTE))" COUNT = "%sysfunc(sasmsg(sashelp.dmine, rpt_count_vlabel, NOQUOTE))";
MPRINT(EM_DIAGRAM):   label ROLE = "Role" LEVEL = "Measurement Level" COUNT = "Frequency Count";
20971      title9 ' ';
MPRINT(EM_DIAGRAM):   title9 ' ';
20972      title10 "%sysfunc(sasmsg(sashelp.dmine, rpt_varSummary_title  , NOQUOTE))";
MPRINT(EM_DIAGRAM):   title10 "Variable Summary";
MPRINT(EM_DIAGRAM):   run;
20973      run;

NOTE: There were 2 observations read from the data set WORK.IDS2META.
NOTE: The PROCEDURE PRINT printed page 1.
NOTE: PROCEDURE PRINT used (Total process time):
      real time           0.01 seconds
      cpu time            0.01 seconds
      

20974      title10;
MPRINT(EM_DIAGRAM):   title10;
20975      data _null_;
MPRINT(EM_DIAGRAM):    data _null_;
20976      rc = libref("SAMPSIO");
MPRINT(EM_DIAGRAM):   rc = libref("SAMPSIO");
20977      call symput('_librc', strip(put(rc, best.)));
MPRINT(EM_DIAGRAM):   call symput('_librc', strip(put(rc, best.)));
20978      run;
MPRINT(EM_DIAGRAM):   run;

NOTE: DATA statement used (Total process time):
      real time           0.01 seconds
      cpu time            0.01 seconds
      

20979      %let _engineTable =;
20980      data _null_;
MPRINT(EM_DIAGRAM):    data _null_;
20981      dsid = open("SAMPSIO.DMAHMEQ");
MPRINT(EM_DIAGRAM):   dsid = open("SAMPSIO.DMAHMEQ");
20982      if dsid then do;
MPRINT(EM_DIAGRAM):   if dsid then do;
20983      call symput('_engineTable', attrc(dsid, 'ENGINE'));
MPRINT(EM_DIAGRAM):   call symput('_engineTable', attrc(dsid, 'ENGINE'));
20984      dsid = close(dsid);
MPRINT(EM_DIAGRAM):   dsid = close(dsid);
20985      end;
MPRINT(EM_DIAGRAM):   end;
20986      run;
MPRINT(EM_DIAGRAM):   run;

NOTE: DATA statement used (Total process time):
      real time           0.00 seconds
      cpu time            0.00 seconds
      

20987      %let _lasrFile=;
20988      %let _sasiolaFile=;
20989      data null_;
MPRINT(EM_DIAGRAM):    data null_;
20990      length lasrfile sasiolaFile $2000;
MPRINT(EM_DIAGRAM):   length lasrfile sasiolaFile $2000;
20991      LASRFile = pathname("EMWS1")!!"\"!!"HPDM\"!!"hpdmlasr";
MPRINT(EM_DIAGRAM):   LASRFile = pathname("EMWS1")!!"\"!!"HPDM\"!!"hpdmlasr";
20992      SASIOLAFile = pathname("EMWS1")!!"\"!!"HPDM\"!!'sasiola.sas';
MPRINT(EM_DIAGRAM):   SASIOLAFile = pathname("EMWS1")!!"\"!!"HPDM\"!!'sasiola.sas';
20993      call symput('_lasrFile', strip(lasrfile));
MPRINT(EM_DIAGRAM):   call symput('_lasrFile', strip(lasrfile));
20994      call symput('_sasiolaFile', strip(sasiolafile));
MPRINT(EM_DIAGRAM):   call symput('_sasiolaFile', strip(sasiolafile));
20995      run;
MPRINT(EM_DIAGRAM):   run;

NOTE: The data set WORK.NULL_ has 1 observations and 2 variables.
NOTE: DATA statement used (Total process time):
      real time           0.01 seconds
      cpu time            0.00 seconds
      

20996      %let _UseGrid = 0;
20997      %hpdm_performance(data=SAMPSIO.DMAHMEQ, isGrid=_UseGrid);
MPRINT(EM_DIAGRAM):   
MPRINT(HPDM_PERFORMANCE):  ;
PERFORMANCE  DETAILS
MPRINT(EM_DIAGRAM):  ;
20998      %put &_UseGrid;
0
20999      %let em_idskey =;
21000      data _null_;
MPRINT(EM_DIAGRAM):    data _null_;
21001      set EMWS1.Ids2_VariableSet;
MPRINT(EM_DIAGRAM):   set EMWS1.Ids2_VariableSet;
21002      where ROLE = 'KEY';
MPRINT(EM_DIAGRAM):   where ROLE = 'KEY';
21003      call symput('em_idskey', strip(tranwrd(name, '"', '""')));
MPRINT(EM_DIAGRAM):   call symput('em_idskey', strip(tranwrd(name, '"', '""')));
21004      run;
MPRINT(EM_DIAGRAM):   run;

NOTE: There were 0 observations read from the data set EMWS1.IDS2_VARIABLESET.
      WHERE ROLE='KEY';
NOTE: DATA statement used (Total process time):
      real time           0.01 seconds
      cpu time            0.00 seconds
      

21005      %let emexceptionstring=;
21006      %EmAdviseColumns(SAMPSIO.DMAHMEQ, adviseMode=BASIC, applyIntervalLevelLowerLimit=N, applyMaxPercentMissing=N, applyMaxClassLevels=N, identifyEmptyColumns=N, maxLevelDetection=0, outdata=EMWS1.Ids2_EMCMETADEFAULT, newdataflag=N);
MPRINT(EM_DIAGRAM):   
MPRINT(EMADVISECOLUMNS):   proc display c=sashelp.emmeta.advisecolumns.scl;
MPRINT(EMADVISECOLUMNS):   run;

21007      %let SYSCC = 0;
21008      %let _dsidTable = 0;
21009      %let _engineTable =;
21010      data _null_;
MPRINT(EMADVISECOLUMNS):    data _null_;
21011      dsid = open('SAMPSIO.DMAHMEQ');
MPRINT(EMADVISECOLUMNS):   dsid = open('SAMPSIO.DMAHMEQ');
21012      call symput('_dsidTable', strip(put(dsid, best.)));
MPRINT(EMADVISECOLUMNS):   call symput('_dsidTable', strip(put(dsid, best.)));
21013      if dsid then do;
MPRINT(EMADVISECOLUMNS):   if dsid then do;
21014      call symput('_engineTable', attrc(dsid, 'ENGINE'));
MPRINT(EMADVISECOLUMNS):   call symput('_engineTable', attrc(dsid, 'ENGINE'));
21015      dsid = close(dsid);
MPRINT(EMADVISECOLUMNS):   dsid = close(dsid);
21016      end;
MPRINT(EMADVISECOLUMNS):   end;
21017      run;
MPRINT(EMADVISECOLUMNS):   run;

NOTE: DATA statement used (Total process time):
      real time           0.01 seconds
      cpu time            0.01 seconds
      

21018      options fmterr;
MPRINT(EMADVISECOLUMNS):    options fmterr;
21019      data _metaTestView;
MPRINT(EMADVISECOLUMNS):   data _metaTestView;
21020      set SAMPSIO.DMAHMEQ;
MPRINT(EMADVISECOLUMNS):   set SAMPSIO.DMAHMEQ;
21021      if _N_=1 then do;
MPRINT(EMADVISECOLUMNS):   if _N_=1 then do;
21022      output;
MPRINT(EMADVISECOLUMNS):   output;
21023      stop;
MPRINT(EMADVISECOLUMNS):   stop;
21024      end;
MPRINT(EMADVISECOLUMNS):   end;
21025      run;
MPRINT(EMADVISECOLUMNS):   run;

NOTE: There were 1 observations read from the data set SAMPSIO.DMAHMEQ.
NOTE: The data set WORK._METATESTVIEW has 1 observations and 13 variables.
NOTE: DATA statement used (Total process time):
      real time           0.01 seconds
      cpu time            0.01 seconds
      

21026      proc contents data=SAMPSIO.DMAHMEQ
21027      out=WORK.M1XLO85_ noprint;
MPRINT(EMADVISECOLUMNS):    proc contents data=SAMPSIO.DMAHMEQ out=WORK.M1XLO85_ noprint;
21028      run;
MPRINT(EMADVISECOLUMNS):   run;

NOTE: The data set WORK.M1XLO85_ has 13 observations and 41 variables.
NOTE: PROCEDURE CONTENTS used (Total process time):
      real time           0.01 seconds
      cpu time            0.01 seconds
      

21029      data WORK.M1XLO85_;
MPRINT(EMADVISECOLUMNS):    data WORK.M1XLO85_;
21030      length NAME $ 64 TYPE $ 1 LABEL $ 200 FORMAT $ 36 INFORMAT $36 INDEX $ 1 INDEXTYPE $ 9;
MPRINT(EMADVISECOLUMNS):   length NAME $ 64 TYPE $ 1 LABEL $ 200 FORMAT $ 36 INFORMAT $36 INDEX $ 1 INDEXTYPE $ 9;
21031      label NAME =;
MPRINT(EMADVISECOLUMNS):   label NAME =;
21032      set WORK.M1XLO85_(keep=name type length label format formatl formatd informat informl informd idxusage rename=(type=itype));
MPRINT(EMADVISECOLUMNS):   set WORK.M1XLO85_(keep=name type length label format formatl formatd informat informl informd idxusage rename=(type=itype));
21033      if itype = 1 then type = 'N';
MPRINT(EMADVISECOLUMNS):   if itype = 1 then type = 'N';
21034      else type = 'C';
MPRINT(EMADVISECOLUMNS):   else type = 'C';
21035      if formatl > 0 then do;
MPRINT(EMADVISECOLUMNS):   if formatl > 0 then do;
21036      if format ne '' then do;
MPRINT(EMADVISECOLUMNS):   if format ne '' then do;
21037      if type='N' then format = strip(format)!!strip(put(formatl, best12.))!!'.'!!strip(put(formatd, best12.));
MPRINT(EMADVISECOLUMNS):   if type='N' then format = strip(format)!!strip(put(formatl, best12.))!!'.'!!strip(put(formatd, best12.));
21038      else format = strip(format)!!strip(put(formatl, best12.))!!'.';
MPRINT(EMADVISECOLUMNS):   else format = strip(format)!!strip(put(formatl, best12.))!!'.';
21039      end;
MPRINT(EMADVISECOLUMNS):   end;
21040      else format = strip(put(formatl, best12.))!!'.'!!strip(put(formatd, best12.));
MPRINT(EMADVISECOLUMNS):   else format = strip(put(formatl, best12.))!!'.'!!strip(put(formatd, best12.));
21041      end;
MPRINT(EMADVISECOLUMNS):   end;
21042      else if format ne '' then format = strip(format)!!'.';
MPRINT(EMADVISECOLUMNS):   else if format ne '' then format = strip(format)!!'.';
21043      if informl > 0 then do;
MPRINT(EMADVISECOLUMNS):   if informl > 0 then do;
21044      if informat ne ' ' then do;
MPRINT(EMADVISECOLUMNS):   if informat ne ' ' then do;
21045      if type='N' then informat = strip(informat)!!strip(put(informl, best12.))!!'.'!!strip(put(informd, best12.));
MPRINT(EMADVISECOLUMNS):   if type='N' then informat = strip(informat)!!strip(put(informl, best12.))!!'.'!!strip(put(informd, best12.));
21046      else informat = strip(informat)!!strip(put(informl, best12.))!!'.';
MPRINT(EMADVISECOLUMNS):   else informat = strip(informat)!!strip(put(informl, best12.))!!'.';
21047      end;
MPRINT(EMADVISECOLUMNS):   end;
21048      else informat = strip(put(informl, best12.))!!'.'!!strip(put(informd, best12.));
MPRINT(EMADVISECOLUMNS):   else informat = strip(put(informl, best12.))!!'.'!!strip(put(informd, best12.));
21049      end;
MPRINT(EMADVISECOLUMNS):   end;
21050      else if informat ne '' then informat = strip(informat)!!'.';
MPRINT(EMADVISECOLUMNS):   else if informat ne '' then informat = strip(informat)!!'.';
21051      if idxusage = 'NONE' then index ="N";
MPRINT(EMADVISECOLUMNS):   if idxusage = 'NONE' then index ="N";
21052      else index = "Y";
MPRINT(EMADVISECOLUMNS):   else index = "Y";
21053      indextype = idxusage;
MPRINT(EMADVISECOLUMNS):   indextype = idxusage;
21054      drop idxusage itype formatl formatd informl informd;
MPRINT(EMADVISECOLUMNS):   drop idxusage itype formatl formatd informl informd;
21055      run;
MPRINT(EMADVISECOLUMNS):   run;

NOTE: There were 13 observations read from the data set WORK.M1XLO85_.
NOTE: The data set WORK.M1XLO85_ has 13 observations and 8 variables.
NOTE: DATA statement used (Total process time):
      real time           0.03 seconds
      cpu time            0.03 seconds
      

21056      data WORK.M39E5W7J;
MPRINT(EMADVISECOLUMNS):    data WORK.M39E5W7J;
21057      length UNAME $64;
MPRINT(EMADVISECOLUMNS):   length UNAME $64;
21058      set WORK.M39E5W7J;
MPRINT(EMADVISECOLUMNS):   set WORK.M39E5W7J;
21059      UNAME = upcase(NAME);
MPRINT(EMADVISECOLUMNS):   UNAME = upcase(NAME);
21060      run;
MPRINT(EMADVISECOLUMNS):   run;

NOTE: There were 13 observations read from the data set WORK.M39E5W7J.
NOTE: The data set WORK.M39E5W7J has 13 observations and 22 variables.
NOTE: DATA statement used (Total process time):
      real time           0.01 seconds
      cpu time            0.01 seconds
      

21061      data WORK.M1XLO85_;
MPRINT(EMADVISECOLUMNS):    data WORK.M1XLO85_;
21062      length UNAME $64;
MPRINT(EMADVISECOLUMNS):   length UNAME $64;
21063      set WORK.M1XLO85_;
MPRINT(EMADVISECOLUMNS):   set WORK.M1XLO85_;
21064      UNAME = upcase(NAME);
MPRINT(EMADVISECOLUMNS):   UNAME = upcase(NAME);
21065      run;
MPRINT(EMADVISECOLUMNS):   run;

NOTE: There were 13 observations read from the data set WORK.M1XLO85_.
NOTE: The data set WORK.M1XLO85_ has 13 observations and 9 variables.
NOTE: DATA statement used (Total process time):
      real time           0.01 seconds
      cpu time            0.01 seconds
      

MPRINT(EMADVISECOLUMNS):    proc sort data=WORK.M1XLO85_ NOTHREADS;
MPRINT(EMADVISECOLUMNS):   by UNAME;
MPRINT(EMADVISECOLUMNS):   run;
MPRINT(EMADVISECOLUMNS):   proc sort data=WORK.M39E5W7J NOTHREADS;
MPRINT(EMADVISECOLUMNS):   by UNAME;
MPRINT(EMADVISECOLUMNS):   run;
MPRINT(EMADVISECOLUMNS):   data WORK.M39E5W7J;
MPRINT(EMADVISECOLUMNS):   merge WORK.M39E5W7J(in=_a) WORK.M1XLO85_(in=_b);
MPRINT(EMADVISECOLUMNS):   by UNAME;
MPRINT(EMADVISECOLUMNS):   if _a and ^_b then delete;
MPRINT(EMADVISECOLUMNS):   run;
21077      data WORK.M39E5W7J;
MPRINT(EMADVISECOLUMNS):    data WORK.M39E5W7J;
21078      drop UNAME;
MPRINT(EMADVISECOLUMNS):   drop UNAME;
21079      set WORK.M39E5W7J;
MPRINT(EMADVISECOLUMNS):   set WORK.M39E5W7J;
21080      run;
MPRINT(EMADVISECOLUMNS):   run;

NOTE: There were 13 observations read from the data set WORK.M39E5W7J.
NOTE: The data set WORK.M39E5W7J has 13 observations and 21 variables.
NOTE: DATA statement used (Total process time):
      real time           0.03 seconds
      cpu time            0.01 seconds
      

MPRINT(EMADVISECOLUMNS):    data WORK.M1JORF0H(keep=NAME ATTR);
MPRINT(EMADVISECOLUMNS):   length ATTR $ 20;
MPRINT(EMADVISECOLUMNS):   set WORK.M39E5W7J;
MPRINT(EMADVISECOLUMNS):   if level ne "INTERVAL" then do;
MPRINT(EMADVISECOLUMNS):   if order = ' ' then do;
MPRINT(EMADVISECOLUMNS):   attr = 'ORDER';
MPRINT(EMADVISECOLUMNS):   output;
MPRINT(EMADVISECOLUMNS):   end;
MPRINT(EMADVISECOLUMNS):   end;
MPRINT(EMADVISECOLUMNS):   if format ne ' ' and formattype = ' ' then do;
MPRINT(EMADVISECOLUMNS):   attr = 'FORMATTYPE';
MPRINT(EMADVISECOLUMNS):   output;
MPRINT(EMADVISECOLUMNS):   end;
MPRINT(EMADVISECOLUMNS):   if role = ' ' then do;
MPRINT(EMADVISECOLUMNS):   attr = 'ROLE';
MPRINT(EMADVISECOLUMNS):   output;
MPRINT(EMADVISECOLUMNS):   end;
MPRINT(EMADVISECOLUMNS):   if level = ' ' then do;
MPRINT(EMADVISECOLUMNS):   attr = 'LEVEL';
MPRINT(EMADVISECOLUMNS):   output;
MPRINT(EMADVISECOLUMNS):   end;
MPRINT(EMADVISECOLUMNS):   if type = ' ' then do;
MPRINT(EMADVISECOLUMNS):   attr = 'TYPE';
MPRINT(EMADVISECOLUMNS):   output;
MPRINT(EMADVISECOLUMNS):   end;
MPRINT(EMADVISECOLUMNS):   if index = ' ' then do;
MPRINT(EMADVISECOLUMNS):   attr = 'INDEX';
MPRINT(EMADVISECOLUMNS):   output;
MPRINT(EMADVISECOLUMNS):   end;
MPRINT(EMADVISECOLUMNS):   if report = ' ' then do;
MPRINT(EMADVISECOLUMNS):   attr = 'REPORT';
MPRINT(EMADVISECOLUMNS):   output;
MPRINT(EMADVISECOLUMNS):   end;
MPRINT(EMADVISECOLUMNS):   run;
MPRINT(EMADVISECOLUMNS):   proc sort NOTHREADS;
MPRINT(EMADVISECOLUMNS):   by attr;
MPRINT(EMADVISECOLUMNS):   run;
MPRINT(EMADVISECOLUMNS):    data WORK.M39E5W7J;
MPRINT(EMADVISECOLUMNS):   length NAME $64 ROLE $ 32 LEVEL $ 10 ORDER $ 8 CREATOR $32 FORMATTYPE $ 10 FAMILY $ 10 LOWERLIMIT 8 UPPERLIMIT 8 REPORT $1 DISTRIBUTION $ 20 COMMENT $64;
MPRINT(EMADVISECOLUMNS):   length levelAssigned 8 roleAssigned 8 PRICE 8;
MPRINT(EMADVISECOLUMNS):   set WORK.M39E5W7J;
MPRINT(EMADVISECOLUMNS):   if formattype = ' ' then do;
MPRINT(EMADVISECOLUMNS):   if format ne ' ' then do;
MPRINT(EMADVISECOLUMNS):   if type = 'N' then do;
MPRINT(EMADVISECOLUMNS):   pos = indexc(format,'.1234567890');
MPRINT(EMADVISECOLUMNS):   if pos > 1 then tempfmt = substr(format,1, pos-1);
MPRINT(EMADVISECOLUMNS):   else tempfmt = ' ';
MPRINT(EMADVISECOLUMNS):   flen = length(tempfmt);
MPRINT(EMADVISECOLUMNS):   select;
MPRINT(EMADVISECOLUMNS):   when(tempfmt in ("DATE" "DAY" "DDMMYY" "DOWNAME" "JULDAY" "JULIAN" "MMDDYY" "MMDDYYD" "MMDDYYC" "MMDDYYN" "MMDDYYP" "MMDDYYS" "MONNAME" "MONTH" "MONYY" "NENGO" "QTR" "QTRR" "WEEKDATE" "WEEKDATX" "WEEKDAY" "WORDDATE" "WORDDATX" 
"YEAR" "YYMMDD" "YYMON" "YYMMDDC" "YYMMDDD" "YYMMDDN" "YYMMDDP" "YYMMDDS" "EURDFDE" "NJDATE" "NLDATE" "EURDFDD" "EURDFDWN" "EURDFMN" "EURDFMY" "EURDFWK" "EURDFWKX" "EURDFWDX" "EURDFDN" "EURDFDE" )) formattype = 'DATE';
MPRINT(EMADVISECOLUMNS):   when(tempfmt in ("DATETIME" "EURDFDT" "TOD" )) formattype = "DATETIME";
MPRINT(EMADVISECOLUMNS):   when(tempfmt in ("HHMM" "HOUR" "MMSS" "TIME" "TIMEAMPM" )) formattype = "TIME";
MPRINT(EMADVISECOLUMNS):   when(tempfmt in ("COMMA" "COMMAX" "DOLLAR" "DOLLARX" "E" "FRACT" "NEGPAREN" "PERCENT")) formattype="QUANTITY";
MPRINT(EMADVISECOLUMNS):   when(tempfmt in ("BINARY" "HEX" "IB" "OCTAL" "PD" "PIB" "PK" "RB" "SSN" "Z" "ZD")) formattype = "CODING";
MPRINT(EMADVISECOLUMNS):   otherwise do;
MPRINT(EMADVISECOLUMNS):   formattype = "USER";
MPRINT(EMADVISECOLUMNS):   if compress(tempfmt, '0123456789.', '') = '' then formattype='NUM';
MPRINT(EMADVISECOLUMNS):   else if substr(tempfmt, 1, 6)='NLDATE' then formattype = "DATE";
MPRINT(EMADVISECOLUMNS):   else if substr(tempfmt, 1, 6)='NLDATM' then formattype = "DATETIME";
MPRINT(EMADVISECOLUMNS):   else if substr(tempfmt, 1, 4)='NLTIM' then formattype = "TIME";
MPRINT(EMADVISECOLUMNS):   else if flen >= 4 then do;
MPRINT(EMADVISECOLUMNS):   str = substr(tempfmt,1,4);
MPRINT(EMADVISECOLUMNS):   if str in ("MMYY" "YYMM" "YYQR") then formattype ="DATE";
MPRINT(EMADVISECOLUMNS):   else if str = "S370" then formattype = "CODING";
MPRINT(EMADVISECOLUMNS):   else if str = "BEST" then formattype = "NUM";
MPRINT(EMADVISECOLUMNS):   drop str;
MPRINT(EMADVISECOLUMNS):   end;
MPRINT(EMADVISECOLUMNS):   else if flen >=3 and substr(tempfmt,1,3) = "YYQ" then formatType = "DATE";
MPRINT(EMADVISECOLUMNS):   end;
MPRINT(EMADVISECOLUMNS):   end;
MPRINT(EMADVISECOLUMNS):   drop flen tempfmt pos;
MPRINT(EMADVISECOLUMNS):   end;
MPRINT(EMADVISECOLUMNS):   else do;
MPRINT(EMADVISECOLUMNS):   formatType = "CATEGORY";
MPRINT(EMADVISECOLUMNS):   end;
MPRINT(EMADVISECOLUMNS):   end;
MPRINT(EMADVISECOLUMNS):   if formatType = "NUM" then do;
MPRINT(EMADVISECOLUMNS):   if index = "Y" then formatType = "DISCRETE";
MPRINT(EMADVISECOLUMNS):   else formatType = "QUANTITY";
MPRINT(EMADVISECOLUMNS):   end;
MPRINT(EMADVISECOLUMNS):   end;
MPRINT(EMADVISECOLUMNS):   if level = ' ' then do;
MPRINT(EMADVISECOLUMNS):   if formatType in ("CATEGORY", "CODING", "ID") or type = "C" then level = "NOMINAL";
MPRINT(EMADVISECOLUMNS):   else level = "INTERVAL";
MPRINT(EMADVISECOLUMNS):   levelAssigned = 1;
MPRINT(EMADVISECOLUMNS):   end;
MPRINT(EMADVISECOLUMNS):   else level = upcase(level);
MPRINT(EMADVISECOLUMNS):   if role = ' ' then do;
MPRINT(EMADVISECOLUMNS):   length name_prefix $8 _uname $64;
MPRINT(EMADVISECOLUMNS):   drop name_prefix _uname _freqflag;
MPRINT(EMADVISECOLUMNS):   retain _freqflag;
MPRINT(EMADVISECOLUMNS):   if LENGTH> 80 then ROLE = 'TEXT';
MPRINT(EMADVISECOLUMNS):   _uname = upcase(NAME);
MPRINT(EMADVISECOLUMNS):   select(_uname);
MPRINT(EMADVISECOLUMNS):   when('_PARTIND_') do;
MPRINT(EMADVISECOLUMNS):   ROLE = 'ID';
MPRINT(EMADVISECOLUMNS):   LEVEL = 'NOMINAL';
MPRINT(EMADVISECOLUMNS):   end;
MPRINT(EMADVISECOLUMNS):   when('_WARN_') ROLE = 'ASSESS';
MPRINT(EMADVISECOLUMNS):   when('EM_SEGMENT') do;
MPRINT(EMADVISECOLUMNS):   ROLE = 'SEGMENT';
MPRINT(EMADVISECOLUMNS):   LEVEL = 'NOMINAL';
MPRINT(EMADVISECOLUMNS):   end;
MPRINT(EMADVISECOLUMNS):   when('_NODE_') do;
MPRINT(EMADVISECOLUMNS):   ROLE = 'SEGMENT';
MPRINT(EMADVISECOLUMNS):   LEVEL = 'NOMINAL';
MPRINT(EMADVISECOLUMNS):   end;
MPRINT(EMADVISECOLUMNS):   when('EM_CLASSTARGET') ROLE = 'ASSESS';
MPRINT(EMADVISECOLUMNS):   when('EM_VALUETARGET') ROLE = 'ASSESS';
MPRINT(EMADVISECOLUMNS):   when('EM_PREDICTION') ROLE = 'PREDICT';
MPRINT(EMADVISECOLUMNS):   when('EM_PROBABILITY') ROLE = 'PREDICT';
MPRINT(EMADVISECOLUMNS):   when('EM_EVENTPROBABILITY') ROLE = 'PREDICT';
MPRINT(EMADVISECOLUMNS):   when('EM_CLASSIFICATION') ROLE = 'CLASSIFICATION';
MPRINT(EMADVISECOLUMNS):   when('EM_DECISION') ROLE = 'DECISION';
MPRINT(EMADVISECOLUMNS):   when('EM_PROFIT') ROLE = 'ASSESS';
MPRINT(EMADVISECOLUMNS):   when('EM_LOSS') ROLE = 'ASSESS';
MPRINT(EMADVISECOLUMNS):   when('EM_ROI') ROLE = 'ASSESS';
MPRINT(EMADVISECOLUMNS):   when('URI') ROLE = 'URL';
MPRINT(EMADVISECOLUMNS):   when('FILTERED') ROLE = 'TEXTLOC';
MPRINT(EMADVISECOLUMNS):   otherwise do;
MPRINT(EMADVISECOLUMNS):   if upcase(NAME) =: 'ZIP' then do;
MPRINT(EMADVISECOLUMNS):   ROLE = 'REJECTED';
MPRINT(EMADVISECOLUMNS):   LEVEL = 'NOMINAL';
MPRINT(EMADVISECOLUMNS):   COMMENT = 'Rejected by: Exceed the maximum class level of %s';
MPRINT(EMADVISECOLUMNS):   end;
MPRINT(EMADVISECOLUMNS):   else if upcase(NAME) in('FREQ', 'FREQUENCY') then do;
MPRINT(EMADVISECOLUMNS):   ROLE = 'FREQ';
MPRINT(EMADVISECOLUMNS):   if TYPE = 'C' then ROLE = 'INPUT';
MPRINT(EMADVISECOLUMNS):   else if _freqflag =1 then ROLE='REJECTED';
MPRINT(EMADVISECOLUMNS):   end;
MPRINT(EMADVISECOLUMNS):   else do;
MPRINT(EMADVISECOLUMNS):   name_prefix = scan(_uname, 1, '_');
MPRINT(EMADVISECOLUMNS):   if scan(_uname, 2, '_') = '' then name_prefix='';
MPRINT(EMADVISECOLUMNS):   if name_prefix in('F', 'I', 'U') then do;
MPRINT(EMADVISECOLUMNS):   ROLE = 'CLASSIFICATION';
MPRINT(EMADVISECOLUMNS):   LEVEL = 'NOMINAL';
MPRINT(EMADVISECOLUMNS):   end;
MPRINT(EMADVISECOLUMNS):   else if name_prefix in('Q') then ROLE = 'ASSESS';
MPRINT(EMADVISECOLUMNS):   else if name_prefix in('P', 'V') then ROLE = 'PREDICT';
MPRINT(EMADVISECOLUMNS):   else if name_prefix in('R', 'RS', 'RT', 'RD', 'RDS', 'RDT', 'RA', 'RAS', 'RAT') then ROLE = 'RESIDUAL';
MPRINT(EMADVISECOLUMNS):   else if name_prefix ='D' then do;
MPRINT(EMADVISECOLUMNS):   ROLE = 'DECISION';
MPRINT(EMADVISECOLUMNS):   LEVEL = 'NOMINAL';
MPRINT(EMADVISECOLUMNS):   end;
MPRINT(EMADVISECOLUMNS):   else if name_prefix ='B' then do;
MPRINT(EMADVISECOLUMNS):   ROLE = 'SEGMENT';
MPRINT(EMADVISECOLUMNS):   LEVEL = 'NOMINAL';
MPRINT(EMADVISECOLUMNS):   end;
MPRINT(EMADVISECOLUMNS):   else if name_prefix in('EP', 'BP', 'CP', 'EL', 'CL', 'BL', 'W', 'ROI', 'IC') then ROLE = 'ASSESS';
MPRINT(EMADVISECOLUMNS):   else do;
MPRINT(EMADVISECOLUMNS):   array _ROLE_ (19) $32 _TEMPORARY_ ('ASSESS','CLASSIFICATION','CENSOR', 'COST', 'CROSSID', 'DECISION', 'ID','INPUT', 'LABEL', 'MISSING','PREDICT','REFERRER','REJECTED', 'RESIDUAL','SEGMENT', 'SEQUENCE','TARGET', 'TEXT', 'TIMEID');
MPRINT(EMADVISECOLUMNS):   drop _found_ i;
MPRINT(EMADVISECOLUMNS):   _found_=0;
MPRINT(EMADVISECOLUMNS):   do i=1 to 19 until(_found_=1);
MPRINT(EMADVISECOLUMNS):   if index(_uname, trim(_ROLE_{i}))=1 then do;
MPRINT(EMADVISECOLUMNS):   ROLE=_ROLE_{i};
MPRINT(EMADVISECOLUMNS):   if ROLE = 'ID' then LEVEL = 'NOMINAL';
MPRINT(EMADVISECOLUMNS):   else if ROLE = 'SEGMENT' then LEVEL = 'NOMINAL';
MPRINT(EMADVISECOLUMNS):   else if ROLE = 'TIMEID' and TYPE='N' then LEVEL = 'INTERVAL';
MPRINT(EMADVISECOLUMNS):   _found_=1;
MPRINT(EMADVISECOLUMNS):   end;
MPRINT(EMADVISECOLUMNS):   end;
MPRINT(EMADVISECOLUMNS):   if length(_uname)>2 then do;
MPRINT(EMADVISECOLUMNS):   if substr(reverse(trim(_uname)), 1, 3) = 'DI_' then do;
MPRINT(EMADVISECOLUMNS):   ROLE = 'ID';
MPRINT(EMADVISECOLUMNS):   LEVEL = 'NOMINAL';
MPRINT(EMADVISECOLUMNS):   end;
MPRINT(EMADVISECOLUMNS):   end;
MPRINT(EMADVISECOLUMNS):   end;
MPRINT(EMADVISECOLUMNS):   end;
MPRINT(EMADVISECOLUMNS):   end;
MPRINT(EMADVISECOLUMNS):   end;
MPRINT(EMADVISECOLUMNS):   if ROLE='FREQ' then _freqflag=1;
MPRINT(EMADVISECOLUMNS):   else if ROLE = 'CLASSIFICATION' then LEVEL = 'NOMINAL';
MPRINT(EMADVISECOLUMNS):   if symexist('RATEMKG_ROLE') then do;
MPRINT(EMADVISECOLUMNS):   if upcase(symget('RATEMKG_ROLE')) in('Y', 'YES') then do;
MPRINT(EMADVISECOLUMNS):   if _uname =: 'POLICY' then ROLE = 'POLICYID';
MPRINT(EMADVISECOLUMNS):   else if _uname in ('PARTITION', '_PARTIND_') then ROLE = 'PARTITION';
MPRINT(EMADVISECOLUMNS):   else if type = 'N' then do;
MPRINT(EMADVISECOLUMNS):   if _uname = 'EXPOSURE' then ROLE = 'EXPOSURE';
MPRINT(EMADVISECOLUMNS):   else if _uname = 'YEAR' then ROLE = 'YEAR';
MPRINT(EMADVISECOLUMNS):   else if _uname = 'WEIGHT' then ROLE = 'WEIGHT';
MPRINT(EMADVISECOLUMNS):   else if _uname = 'OFFSET' then ROLE = 'OFFSET';
MPRINT(EMADVISECOLUMNS):   end;
MPRINT(EMADVISECOLUMNS):   end;
MPRINT(EMADVISECOLUMNS):   end;
MPRINT(EMADVISECOLUMNS):   end;
MPRINT(EMADVISECOLUMNS):   if role = ' ' then do;
MPRINT(EMADVISECOLUMNS):   if formattype in('DATE', 'DATETIME', 'TIME') then role = 'TIMEID';
MPRINT(EMADVISECOLUMNS):   else role = 'INPUT';
MPRINT(EMADVISECOLUMNS):   roleAssigned = 1;
MPRINT(EMADVISECOLUMNS):   end;
MPRINT(EMADVISECOLUMNS):   else role = upcase(role);
MPRINT(EMADVISECOLUMNS):   if REPORT = '' then REPORT = 'N';
MPRINT(EMADVISECOLUMNS):   if symexist('dmwb_product') then do;
MPRINT(EMADVISECOLUMNS):   if upcase(symget('dmwb_product')) = 'FACTORYMINER_DATASOURCE' then do;
MPRINT(EMADVISECOLUMNS):   if ROLE ^in('INPUT', 'TARGET', 'REJECTED', 'SEGMENT', 'FREQ', 'ID', 'KEY') then ROLE='REJECTED';
MPRINT(EMADVISECOLUMNS):   end;
MPRINT(EMADVISECOLUMNS):   end;
MPRINT(EMADVISECOLUMNS):   run;
MPRINT(EMADVISECOLUMNS):    data WORK.M39E5W7J;
MPRINT(EMADVISECOLUMNS):   set WORK.M39E5W7J;
MPRINT(EMADVISECOLUMNS):   label NAME = "Variable Name" TYPE = "Type" ROLE = "Role" LEVEL= "Measurement Level" ORDER= "Order" CREATOR= "Creator" FORMATTYPE= "Format Type" FAMILY= "Family" DISTRIBUTION= "Distribution" PRICE= "Price" LOWERLIMIT= "Lower 
limit" UPPERLIMIT= "Upper Limit" REPORT= "Report" COMMENT= "Comment" INDEX= "Index" INDEXTYPE= "IndexType" LABEL= "Label" LENGTH= "Length";
MPRINT(EMADVISECOLUMNS):   drop levelAssigned roleAssigned;
MPRINT(EMADVISECOLUMNS):   run;
NOTE: PROCEDURE DISPLAY used (Total process time):
      real time           0.60 seconds
      cpu time            0.37 seconds
      

MPRINT(EMADVISECOLUMNS):   
MPRINT(EM_DIAGRAM):  ;

21331      %EmAdviseTable(SAMPSIO.DMAHMEQ, outdata=EMWS1.Ids2_EMTMETADEFAULT, newdataflag=N);
MPRINT(EM_DIAGRAM):   
MPRINT(EMADVISETABLE):   proc display c=sashelp.emmeta.advisetable.scl;
MPRINT(EMADVISETABLE):   run;

21332      %let SYSCC = 0;
21333      data EMWS1.Ids2_EMTMETADEFAULT;
MPRINT(EMADVISETABLE):    data EMWS1.Ids2_EMTMETADEFAULT;
21334      set EMWS1.Ids2_EMTMETADEFAULT;
MPRINT(EMADVISETABLE):   set EMWS1.Ids2_EMTMETADEFAULT;
21335      length LIBNAME $8;
MPRINT(EMADVISETABLE):   length LIBNAME $8;
21336      LIBNAME = "SAMPSIO";
MPRINT(EMADVISETABLE):   LIBNAME = "SAMPSIO";
21337      run;
MPRINT(EMADVISETABLE):   run;

NOTE: There were 1 observations read from the data set EMWS1.IDS2_EMTMETADEFAULT.
NOTE: The data set EMWS1.IDS2_EMTMETADEFAULT has 1 observations and 15 variables.
NOTE: DATA statement used (Total process time):
      real time           0.12 seconds
      cpu time            0.01 seconds
      

MPRINT(EMADVISETABLE):    data _null_;
MPRINT(EMADVISETABLE):   dsid = open("SAMPSIO.DMAHMEQ");
MPRINT(EMADVISETABLE):   call symput("_DSID", put(dsid,BEST.));
MPRINT(EMADVISETABLE):   if dsid > 0 then dsid = close(dsid);
MPRINT(EMADVISETABLE):   run;
MPRINT(EMADVISETABLE):    ods output enginehost=em_tablehost;
MPRINT(EMADVISETABLE):   ods listing close;
MPRINT(EMADVISETABLE):   proc contents data=SAMPSIO.DMAHMEQ;
MPRINT(EMADVISETABLE):   run;
MPRINT(EMADVISETABLE):   ods listing;
MPRINT(EMADVISETABLE):    data WORK.M1DNF3IZ;
MPRINT(EMADVISETABLE):   length MEMNAME $ 32 MEMTYPE $ 8 MEMLABEL $ 256 TYPEMEM $ 8 ENGINE $ 8 CRDATE 8 MODATE 8 NOBS 8 NCOLS 8 NBYTES 8 ROLE $ 20 USEEXTERNALDATA $1 SAMPLINGRATE 8 SEGMENT $ 20;
MPRINT(EMADVISETABLE):   set WORK.M1DNF3IZ(obs=1);
MPRINT(EMADVISETABLE):   nobs = 5960;
MPRINT(EMADVISETABLE):   ncols = 13;
MPRINT(EMADVISETABLE):   nbytes = 656384;
MPRINT(EMADVISETABLE):   memname = "DMAHMEQ";
MPRINT(EMADVISETABLE):   memtype = "DATA    ";
MPRINT(EMADVISETABLE):   memlabel = "All: Home-Equity Loan Scoring Data";
MPRINT(EMADVISETABLE):   typemem = "DATA    ";
MPRINT(EMADVISETABLE):   engine = "V9      ";
MPRINT(EMADVISETABLE):   crdate = 1750814792.885;
MPRINT(EMADVISETABLE):   modate = 1750814792.885;
MPRINT(EMADVISETABLE):   format crdate datetime16.;
MPRINT(EMADVISETABLE):   format modate datetime16.;
MPRINT(EMADVISETABLE):   if role = ' ' then role = 'TRAIN';
MPRINT(EMADVISETABLE):   output;
MPRINT(EMADVISETABLE):   run;
NOTE: PROCEDURE DISPLAY used (Total process time):
      real time           0.39 seconds
      cpu time            0.14 seconds
      

MPRINT(EMADVISETABLE):   
MPRINT(EM_DIAGRAM):  ;

21366      data EMWS1.Ids2_EMCMETADEFAULT;
MPRINT(EM_DIAGRAM):    data EMWS1.Ids2_EMCMETADEFAULT;
21367      set EMWS1.Ids2_EMCMETADEFAULT;
MPRINT(EM_DIAGRAM):   set EMWS1.Ids2_EMCMETADEFAULT;
21368      label DROP = "%sysfunc(sasmsg(sashelp.dmine, meta_drop_vlabel, NOQUOTE))";
MPRINT(EM_DIAGRAM):   label DROP = "Drop";
21369      if DROP='' then DROP='N';
MPRINT(EM_DIAGRAM):   if DROP='' then DROP='N';
21370      if type='C' and level='INTERVAL' then level='NOMINAL';
MPRINT(EM_DIAGRAM):   if type='C' and level='INTERVAL' then level='NOMINAL';
21371      if type='C' and role='FREQ' then role='INPUT';
MPRINT(EM_DIAGRAM):   if type='C' and role='FREQ' then role='INPUT';
21372      run;
MPRINT(EM_DIAGRAM):   run;

NOTE: There were 13 observations read from the data set EMWS1.IDS2_EMCMETADEFAULT.
NOTE: The data set EMWS1.IDS2_EMCMETADEFAULT has 13 observations and 21 variables.
NOTE: DATA statement used (Total process time):
      real time           0.13 seconds
      cpu time            0.03 seconds
      

21373      proc sort data=EMWS1.Ids2_EMCMETADEFAULT;
MPRINT(EM_DIAGRAM):    proc sort data=EMWS1.Ids2_EMCMETADEFAULT;
21374      by NAME;
MPRINT(EM_DIAGRAM):   by NAME;
21375      run;
MPRINT(EM_DIAGRAM):   run;

NOTE: There were 13 observations read from the data set EMWS1.IDS2_EMCMETADEFAULT.
NOTE: The data set EMWS1.IDS2_EMCMETADEFAULT has 13 observations and 21 variables.
NOTE: PROCEDURE SORT used (Total process time):
      real time           0.12 seconds
      cpu time            0.03 seconds
      

21376      proc sort data=EMWS1.Ids2_VariableSet;
MPRINT(EM_DIAGRAM):   proc sort data=EMWS1.Ids2_VariableSet;
21377      by NAME;
MPRINT(EM_DIAGRAM):   by NAME;
21378      run;
MPRINT(EM_DIAGRAM):   run;

NOTE: There were 13 observations read from the data set EMWS1.IDS2_VARIABLESET.
NOTE: The data set EMWS1.IDS2_VARIABLESET has 13 observations and 21 variables.
NOTE: PROCEDURE SORT used (Total process time):
      real time           0.12 seconds
      cpu time            0.01 seconds
      

21379      data EMWS1.Ids2_VariableSet;
MPRINT(EM_DIAGRAM):   data EMWS1.Ids2_VariableSet;
21380      merge EMWS1.Ids2_EMCMETADEFAULT(in=_a) EMWS1.Ids2_VariableSet(keep=NAME ROLE LEVEL ORDER DROP TYPE LOWERLIMIT UPPERLIMIT rename=(TYPE=OLDTYPE) in=_b);
MPRINT(EM_DIAGRAM):   merge EMWS1.Ids2_EMCMETADEFAULT(in=_a) EMWS1.Ids2_VariableSet(keep=NAME ROLE LEVEL ORDER DROP TYPE LOWERLIMIT UPPERLIMIT rename=(TYPE=OLDTYPE) in=_b);
21381      by NAME;
MPRINT(EM_DIAGRAM):   by NAME;
21382      if ^_a and _b then delete;
MPRINT(EM_DIAGRAM):   if ^_a and _b then delete;
21383      if type='C' and level='INTERVAL' then level='NOMINAL';
MPRINT(EM_DIAGRAM):   if type='C' and level='INTERVAL' then level='NOMINAL';
21384      if type='C' and role='FREQ' then role='INPUT';
MPRINT(EM_DIAGRAM):   if type='C' and role='FREQ' then role='INPUT';
21385      if (type ne oldtype) and (_a and _b) then do;
MPRINT(EM_DIAGRAM):   if (type ne oldtype) and (_a and _b) then do;
21386      if type ='N' then level='INTERVAL';
MPRINT(EM_DIAGRAM):   if type ='N' then level='INTERVAL';
21387      end;
MPRINT(EM_DIAGRAM):   end;
21388      drop oldtype;
MPRINT(EM_DIAGRAM):   drop oldtype;
21389      run;
MPRINT(EM_DIAGRAM):   run;

NOTE: There were 13 observations read from the data set EMWS1.IDS2_EMCMETADEFAULT.
NOTE: There were 13 observations read from the data set EMWS1.IDS2_VARIABLESET.
NOTE: The data set EMWS1.IDS2_VARIABLESET has 13 observations and 21 variables.
NOTE: DATA statement used (Total process time):
      real time           0.15 seconds
      cpu time            0.03 seconds
      

21390      data EMWS1.Ids2_CMeta_DATA;
MPRINT(EM_DIAGRAM):    data EMWS1.Ids2_CMeta_DATA;
21391      set WORK.M3677ZJM;
MPRINT(EM_DIAGRAM):   set WORK.M3677ZJM;
21392      drop DROP;
MPRINT(EM_DIAGRAM):   drop DROP;
21393      where DROP='N';
MPRINT(EM_DIAGRAM):   where DROP='N';
21394      run;
MPRINT(EM_DIAGRAM):   run;

NOTE: There were 13 observations read from the data set WORK.M3677ZJM.
      WHERE DROP='N';
NOTE: The data set EMWS1.IDS2_CMETA_DATA has 13 observations and 20 variables.
NOTE: DATA statement used (Total process time):
      real time           0.11 seconds
      cpu time            0.01 seconds
      

*------------------------------------------------------------* 
Ids2: Using "SAMPSIO.DMAHMEQ" data source 
*------------------------------------------------------------* 
NOTE: Argument three to KSUBSTR exceeds the length of the input string, the function has recalculated the length of the string.
21395      *------------------------------------------------------------*;
MPRINT(EM_DIAGRAM):    *------------------------------------------------------------*;
21396      * Ids2: Creating DATA data;
MPRINT(EM_DIAGRAM):   * Ids2: Creating DATA data;
21397      *------------------------------------------------------------*;
MPRINT(EM_DIAGRAM):   *------------------------------------------------------------*;
21398      data EMWS1.Ids2_DATA (label="All: Home-Equity Loan Scoring Data")
21399      / view=EMWS1.Ids2_DATA
21400      ;
MPRINT(EM_DIAGRAM):   data EMWS1.Ids2_DATA (label="All: Home-Equity Loan Scoring Data") / view=EMWS1.Ids2_DATA ;
21401      set SAMPSIO.DMAHMEQ;
MPRINT(EM_DIAGRAM):   set SAMPSIO.DMAHMEQ;
21402      run;
MPRINT(EM_DIAGRAM):   run;

NOTE: DATA STEP view saved on file EMWS1.IDS2_DATA.
NOTE: A stored DATA STEP view cannot run under a different operating system.
NOTE: DATA statement used (Total process time):
      real time           0.07 seconds
      cpu time            0.01 seconds
      

21403      data WORK.IDSOUTPUT;
MPRINT(EM_DIAGRAM):    data WORK.IDSOUTPUT;
21404      length ATTRIBUTE $20 LABEL $50 VALUE $50;
MPRINT(EM_DIAGRAM):   length ATTRIBUTE $20 LABEL $50 VALUE $50;
21405      label LABEL= "%sysfunc(sasmsg(sashelp.dmine, rpt_attribute_vlabel,   NOQUOTE))";
MPRINT(EM_DIAGRAM):   label LABEL= "Attribute";
21406      label VALUE= "%sysfunc(sasmsg(sashelp.dmine, rpt_value_vlabel,       NOQUOTE))";
MPRINT(EM_DIAGRAM):   label VALUE= "Value";
21407      ATTRIBUTE = 'OUTPUT';
MPRINT(EM_DIAGRAM):   ATTRIBUTE = 'OUTPUT';
21408      LABEL = "%sysfunc(sasmsg(sashelp.dmine, rpt_labeloutput_value , NOQUOTE))";
MPRINT(EM_DIAGRAM):   LABEL = "Output Table";
21409      VALUE = "EMWS1.Ids2_DATA";
MPRINT(EM_DIAGRAM):   VALUE = "EMWS1.Ids2_DATA";
21410      output;
MPRINT(EM_DIAGRAM):   output;
21411      ATTRIBUTE = 'OUTPUTTYPE';
MPRINT(EM_DIAGRAM):   ATTRIBUTE = 'OUTPUTTYPE';
21412      LABEL = "%sysfunc(sasmsg(sashelp.dmine, rpt_labeloutputtype_value, NOQUOTE))";
MPRINT(EM_DIAGRAM):   LABEL = "Output Type";
21413      VALUE = "View";
MPRINT(EM_DIAGRAM):   VALUE = "View";
21414      output;
MPRINT(EM_DIAGRAM):   output;
21415      ATTRIBUTE = 'DROPVARS';
MPRINT(EM_DIAGRAM):   ATTRIBUTE = 'DROPVARS';
21416      LABEL = "%sysfunc(sasmsg(sashelp.dmine, rpt_labeldropvars_value, NOQUOTE))";
MPRINT(EM_DIAGRAM):   LABEL = "Dropped Variables";
21417      VALUE = "0";
MPRINT(EM_DIAGRAM):   VALUE = "0";
21418      output;
MPRINT(EM_DIAGRAM):   output;
21419      ATTRIBUTE = 'ROLE';
MPRINT(EM_DIAGRAM):   ATTRIBUTE = 'ROLE';
21420      LABEL = "%sysfunc(sasmsg(sashelp.dmine, rpt_labelrole_value , NOQUOTE))";
MPRINT(EM_DIAGRAM):   LABEL = "Data Mining Role";
21421      VALUE = "Score";
MPRINT(EM_DIAGRAM):   VALUE = "Score";
21422      output;
MPRINT(EM_DIAGRAM):   output;
21423      run;
MPRINT(EM_DIAGRAM):   run;

NOTE: The data set WORK.IDSOUTPUT has 4 observations and 3 variables.
NOTE: DATA statement used (Total process time):
      real time           0.03 seconds
      cpu time            0.03 seconds
      

21424      proc print data=WORK.IDSOUTPUT noobs label;
MPRINT(EM_DIAGRAM):   proc print data=WORK.IDSOUTPUT noobs label;
21425      var label value;
MPRINT(EM_DIAGRAM):   var label value;
21426      title9 ' ';
MPRINT(EM_DIAGRAM):   title9 ' ';
21427      title10 "%sysfunc(sasmsg(sashelp.dmine, rpt_outTableAttr_title, NOQUOTE))";
MPRINT(EM_DIAGRAM):   title10 "Output Table Attributes";
MPRINT(EM_DIAGRAM):   run;
21428      run;

NOTE: There were 4 observations read from the data set WORK.IDSOUTPUT.
NOTE: The PROCEDURE PRINT printed page 2.
NOTE: PROCEDURE PRINT used (Total process time):
      real time           0.00 seconds
      cpu time            0.00 seconds
      

21429      title10;
MPRINT(EM_DIAGRAM):   title10;
21430      proc contents noprint data=SAMPSIO.DMAHMEQ out=WORK.IDSCONTENT(drop=NAME TYPE LENGTH VARNUM LABEL FORMAT FORMATL FORMATD INFORMAT INFORML INFORMD JUST NPOS);
MPRINT(EM_DIAGRAM):    proc contents noprint data=SAMPSIO.DMAHMEQ out=WORK.IDSCONTENT(drop=NAME TYPE LENGTH VARNUM LABEL FORMAT FORMATL FORMATD INFORMAT INFORML INFORMD JUST NPOS);
21431      run;
MPRINT(EM_DIAGRAM):   run;

NOTE: The data set WORK.IDSCONTENT has 13 observations and 28 variables.
NOTE: PROCEDURE CONTENTS used (Total process time):
      real time           0.03 seconds
      cpu time            0.03 seconds
      

21432      data WORK.IDSCONTENT;
MPRINT(EM_DIAGRAM):   data WORK.IDSCONTENT;
21433      set WORK.IDSCONTENT end=eof;
MPRINT(EM_DIAGRAM):   set WORK.IDSCONTENT end=eof;
21434      if eof then do;
MPRINT(EM_DIAGRAM):   if eof then do;
21435      NVARS = _n_;
MPRINT(EM_DIAGRAM):   NVARS = _n_;
21436      output;
MPRINT(EM_DIAGRAM):   output;
21437      end;
MPRINT(EM_DIAGRAM):   end;
21438      run;
MPRINT(EM_DIAGRAM):   run;

NOTE: There were 13 observations read from the data set WORK.IDSCONTENT.
NOTE: The data set WORK.IDSCONTENT has 1 observations and 29 variables.
NOTE: DATA statement used (Total process time):
      real time           0.01 seconds
      cpu time            0.01 seconds
      

21439      data WORK.IDSOUTPUT(keep=ATTRIBUTE LABEL VALUE);
MPRINT(EM_DIAGRAM):   data WORK.IDSOUTPUT(keep=ATTRIBUTE LABEL VALUE);
21440      length ATTRIBUTE $20 LABEL $50 VALUE $80;
MPRINT(EM_DIAGRAM):   length ATTRIBUTE $20 LABEL $50 VALUE $80;
21441      label LABEL= "%sysfunc(sasmsg(sashelp.dmine, rpt_attribute_vlabel,   NOQUOTE))";
MPRINT(EM_DIAGRAM):   label LABEL= "Attribute";
21442      label VALUE= "%sysfunc(sasmsg(sashelp.dmine, rpt_value_vlabel,       NOQUOTE))";
MPRINT(EM_DIAGRAM):   label VALUE= "Value";
21443      ;
MPRINT(EM_DIAGRAM):   ;
21444      dsid = open("WORK.IDSCONTENT");
MPRINT(EM_DIAGRAM):   dsid = open("WORK.IDSCONTENT");
21445      rc = fetch(dsid);
MPRINT(EM_DIAGRAM):   rc = fetch(dsid);
21446      nvars = attrn(dsid, 'NVARS');
MPRINT(EM_DIAGRAM):   nvars = attrn(dsid, 'NVARS');
21447      nobs = attrn(dsid, 'NOBS');
MPRINT(EM_DIAGRAM):   nobs = attrn(dsid, 'NOBS');
21448      ATTRIBUTE = 'DATASOURCE';
MPRINT(EM_DIAGRAM):   ATTRIBUTE = 'DATASOURCE';
21449      LABEL = "%sysfunc(sasmsg(sashelp.dmine, meta_datasource_vlabel, NOQUOTE))";
MPRINT(EM_DIAGRAM):   LABEL = "Data Source";
21450      VALUE="allhomeequityloanscoringdata";
MPRINT(EM_DIAGRAM):   VALUE="allhomeequityloanscoringdata";
21451      output;
MPRINT(EM_DIAGRAM):   output;
21452      ATTRIBUTE = '';
MPRINT(EM_DIAGRAM):   ATTRIBUTE = '';
21453      LABEL = '';
MPRINT(EM_DIAGRAM):   LABEL = '';
21454      VALUE='';
MPRINT(EM_DIAGRAM):   VALUE='';
21455      output;
MPRINT(EM_DIAGRAM):   output;
21456      do i=1 to nvars;
MPRINT(EM_DIAGRAM):   do i=1 to nvars;
21457      ATTRIBUTE = varname(dsid, i);
MPRINT(EM_DIAGRAM):   ATTRIBUTE = varname(dsid, i);
21458      LABEL = varlabel(dsid, i);
MPRINT(EM_DIAGRAM):   LABEL = varlabel(dsid, i);
21459      if vartype(dsid,i)='C' then do;
MPRINT(EM_DIAGRAM):   if vartype(dsid,i)='C' then do;
21460      VALUE = getvarc(dsid, i);
MPRINT(EM_DIAGRAM):   VALUE = getvarc(dsid, i);
21461      end;
MPRINT(EM_DIAGRAM):   end;
21462      else do;
MPRINT(EM_DIAGRAM):   else do;
21463      NVALUE = getvarn(dsid, i);
MPRINT(EM_DIAGRAM):   NVALUE = getvarn(dsid, i);
21464      if ATTRIBUTE in('CRDATE', 'MODATE') then VALUE = left(put(NVALUE, NLDATM20.));
MPRINT(EM_DIAGRAM):   if ATTRIBUTE in('CRDATE', 'MODATE') then VALUE = left(put(NVALUE, NLDATM20.));
21465      else VALUE = left(put(NVALUE, BEST12.));
MPRINT(EM_DIAGRAM):   else VALUE = left(put(NVALUE, BEST12.));
21466      end;
MPRINT(EM_DIAGRAM):   end;
21467      if ATTRIBUTE = 'NVARS' then do;
MPRINT(EM_DIAGRAM):   if ATTRIBUTE = 'NVARS' then do;
21468      LABEL = "%sysfunc(sasmsg(sashelp.dmine, rpt_labelvariables_value, NOQUOTE))";
MPRINT(EM_DIAGRAM):   LABEL = "Variables";
21469      end;
MPRINT(EM_DIAGRAM):   end;
21470      output;
MPRINT(EM_DIAGRAM):   output;
21471      end;
MPRINT(EM_DIAGRAM):   end;
21472      dsid=close(dsid);
MPRINT(EM_DIAGRAM):   dsid=close(dsid);
21473      run;
MPRINT(EM_DIAGRAM):   run;

NOTE: The data set WORK.IDSOUTPUT has 31 observations and 3 variables.
NOTE: DATA statement used (Total process time):
      real time           0.03 seconds
      cpu time            0.03 seconds
      

21474      proc print data=WORK.IDSOUTPUT noobs label;
MPRINT(EM_DIAGRAM):   proc print data=WORK.IDSOUTPUT noobs label;
21475      var label value;
MPRINT(EM_DIAGRAM):   var label value;
21476      title9 ' ';
MPRINT(EM_DIAGRAM):   title9 ' ';
21477      title10 "%sysfunc(sasmsg(sashelp.dmine, rpt_inTableAttr_title, NOQUOTE))";
MPRINT(EM_DIAGRAM):   title10 "Input Table Attributes";
MPRINT(EM_DIAGRAM):   run;
21478      run;

NOTE: There were 31 observations read from the data set WORK.IDSOUTPUT.
NOTE: The PROCEDURE PRINT printed page 3.
NOTE: PROCEDURE PRINT used (Total process time):
      real time           0.00 seconds
      cpu time            0.00 seconds
      

MPRINT(EM_DIAGRAM):    proc printto;
MPRINT(EM_DIAGRAM):   run;
