 
                                                                                                                                                                                                                                                                
 
Variable Importance

                                                                               Ratio of
                     Number of                                               Validation
Variable             Splitting                            Validation        to Training
  Name      Label      Rules           Importance         Importance         Importance

DEBTINC                  1                 1.0000             1.0000             1.0000
DELINQ                   3                 0.3426             0.3750             1.0947
CLAGE                    2                 0.3144             0.1997             0.6352
VALUE                    1                 0.2746             0.1950             0.7101
NINQ                     1                 0.1230             0.0000             0.0000
DEROG                    1                 0.1147             0.1218             1.0625
 
                                                                                                                                                                                                                                                                
 
Tree Leaf Report

                                 Training
Node               Training       Percent     Validation     Validation
 Id     Depth    Observations        1       Observations     Percent 1

  8       3          1840          0.06          1342           0.06   
 10       3           197          0.72           151           0.60   
 11       3           142          0.35           121           0.35   
 21       4            72          0.97            59           0.95   
 38       6            65          0.91            61           0.85   
 28       5            31          0.55            32           0.72   
  5       2            16          0.88            10           0.70   
  9       3             7          1.00             2           1.00   
 13       3             6          0.17             4           0.50   
 39       6             6          0.33             6           0.33   
 
                                                                                               
 
 
Fit Statistics

Target=BAD Target Label=' '

   Fit
Statistics    Statistics Label                Train    Validation       Test

  _NOBS_      Sum of Frequencies            2382.00      1788.00     1790.00
  _MISC_      Misclassification Rate           0.10         0.12        0.12
  _MAX_       Maximum Absolute Error           0.97         0.97        0.97
  _SSE_       Sum of Squared Errors          396.79       328.14      341.03
  _ASE_       Average Squared Error            0.08         0.09        0.10
  _RASE_      Root Average Squared Error       0.29         0.30        0.31
  _DIV_       Divisor for ASE               4764.00      3576.00     3580.00
  _DFT_       Total Degrees of Freedom      2382.00          .           .  
 
                                                                                               
 
 
Classification Table

Data Role=TRAIN Target Variable=BAD Target Label=' '

                       Target        Outcome     Frequency       Total
Target    Outcome    Percentage    Percentage      Count      Percentage

  0          0         91.6249       95.8049        1827        76.7003 
  1          0          8.3751       35.1579         167         7.0109 
  0          1         20.6186        4.1951          80         3.3585 
  1          1         79.3814       64.8421         308        12.9303 


Data Role=VALIDATE Target Variable=BAD Target Label=' '

                       Target        Outcome     Frequency       Total
Target    Outcome    Percentage    Percentage      Count      Percentage

  0          0         91.4460       94.1300        1347        75.3356 
  1          0          8.5540       35.2941         126         7.0470 
  0          1         26.6667        5.8700          84         4.6980 
  1          1         73.3333       64.7059         231        12.9195 
 
                                                                                               
 
 
Event Classification Table

Data Role=TRAIN Target=BAD Target Label=' '

  False       True        False       True
Negative    Negative    Positive    Positive

   167        1827         80          308  


Data Role=VALIDATE Target=BAD Target Label=' '

  False       True        False       True
Negative    Negative    Positive    Positive

   126        1347         84          231  
 
                                                                                               
 
 
Assessment Score Rankings

Data Role=TRAIN Target Variable=BAD Target Label=' '

                                                                                    Mean
                            Cumulative       %      Cumulative     Number of     Posterior
Depth      Gain     Lift       Lift      Response   % Response   Observations   Probability

   5    377.300   4.77300     4.77300     95.1795     95.1795         120         0.95179  
  10    333.372   3.89075     4.33372     77.5864     86.4197         119         0.77586  
  15    308.391   3.58218     4.08391     71.4330     81.4381         119         0.71433  
  20    256.749   2.01389     3.56749     40.1594     71.1400         119         0.40159  
  25    206.560   1.05384     3.06560     21.0148     61.1318         119         0.21015  
  30    160.709   0.31070     2.60709      6.1957     51.9886         119         0.06196  
  35    127.943   0.31070     2.27943      6.1957     45.4546         119         0.06196  
  40    103.359   0.31070     2.03359      6.1957     40.5524         119         0.06196  
  45     84.234   0.31070     1.84234      6.1957     36.7385         119         0.06196  
  50     68.930   0.31070     1.68930      6.1957     33.6868         119         0.06196  
  55     56.312   0.31070     1.56312      6.1957     31.1704         120         0.06196  
  60     45.889   0.31070     1.45889      6.1957     29.0921         119         0.06196  
  65     37.068   0.31070     1.37068      6.1957     27.3331         119         0.06196  
  70     29.506   0.31070     1.29506      6.1957     25.8251         119         0.06196  
  75     22.951   0.31070     1.22951      6.1957     24.5180         119         0.06196  
  80     17.215   0.31070     1.17215      6.1957     23.3740         119         0.06196  
  85     12.152   0.31070     1.12152      6.1957     22.3645         119         0.06196  
  90      7.652   0.31070     1.07652      6.1957     21.4671         119         0.06196  
  95      3.625   0.31070     1.03625      6.1957     20.6640         119         0.06196  
 100      0.000   0.31070     1.00000      6.1957     19.9412         119         0.06196  


Data Role=VALIDATE Target Variable=BAD Target Label=' '

                                                                                    Mean
                            Cumulative       %      Cumulative     Number of     Posterior
Depth      Gain     Lift       Lift      Response   % Response   Observations   Probability

   5    360.335   4.60335     4.60335     91.9126     91.9126         90          0.95205  
  10    306.617   3.52294     4.06617     70.3407     81.1869         89          0.80265  
  15    271.558   3.01831     3.71558     60.2649     74.1870         90          0.71574  
  20    244.049   2.60902     3.44049     52.0929     68.6943         89          0.47988  
  25    210.431   1.75204     3.10431     34.9820     61.9820         89          0.33925  
  30    163.407   0.29856     2.63407      5.9613     52.5931         90          0.06196  
  35    130.203   0.29856     2.30203      5.9613     45.9633         89          0.06196  
  40    105.020   0.29856     2.05020      5.9613     40.9351         90          0.06196  
  45     85.654   0.29856     1.85654      5.9613     37.0684         89          0.06196  
  50     70.144   0.29856     1.70144      5.9613     33.9716         89          0.06196  
  55     57.312   0.29856     1.57312      5.9613     31.4097         90          0.06196  
  60     46.741   0.29856     1.46741      5.9613     29.2989         89          0.06196  
  65     37.695   0.29856     1.37695      5.9613     27.4929         90          0.06196  
  70     30.030   0.29856     1.30030      5.9613     25.9623         89          0.06196  
  75     23.381   0.29856     1.23381      5.9613     24.6348         89          0.06196  
  80     17.499   0.29856     1.17499      5.9613     23.4604         90          0.06196  
  85     12.367   0.29856     1.12367      5.9613     22.4358         89          0.06196  
  90      7.755   0.29856     1.07755      5.9613     21.5148         90          0.06196  
  95      3.674   0.29856     1.03674      5.9613     20.7001         89          0.06196  
 100      0.000   0.29856     1.00000      5.9613     19.9664         89          0.06196  
 
                                                                                               
 
 
Assessment Score Distribution

Data Role=TRAIN Target Variable=BAD Target Label=' '

 Posterior     Number                     Mean
Probability      of      Number of     Posterior
   Range       Events    Nonevents    Probability    Percentage

 0.95-1.00        77           2        0.97468         3.3165 
 0.90-0.95        59           6        0.90769         2.7288 
 0.85-0.90        14           2        0.87500         0.6717 
 0.70-0.75       141          56        0.71574         8.2704 
 0.50-0.55        17          14        0.54839         1.3014 
 0.35-0.40        50          92        0.35211         5.9614 
 0.30-0.35         2           4        0.33333         0.2519 
 0.15-0.20         1           5        0.16667         0.2519 
 0.05-0.10       114        1726        0.06196        77.2460 


Data Role=VALIDATE Target Variable=BAD Target Label=' '

 Posterior     Number                     Mean
Probability      of      Number of     Posterior
   Range       Events    Nonevents    Probability    Percentage

 0.95-1.00       58            3        0.97313         3.4116 
 0.90-0.95       52            9        0.90769         3.4116 
 0.85-0.90        7            3        0.87500         0.5593 
 0.70-0.75       91           60        0.71574         8.4452 
 0.50-0.55       23            9        0.54839         1.7897 
 0.35-0.40       42           79        0.35211         6.7673 
 0.30-0.35        2            4        0.33333         0.3356 
 0.15-0.20        2            2        0.16667         0.2237 
 0.05-0.10       80         1262        0.06196        75.0559 
