 
                                                                                               
 
 
Fit Statistics

Target=BAD Target Label=' '

   Fit
Statistics    Statistics Label                    Train    Validation       Test

 _AIC_        Akaike's Information Criterion    1399.37          .           .  
 _ASE_        Average Squared Error                0.08         0.09        0.09
 _AVERR_      Average Error Function               0.28         0.29        0.29
 _DFE_        Degrees of Freedom for Error      2345.00          .           .  
 _DFM_        Model Degrees of Freedom            37.00          .           .  
 _DFT_        Total Degrees of Freedom          2382.00          .           .  
 _DIV_        Divisor for ASE                   4764.00      3576.00     3580.00
 _ERR_        Error Function                    1325.37      1044.96     1052.47
 _FPE_        Final Prediction Error               0.09          .           .  
 _MAX_        Maximum Absolute Error               0.99         0.98        0.99
 _MSE_        Mean Square Error                    0.09         0.09        0.09
 _NOBS_       Sum of Frequencies                2382.00      1788.00     1790.00
 _NW_         Number of Estimate Weights          37.00          .           .  
 _RASE_       Root Average Sum of Squares          0.29         0.30        0.30
 _RFPE_       Root Final Prediction Error          0.29          .           .  
 _RMSE_       Root Mean Squared Error              0.29         0.30        0.30
 _SBC_        Schwarz's Bayesian Criterion      1613.07          .           .  
 _SSE_        Sum of Squared Errors              400.81       313.92      314.11
 _SUMW_       Sum of Case Weights Times Freq    4764.00      3576.00     3580.00
 _MISC_       Misclassification Rate               0.11         0.12        0.11
 
                                                                                               
 
 
Classification Table

Data Role=TRAIN Target Variable=BAD Target Label=' '

                       Target        Outcome     Frequency       Total
Target    Outcome    Percentage    Percentage      Count      Percentage

  0          0         90.7196       95.8574        1828        76.7422 
  1          0          9.2804       39.3684         187         7.8505 
  0          1         21.5259        4.1426          79         3.3165 
  1          1         78.4741       60.6316         288        12.0907 


Data Role=VALIDATE Target Variable=BAD Target Label=' '

                       Target        Outcome     Frequency       Total
Target    Outcome    Percentage    Percentage      Count      Percentage

  0          0         91.2103       94.2697        1349        75.4474 
  1          0          8.7897       36.4146         130         7.2707 
  0          1         26.5372        5.7303          82         4.5861 
  1          1         73.4628       63.5854         227        12.6957 
 
                                                                                               
 
 
Event Classification Table

Data Role=TRAIN Target=BAD Target Label=' '

  False       True        False       True
Negative    Negative    Positive    Positive

   187        1828         79          288  


Data Role=VALIDATE Target=BAD Target Label=' '

  False       True        False       True
Negative    Negative    Positive    Positive

   130        1349         82          227  
 
                                                                                               
 
 
Assessment Score Rankings

Data Role=TRAIN Target Variable=BAD Target Label=' '

                                                                                    Mean
                            Cumulative       %      Cumulative     Number of     Posterior
Depth      Gain     Lift       Lift      Response   % Response   Observations   Probability

   5    376.400   4.76400     4.76400     95.0000     95.0000         120         0.95508  
  10    338.527   4.00336     4.38527     79.8319     87.4477         119         0.79620  
  15    296.416   3.11841     3.96416     62.1849     79.0503         119         0.61911  
  20    247.983   2.02275     3.47983     40.3361     69.3920         119         0.42588  
  25    207.111   1.43278     3.07111     28.5714     61.2416         119         0.30377  
  30    174.934   1.13780     2.74934     22.6891     54.8252         119         0.21455  
  35    151.939   1.13780     2.51939     22.6891     50.2398         119         0.14779  
  40    125.216   0.37927     2.25216      7.5630     44.9108         119         0.11047  
  45    103.958   0.33713     2.03958      6.7227     40.6716         119         0.09027  
  50     89.474   0.58997     1.89474     11.7647     37.7834         119         0.07017  
  55     73.661   0.16716     1.73661      3.3333     34.6301         120         0.05574  
  60     59.910   0.08428     1.59910      1.6807     31.8881         119         0.04576  
  65     49.892   0.29498     1.49892      5.8824     29.8903         119         0.03731  
  70     41.303   0.29498     1.41303      5.8824     28.1775         119         0.02936  
  75     33.015   0.16856     1.33015      3.3613     26.5249         119         0.02293  
  80     24.974   0.04214     1.24974      0.8403     24.9213         119         0.01928  
  85     17.630   0.00000     1.17630      0.0000     23.4568         119         0.01536  
  90     11.101   0.00000     1.11101      0.0000     22.1549         119         0.01181  
  95      5.259   0.00000     1.05259      0.0000     20.9898         119         0.00841  
 100      0.000   0.00000     1.00000      0.0000     19.9412         119         0.00385  


Data Role=VALIDATE Target Variable=BAD Target Label=' '

                                                                                    Mean
                            Cumulative       %      Cumulative     Number of     Posterior
Depth      Gain     Lift       Lift      Response   % Response   Observations   Probability

   5    356.321   4.56321     4.56321     91.1111     91.1111         90          0.96270  
  10    342.083   4.27684     4.42083     85.3933     88.2682         89          0.83674  
  15    292.852   2.94939     3.92852     58.8889     78.4387         90          0.65644  
  20    245.552   2.02587     3.45552     40.4494     68.9944         89          0.48849  
  25    202.521   1.29431     3.02521     25.8427     60.4027         89          0.34351  
  30    171.405   1.16863     2.71405     23.3333     54.1899         90          0.24548  
  35    146.420   0.95666     2.46420     19.1011     49.2013         89          0.16852  
  40    119.642   0.33389     2.19642      6.6667     43.8547         90          0.11611  
  45     99.092   0.33765     1.99092      6.7416     39.7516         89          0.09279  
  50     82.073   0.28137     1.82073      5.6180     36.3535         89          0.07159  
  55     70.510   0.55649     1.70510     11.1111     34.0447         90          0.05896  
  60     59.167   0.33765     1.59167      6.7416     31.7801         89          0.04990  
  65     48.573   0.22260     1.48573      4.4444     29.6647         90          0.04046  
  70     40.411   0.33765     1.40411      6.7416     28.0351         89          0.03297  
  75     31.839   0.11255     1.31839      2.2472     26.3236         89          0.02501  
  80     24.598   0.16695     1.24598      3.3333     24.8777         90          0.02009  
  85     17.632   0.05627     1.17632      1.1236     23.4868         89          0.01617  
  90     11.056   0.00000     1.11056      0.0000     22.1739         90          0.01242  
  95      5.238   0.00000     1.05238      0.0000     21.0124         89          0.00861  
 100      0.000   0.00000     1.00000      0.0000     19.9664         89          0.00366  
 
                                                                                               
 
 
Assessment Score Distribution

Data Role=TRAIN Target Variable=BAD Target Label=' '

 Posterior     Number                     Mean
Probability      of      Number of     Posterior
   Range       Events    Nonevents    Probability    Percentage

 0.95-1.00       71            2        0.98035         3.0647 
 0.90-0.95       34            1        0.92392         1.4694 
 0.85-0.90       29            3        0.87435         1.3434 
 0.80-0.85       24            9        0.82591         1.3854 
 0.75-0.80       34            8        0.77459         1.7632 
 0.70-0.75       22           13        0.72954         1.4694 
 0.65-0.70       25           10        0.67398         1.4694 
 0.60-0.65       19            7        0.62212         1.0915 
 0.55-0.60       14           13        0.57228         1.1335 
 0.50-0.55       16           13        0.52338         1.2175 
 0.45-0.50       12           16        0.47874         1.1755 
 0.40-0.45       13           26        0.42512         1.6373 
 0.35-0.40       22           29        0.37188         2.1411 
 0.30-0.35       17           45        0.32080         2.6029 
 0.25-0.30       14           44        0.27056         2.4349 
 0.20-0.25       15           52        0.22611         2.8128 
 0.15-0.20       21           79        0.17427         4.1982 
 0.10-0.15       26          143        0.11971         7.0949 
 0.05-0.10       26          361        0.07191        16.2469 
 0.00-0.05       21         1033        0.02109        44.2485 


Data Role=VALIDATE Target Variable=BAD Target Label=' '

 Posterior     Number                     Mean
Probability      of      Number of     Posterior
   Range       Events    Nonevents    Probability    Percentage

 0.95-1.00       56           4         0.97781         3.3557 
 0.90-0.95       35           5         0.92627         2.2371 
 0.85-0.90       26           3         0.87123         1.6219 
 0.80-0.85       23           2         0.82961         1.3982 
 0.75-0.80       18           7         0.77548         1.3982 
 0.70-0.75       16          11         0.72561         1.5101 
 0.65-0.70       12          10         0.67298         1.2304 
 0.60-0.65       12           8         0.62579         1.1186 
 0.55-0.60       18          14         0.57237         1.7897 
 0.50-0.55       11          18         0.52591         1.6219 
 0.45-0.50       12          12         0.48102         1.3423 
 0.40-0.45        6          14         0.42712         1.1186 
 0.35-0.40       11          31         0.37468         2.3490 
 0.30-0.35       12          37         0.32508         2.7405 
 0.25-0.30        9          32         0.27315         2.2931 
 0.20-0.25       12          36         0.22900         2.6846 
 0.15-0.20       16          56         0.17763         4.0268 
 0.10-0.15       10         115         0.11910         6.9911 
 0.05-0.10       22         281         0.06943        16.9463 
 0.00-0.05       20         735         0.02141        42.2260 
